{"D:\\commit\\vdate-backend\\src\\app.controller.ts": {"path":"D:\\commit\\vdate-backend\\src\\app.controller.ts","statementMap":{"0":{"start":{"line":1,"column":0},"end":{"line":1,"column":49}},"1":{"start":{"line":4,"column":7},"end":{"line":9,"column":null}},"2":{"start":{"line":7,"column":4},"end":{"line":7,"column":33}},"3":{"start":{"line":4,"column":13},"end":{"line":4,"column":26}},"4":{"start":{"line":6,"column":2},"end":{"line":8,"column":null}},"5":{"start":{"line":4,"column":13},"end":{"line":9,"column":null}}},"fnMap":{"0":{"name":"(anonymous_2)","decl":{"start":{"line":6,"column":2},"end":{"line":6,"column":10}},"loc":{"start":{"line":6,"column":10},"end":{"line":8,"column":3}}}},"branchMap":{},"s":{"0":0,"1":0,"2":0,"3":0,"4":0,"5":0},"f":{"0":0},"b":{}}
,"D:\\commit\\vdate-backend\\src\\app.module.ts": {"path":"D:\\commit\\vdate-backend\\src\\app.module.ts","statementMap":{"0":{"start":{"line":1,"column":0},"end":{"line":1,"column":null}},"1":{"start":{"line":7,"column":0},"end":{"line":7,"column":48}},"2":{"start":{"line":8,"column":0},"end":{"line":8,"column":48}},"3":{"start":{"line":9,"column":0},"end":{"line":9,"column":46}},"4":{"start":{"line":10,"column":0},"end":{"line":10,"column":56}},"5":{"start":{"line":11,"column":0},"end":{"line":11,"column":51}},"6":{"start":{"line":12,"column":0},"end":{"line":12,"column":57}},"7":{"start":{"line":13,"column":0},"end":{"line":13,"column":72}},"8":{"start":{"line":14,"column":0},"end":{"line":14,"column":57}},"9":{"start":{"line":15,"column":0},"end":{"line":15,"column":57}},"10":{"start":{"line":16,"column":0},"end":{"line":16,"column":51}},"11":{"start":{"line":17,"column":0},"end":{"line":17,"column":48}},"12":{"start":{"line":18,"column":0},"end":{"line":18,"column":51}},"13":{"start":{"line":19,"column":0},"end":{"line":19,"column":57}},"14":{"start":{"line":20,"column":0},"end":{"line":20,"column":57}},"15":{"start":{"line":21,"column":0},"end":{"line":21,"column":54}},"16":{"start":{"line":22,"column":0},"end":{"line":22,"column":60}},"17":{"start":{"line":23,"column":0},"end":{"line":23,"column":75}},"18":{"start":{"line":24,"column":0},"end":{"line":24,"column":60}},"19":{"start":{"line":25,"column":0},"end":{"line":25,"column":71}},"20":{"start":{"line":64,"column":7},"end":{"line":75,"column":null}},"21":{"start":{"line":66,"column":4},"end":{"line":73,"column":59}},"22":{"start":{"line":64,"column":13},"end":{"line":64,"column":22}},"23":{"start":{"line":64,"column":13},"end":{"line":75,"column":null}}},"fnMap":{"0":{"name":"(anonymous_1)","decl":{"start":{"line":65,"column":2},"end":{"line":65,"column":11}},"loc":{"start":{"line":65,"column":40},"end":{"line":74,"column":3}}}},"branchMap":{},"s":{"0":0,"1":0,"2":0,"3":0,"4":0,"5":0,"6":0,"7":0,"8":0,"9":0,"10":0,"11":0,"12":0,"13":0,"14":0,"15":0,"16":0,"17":0,"18":0,"19":0,"20":0,"21":0,"22":0,"23":0},"f":{"0":0},"b":{}}
,"D:\\commit\\vdate-backend\\src\\app.service.ts": {"path":"D:\\commit\\vdate-backend\\src\\app.service.ts","statementMap":{"0":{"start":{"line":1,"column":0},"end":{"line":1,"column":44}},"1":{"start":{"line":4,"column":7},"end":{"line":8,"column":null}},"2":{"start":{"line":6,"column":4},"end":{"line":6,"column":26}},"3":{"start":{"line":4,"column":13},"end":{"line":4,"column":23}},"4":{"start":{"line":4,"column":13},"end":{"line":8,"column":null}}},"fnMap":{"0":{"name":"(anonymous_1)","decl":{"start":{"line":5,"column":2},"end":{"line":5,"column":10}},"loc":{"start":{"line":5,"column":10},"end":{"line":7,"column":3}}}},"branchMap":{},"s":{"0":0,"1":0,"2":0,"3":0,"4":0},"f":{"0":0},"b":{}}
,"D:\\commit\\vdate-backend\\src\\data-source.ts": {"path":"D:\\commit\\vdate-backend\\src\\data-source.ts","statementMap":{"0":{"start":{"line":1,"column":0},"end":{"line":1,"column":37}},"1":{"start":{"line":2,"column":0},"end":{"line":2,"column":33}},"2":{"start":{"line":3,"column":0},"end":{"line":3,"column":16}},"3":{"start":{"line":5,"column":22},"end":{"line":17,"column":2}},"4":{"start":{"line":19,"column":0},"end":{"line":19,"column":29}}},"fnMap":{},"branchMap":{"0":{"loc":{"start":{"line":7,"column":8},"end":{"line":7,"column":42}},"type":"binary-expr","locations":[{"start":{"line":7,"column":8},"end":{"line":7,"column":27}},{"start":{"line":7,"column":31},"end":{"line":7,"column":42}}]},"1":{"loc":{"start":{"line":8,"column":15},"end":{"line":8,"column":42}},"type":"binary-expr","locations":[{"start":{"line":8,"column":15},"end":{"line":8,"column":34}},{"start":{"line":8,"column":38},"end":{"line":8,"column":42}}]},"2":{"loc":{"start":{"line":9,"column":12},"end":{"line":9,"column":45}},"type":"binary-expr","locations":[{"start":{"line":9,"column":12},"end":{"line":9,"column":31}},{"start":{"line":9,"column":35},"end":{"line":9,"column":45}}]},"3":{"loc":{"start":{"line":10,"column":12},"end":{"line":10,"column":50}},"type":"binary-expr","locations":[{"start":{"line":10,"column":12},"end":{"line":10,"column":31}},{"start":{"line":10,"column":35},"end":{"line":10,"column":50}}]},"4":{"loc":{"start":{"line":11,"column":12},"end":{"line":11,"column":47}},"type":"binary-expr","locations":[{"start":{"line":11,"column":12},"end":{"line":11,"column":31}},{"start":{"line":11,"column":35},"end":{"line":11,"column":47}}]}},"s":{"0":0,"1":0,"2":0,"3":0,"4":0},"f":{},"b":{"0":[0,0],"1":[0,0],"2":[0,0],"3":[0,0],"4":[0,0]}}
,"D:\\commit\\vdate-backend\\src\\main.ts": {"path":"D:\\commit\\vdate-backend\\src\\main.ts","statementMap":{"0":{"start":{"line":1,"column":0},"end":{"line":1,"column":43}},"1":{"start":{"line":3,"column":0},"end":{"line":3,"column":null}},"2":{"start":{"line":6,"column":0},"end":{"line":6,"column":null}},"3":{"start":{"line":9,"column":0},"end":{"line":9,"column":null}},"4":{"start":{"line":12,"column":0},"end":{"line":12,"column":16}},"5":{"start":{"line":17,"column":4},"end":{"line":18,"column":null}},"6":{"start":{"line":25,"column":2},"end":{"line":25,"column":29}},"7":{"start":{"line":31,"column":2},"end":{"line":40,"column":4}},"8":{"start":{"line":46,"column":2},"end":{"line":49,"column":3}},"9":{"start":{"line":56,"column":4},"end":{"line":56,"column":28}},"10":{"start":{"line":58,"column":2},"end":{"line":61,"column":4}},"11":{"start":{"line":63,"column":2},"end":{"line":65,"column":4}},"12":{"start":{"line":68,"column":0},"end":{"line":68,"column":17}}},"fnMap":{"0":{"name":"bootstrap","decl":{"start":{"line":14,"column":15},"end":{"line":14,"column":24}},"loc":{"start":{"line":14,"column":24},"end":{"line":66,"column":1}}}},"branchMap":{"0":{"loc":{"start":{"line":56,"column":4},"end":{"line":56,"column":28}},"type":"binary-expr","locations":[{"start":{"line":56,"column":4},"end":{"line":56,"column":20}},{"start":{"line":56,"column":24},"end":{"line":56,"column":28}}]}},"s":{"0":0,"1":0,"2":0,"3":0,"4":0,"5":0,"6":0,"7":0,"8":0,"9":0,"10":0,"11":0,"12":0},"f":{"0":0},"b":{"0":[0,0]}}
,"D:\\commit\\vdate-backend\\src\\auth\\auth.controller.ts": {"path":"D:\\commit\\vdate-backend\\src\\auth\\auth.controller.ts","statementMap":{"0":{"start":{"line":1,"column":0},"end":{"line":1,"column":56}},"1":{"start":{"line":3,"column":0},"end":{"line":3,"column":45}},"2":{"start":{"line":6,"column":7},"end":{"line":93,"column":null}},"3":{"start":{"line":7,"column":22},"end":{"line":7,"column":35}},"4":{"start":{"line":20,"column":4},"end":{"line":20,"column":48}},"5":{"start":{"line":35,"column":4},"end":{"line":35,"column":60}},"6":{"start":{"line":49,"column":4},"end":{"line":49,"column":54}},"7":{"start":{"line":63,"column":4},"end":{"line":63,"column":60}},"8":{"start":{"line":77,"column":4},"end":{"line":77,"column":60}},"9":{"start":{"line":91,"column":4},"end":{"line":91,"column":54}},"10":{"start":{"line":6,"column":13},"end":{"line":6,"column":27}},"11":{"start":{"line":14,"column":2},"end":{"line":21,"column":null}},"12":{"start":{"line":28,"column":8},"end":{"line":36,"column":null}},"13":{"start":{"line":43,"column":8},"end":{"line":50,"column":null}},"14":{"start":{"line":57,"column":8},"end":{"line":64,"column":null}},"15":{"start":{"line":71,"column":8},"end":{"line":78,"column":null}},"16":{"start":{"line":85,"column":8},"end":{"line":92,"column":null}},"17":{"start":{"line":6,"column":13},"end":{"line":93,"column":null}}},"fnMap":{"0":{"name":"(anonymous_4)","decl":{"start":{"line":7,"column":2},"end":{"line":7,"column":22}},"loc":{"start":{"line":7,"column":46},"end":{"line":7,"column":50}}},"1":{"name":"(anonymous_5)","decl":{"start":{"line":14,"column":2},"end":{"line":14,"column":9}},"loc":{"start":{"line":18,"column":5},"end":{"line":21,"column":3}}},"2":{"name":"(anonymous_6)","decl":{"start":{"line":28,"column":8},"end":{"line":28,"column":17}},"loc":{"start":{"line":33,"column":5},"end":{"line":36,"column":3}}},"3":{"name":"(anonymous_7)","decl":{"start":{"line":43,"column":8},"end":{"line":43,"column":19}},"loc":{"start":{"line":47,"column":5},"end":{"line":50,"column":3}}},"4":{"name":"(anonymous_8)","decl":{"start":{"line":57,"column":8},"end":{"line":57,"column":21}},"loc":{"start":{"line":61,"column":5},"end":{"line":64,"column":3}}},"5":{"name":"(anonymous_9)","decl":{"start":{"line":71,"column":8},"end":{"line":71,"column":20}},"loc":{"start":{"line":75,"column":5},"end":{"line":78,"column":3}}},"6":{"name":"(anonymous_10)","decl":{"start":{"line":85,"column":8},"end":{"line":85,"column":14}},"loc":{"start":{"line":89,"column":5},"end":{"line":92,"column":3}}}},"branchMap":{"0":{"loc":{"start":{"line":7,"column":35},"end":{"line":7,"column":49}},"type":"cond-expr","locations":[{"start":{"line":7,"column":46},"end":{"line":7,"column":49}},{"start":{"line":7,"column":46},"end":{"line":7,"column":49}}]},"1":{"loc":{"start":{"line":7,"column":35},"end":{"line":7,"column":46}},"type":"binary-expr","locations":[{"start":{"line":7,"column":35},"end":{"line":7,"column":49}},{"start":{"line":7,"column":35},"end":{"line":7,"column":46}}]}},"s":{"0":0,"1":0,"2":0,"3":0,"4":0,"5":0,"6":0,"7":0,"8":0,"9":0,"10":0,"11":0,"12":0,"13":0,"14":0,"15":0,"16":0,"17":0},"f":{"0":0,"1":0,"2":0,"3":0,"4":0,"5":0,"6":0},"b":{"0":[0,0],"1":[0,0]}}
,"D:\\commit\\vdate-backend\\src\\auth\\auth.middleware.ts": {"path":"D:\\commit\\vdate-backend\\src\\auth\\auth.middleware.ts","statementMap":{"0":{"start":{"line":1,"column":0},"end":{"line":1,"column":83}},"1":{"start":{"line":3,"column":0},"end":{"line":3,"column":41}},"2":{"start":{"line":7,"column":7},"end":{"line":45,"column":null}},"3":{"start":{"line":8,"column":32},"end":{"line":10,"column":4}},"4":{"start":{"line":13,"column":20},"end":{"line":13,"column":38}},"5":{"start":{"line":15,"column":7},"end":{"line":16,"column":50}},"6":{"start":{"line":18,"column":4},"end":{"line":20,"column":5}},"7":{"start":{"line":19,"column":6},"end":{"line":19,"column":70}},"8":{"start":{"line":22,"column":28},"end":{"line":22,"column":52}},"9":{"start":{"line":24,"column":4},"end":{"line":28,"column":5}},"10":{"start":{"line":25,"column":6},"end":{"line":27,"column":8}},"11":{"start":{"line":30,"column":4},"end":{"line":43,"column":5}},"12":{"start":{"line":31,"column":22},"end":{"line":33,"column":22}},"13":{"start":{"line":35,"column":6},"end":{"line":37,"column":7}},"14":{"start":{"line":36,"column":8},"end":{"line":36,"column":62}},"15":{"start":{"line":39,"column":6},"end":{"line":39,"column":29}},"16":{"start":{"line":40,"column":6},"end":{"line":40,"column":13}},"17":{"start":{"line":42,"column":6},"end":{"line":42,"column":73}},"18":{"start":{"line":7,"column":13},"end":{"line":7,"column":27}},"19":{"start":{"line":7,"column":13},"end":{"line":45,"column":null}}},"fnMap":{"0":{"name":"(anonymous_1)","decl":{"start":{"line":12,"column":2},"end":{"line":12,"column":5}},"loc":{"start":{"line":12,"column":54},"end":{"line":44,"column":3}}}},"branchMap":{"0":{"loc":{"start":{"line":9,"column":12},"end":{"line":9,"column":50}},"type":"binary-expr","locations":[{"start":{"line":9,"column":12},"end":{"line":9,"column":34}},{"start":{"line":9,"column":38},"end":{"line":9,"column":50}}]},"1":{"loc":{"start":{"line":15,"column":7},"end":{"line":16,"column":50}},"type":"binary-expr","locations":[{"start":{"line":15,"column":7},"end":{"line":15,"column":50}},{"start":{"line":16,"column":7},"end":{"line":16,"column":50}}]},"2":{"loc":{"start":{"line":18,"column":4},"end":{"line":20,"column":5}},"type":"if","locations":[{"start":{"line":18,"column":4},"end":{"line":20,"column":5}},{"start":{},"end":{}}]},"3":{"loc":{"start":{"line":24,"column":4},"end":{"line":28,"column":5}},"type":"if","locations":[{"start":{"line":24,"column":4},"end":{"line":28,"column":5}},{"start":{},"end":{}}]},"4":{"loc":{"start":{"line":24,"column":8},"end":{"line":24,"column":37}},"type":"binary-expr","locations":[{"start":{"line":24,"column":8},"end":{"line":24,"column":27}},{"start":{"line":24,"column":31},"end":{"line":24,"column":37}}]},"5":{"loc":{"start":{"line":32,"column":16},"end":{"line":32,"column":54}},"type":"binary-expr","locations":[{"start":{"line":32,"column":16},"end":{"line":32,"column":38}},{"start":{"line":32,"column":42},"end":{"line":32,"column":54}}]},"6":{"loc":{"start":{"line":35,"column":6},"end":{"line":37,"column":7}},"type":"if","locations":[{"start":{"line":35,"column":6},"end":{"line":37,"column":7}},{"start":{},"end":{}}]}},"s":{"0":0,"1":0,"2":0,"3":0,"4":0,"5":0,"6":0,"7":0,"8":0,"9":0,"10":0,"11":0,"12":0,"13":0,"14":0,"15":0,"16":0,"17":0,"18":0,"19":0},"f":{"0":0},"b":{"0":[0,0],"1":[0,0],"2":[0,0],"3":[0,0],"4":[0,0],"5":[0,0],"6":[0,0]}}
,"D:\\commit\\vdate-backend\\src\\auth\\auth.module.ts": {"path":"D:\\commit\\vdate-backend\\src\\auth\\auth.module.ts","statementMap":{"0":{"start":{"line":1,"column":0},"end":{"line":1,"column":40}},"1":{"start":{"line":2,"column":0},"end":{"line":2,"column":40}},"2":{"start":{"line":4,"column":0},"end":{"line":4,"column":51}},"3":{"start":{"line":5,"column":0},"end":{"line":5,"column":45}},"4":{"start":{"line":6,"column":0},"end":{"line":6,"column":49}},"5":{"start":{"line":7,"column":0},"end":{"line":7,"column":52}},"6":{"start":{"line":8,"column":0},"end":{"line":8,"column":48}},"7":{"start":{"line":10,"column":0},"end":{"line":10,"column":58}},"8":{"start":{"line":28,"column":7},"end":{"line":28,"column":null}},"9":{"start":{"line":28,"column":13},"end":{"line":28,"column":23}},"10":{"start":{"line":28,"column":13},"end":{"line":28,"column":null}}},"fnMap":{},"branchMap":{"0":{"loc":{"start":{"line":17,"column":14},"end":{"line":17,"column":52}},"type":"binary-expr","locations":[{"start":{"line":17,"column":14},"end":{"line":17,"column":36}},{"start":{"line":17,"column":40},"end":{"line":17,"column":52}}]}},"s":{"0":0,"1":0,"2":0,"3":0,"4":0,"5":0,"6":0,"7":0,"8":0,"9":0,"10":0},"f":{},"b":{"0":[0,0]}}
,"D:\\commit\\vdate-backend\\src\\auth\\auth.service.ts": {"path":"D:\\commit\\vdate-backend\\src\\auth\\auth.service.ts","statementMap":{"0":{"start":{"line":1,"column":0},"end":{"line":1,"column":67}},"1":{"start":{"line":3,"column":0},"end":{"line":3,"column":41}},"2":{"start":{"line":5,"column":0},"end":{"line":5,"column":51}},"3":{"start":{"line":7,"column":0},"end":{"line":7,"column":37}},"4":{"start":{"line":9,"column":0},"end":{"line":9,"column":51}},"5":{"start":{"line":11,"column":0},"end":{"line":11,"column":26}},"6":{"start":{"line":13,"column":0},"end":{"line":13,"column":49}},"7":{"start":{"line":15,"column":0},"end":{"line":15,"column":54}},"8":{"start":{"line":17,"column":0},"end":{"line":17,"column":58}},"9":{"start":{"line":20,"column":21},"end":{"line":20,"column":67}},"10":{"start":{"line":23,"column":7},"end":{"line":372,"column":null}},"11":{"start":{"line":26,"column":12},"end":{"line":26,"column":30}},"12":{"start":{"line":28,"column":12},"end":{"line":28,"column":27}},"13":{"start":{"line":30,"column":12},"end":{"line":30,"column":26}},"14":{"start":{"line":32,"column":12},"end":{"line":32,"column":24}},"15":{"start":{"line":48,"column":4},"end":{"line":52,"column":6}},"16":{"start":{"line":62,"column":4},"end":{"line":64,"column":5}},"17":{"start":{"line":63,"column":6},"end":{"line":63,"column":66}},"18":{"start":{"line":68,"column":19},"end":{"line":70,"column":6}},"19":{"start":{"line":80,"column":4},"end":{"line":82,"column":5}},"20":{"start":{"line":81,"column":6},"end":{"line":81,"column":53}},"21":{"start":{"line":86,"column":15},"end":{"line":86,"column":57}},"22":{"start":{"line":88,"column":20},"end":{"line":88,"column":25}},"23":{"start":{"line":92,"column":4},"end":{"line":98,"column":5}},"24":{"start":{"line":93,"column":6},"end":{"line":95,"column":9}},"25":{"start":{"line":97,"column":6},"end":{"line":97,"column":23}},"26":{"start":{"line":100,"column":4},"end":{"line":102,"column":5}},"27":{"start":{"line":101,"column":6},"end":{"line":101,"column":63}},"28":{"start":{"line":106,"column":42},"end":{"line":106,"column":81}},"29":{"start":{"line":110,"column":4},"end":{"line":113,"column":7}},"30":{"start":{"line":115,"column":4},"end":{"line":121,"column":6}},"31":{"start":{"line":131,"column":19},"end":{"line":134,"column":6}},"32":{"start":{"line":136,"column":20},"end":{"line":136,"column":39}},"33":{"start":{"line":138,"column":4},"end":{"line":140,"column":5}},"34":{"start":{"line":139,"column":6},"end":{"line":139,"column":62}},"35":{"start":{"line":142,"column":18},"end":{"line":142,"column":31}},"36":{"start":{"line":144,"column":4},"end":{"line":146,"column":5}},"37":{"start":{"line":145,"column":6},"end":{"line":145,"column":57}},"38":{"start":{"line":150,"column":15},"end":{"line":150,"column":57}},"39":{"start":{"line":152,"column":20},"end":{"line":152,"column":25}},"40":{"start":{"line":156,"column":4},"end":{"line":170,"column":5}},"41":{"start":{"line":157,"column":6},"end":{"line":162,"column":9}},"42":{"start":{"line":164,"column":6},"end":{"line":164,"column":23}},"43":{"start":{"line":165,"column":11},"end":{"line":170,"column":5}},"44":{"start":{"line":166,"column":6},"end":{"line":168,"column":9}},"45":{"start":{"line":169,"column":6},"end":{"line":169,"column":55}},"46":{"start":{"line":172,"column":4},"end":{"line":174,"column":5}},"47":{"start":{"line":173,"column":6},"end":{"line":173,"column":63}},"48":{"start":{"line":178,"column":42},"end":{"line":178,"column":81}},"49":{"start":{"line":182,"column":4},"end":{"line":185,"column":7}},"50":{"start":{"line":187,"column":4},"end":{"line":193,"column":6}},"51":{"start":{"line":203,"column":21},"end":{"line":208,"column":6}},"52":{"start":{"line":210,"column":20},"end":{"line":210,"column":null}},"53":{"start":{"line":216,"column":4},"end":{"line":218,"column":5}},"54":{"start":{"line":217,"column":6},"end":{"line":217,"column":64}},"55":{"start":{"line":222,"column":15},"end":{"line":222,"column":65}},"56":{"start":{"line":224,"column":20},"end":{"line":224,"column":25}},"57":{"start":{"line":228,"column":4},"end":{"line":236,"column":5}},"58":{"start":{"line":229,"column":6},"end":{"line":233,"column":9}},"59":{"start":{"line":235,"column":6},"end":{"line":235,"column":23}},"60":{"start":{"line":238,"column":4},"end":{"line":240,"column":5}},"61":{"start":{"line":239,"column":6},"end":{"line":239,"column":63}},"62":{"start":{"line":244,"column":42},"end":{"line":244,"column":81}},"63":{"start":{"line":248,"column":4},"end":{"line":251,"column":7}},"64":{"start":{"line":253,"column":4},"end":{"line":259,"column":6}},"65":{"start":{"line":268,"column":22},"end":{"line":276,"column":null}},"66":{"start":{"line":279,"column":23},"end":{"line":287,"column":null}},"67":{"start":{"line":290,"column":2},"end":{"line":293,"column":4}},"68":{"start":{"line":303,"column":24},"end":{"line":308,"column":6}},"69":{"start":{"line":310,"column":4},"end":{"line":312,"column":5}},"70":{"start":{"line":311,"column":6},"end":{"line":311,"column":63}},"71":{"start":{"line":314,"column":4},"end":{"line":347,"column":5}},"72":{"start":{"line":317,"column":22},"end":{"line":319,"column":22}},"73":{"start":{"line":323,"column":19},"end":{"line":323,"column":67}},"74":{"start":{"line":325,"column":6},"end":{"line":327,"column":7}},"75":{"start":{"line":326,"column":8},"end":{"line":326,"column":58}},"76":{"start":{"line":331,"column":26},"end":{"line":339,"column":null}},"77":{"start":{"line":342,"column":6},"end":{"line":344,"column":8}},"78":{"start":{"line":346,"column":6},"end":{"line":346,"column":63}},"79":{"start":{"line":355,"column":24},"end":{"line":359,"column":6}},"80":{"start":{"line":361,"column":4},"end":{"line":365,"column":5}},"81":{"start":{"line":362,"column":6},"end":{"line":362,"column":35}},"82":{"start":{"line":364,"column":6},"end":{"line":364,"column":52}},"83":{"start":{"line":367,"column":4},"end":{"line":370,"column":6}},"84":{"start":{"line":23,"column":13},"end":{"line":23,"column":24}},"85":{"start":{"line":23,"column":13},"end":{"line":372,"column":null}}},"fnMap":{"0":{"name":"(anonymous_5)","decl":{"start":{"line":24,"column":2},"end":{"line":24,"column":null}},"loc":{"start":{"line":32,"column":34},"end":{"line":33,"column":6}}},"1":{"name":"(anonymous_6)","decl":{"start":{"line":40,"column":2},"end":{"line":40,"column":7}},"loc":{"start":{"line":40,"column":30},"end":{"line":53,"column":3}}},"2":{"name":"(anonymous_7)","decl":{"start":{"line":60,"column":2},"end":{"line":60,"column":7}},"loc":{"start":{"line":60,"column":45},"end":{"line":122,"column":3}}},"3":{"name":"(anonymous_8)","decl":{"start":{"line":128,"column":2},"end":{"line":128,"column":7}},"loc":{"start":{"line":128,"column":35},"end":{"line":194,"column":3}}},"4":{"name":"(anonymous_9)","decl":{"start":{"line":200,"column":2},"end":{"line":200,"column":7}},"loc":{"start":{"line":200,"column":49},"end":{"line":260,"column":3}}},"5":{"name":"(anonymous_10)","decl":{"start":{"line":266,"column":0},"end":{"line":266,"column":14}},"loc":{"start":{"line":266,"column":29},"end":{"line":294,"column":1}}},"6":{"name":"(anonymous_11)","decl":{"start":{"line":300,"column":2},"end":{"line":300,"column":7}},"loc":{"start":{"line":300,"column":41},"end":{"line":348,"column":3}}},"7":{"name":"(anonymous_12)","decl":{"start":{"line":354,"column":2},"end":{"line":354,"column":7}},"loc":{"start":{"line":354,"column":35},"end":{"line":371,"column":3}}}},"branchMap":{"0":{"loc":{"start":{"line":62,"column":4},"end":{"line":64,"column":5}},"type":"if","locations":[{"start":{"line":62,"column":4},"end":{"line":64,"column":5}},{"start":{},"end":{}}]},"1":{"loc":{"start":{"line":80,"column":4},"end":{"line":82,"column":5}},"type":"if","locations":[{"start":{"line":80,"column":4},"end":{"line":82,"column":5}},{"start":{},"end":{}}]},"2":{"loc":{"start":{"line":92,"column":4},"end":{"line":98,"column":5}},"type":"if","locations":[{"start":{"line":92,"column":4},"end":{"line":98,"column":5}},{"start":{},"end":{}}]},"3":{"loc":{"start":{"line":100,"column":4},"end":{"line":102,"column":5}},"type":"if","locations":[{"start":{"line":100,"column":4},"end":{"line":102,"column":5}},{"start":{},"end":{}}]},"4":{"loc":{"start":{"line":138,"column":4},"end":{"line":140,"column":5}},"type":"if","locations":[{"start":{"line":138,"column":4},"end":{"line":140,"column":5}},{"start":{},"end":{}}]},"5":{"loc":{"start":{"line":144,"column":4},"end":{"line":146,"column":5}},"type":"if","locations":[{"start":{"line":144,"column":4},"end":{"line":146,"column":5}},{"start":{},"end":{}}]},"6":{"loc":{"start":{"line":156,"column":4},"end":{"line":170,"column":5}},"type":"if","locations":[{"start":{"line":156,"column":4},"end":{"line":170,"column":5}},{"start":{"line":165,"column":11},"end":{"line":170,"column":5}}]},"7":{"loc":{"start":{"line":165,"column":11},"end":{"line":170,"column":5}},"type":"if","locations":[{"start":{"line":165,"column":11},"end":{"line":170,"column":5}},{"start":{},"end":{}}]},"8":{"loc":{"start":{"line":165,"column":15},"end":{"line":165,"column":48}},"type":"binary-expr","locations":[{"start":{"line":165,"column":15},"end":{"line":165,"column":29}},{"start":{"line":165,"column":33},"end":{"line":165,"column":48}}]},"9":{"loc":{"start":{"line":172,"column":4},"end":{"line":174,"column":5}},"type":"if","locations":[{"start":{"line":172,"column":4},"end":{"line":174,"column":5}},{"start":{},"end":{}}]},"10":{"loc":{"start":{"line":216,"column":4},"end":{"line":218,"column":5}},"type":"if","locations":[{"start":{"line":216,"column":4},"end":{"line":218,"column":5}},{"start":{},"end":{}}]},"11":{"loc":{"start":{"line":228,"column":4},"end":{"line":236,"column":5}},"type":"if","locations":[{"start":{"line":228,"column":4},"end":{"line":236,"column":5}},{"start":{},"end":{}}]},"12":{"loc":{"start":{"line":238,"column":4},"end":{"line":240,"column":5}},"type":"if","locations":[{"start":{"line":238,"column":4},"end":{"line":240,"column":5}},{"start":{},"end":{}}]},"13":{"loc":{"start":{"line":310,"column":4},"end":{"line":312,"column":5}},"type":"if","locations":[{"start":{"line":310,"column":4},"end":{"line":312,"column":5}},{"start":{},"end":{}}]},"14":{"loc":{"start":{"line":325,"column":6},"end":{"line":327,"column":7}},"type":"if","locations":[{"start":{"line":325,"column":6},"end":{"line":327,"column":7}},{"start":{},"end":{}}]},"15":{"loc":{"start":{"line":361,"column":4},"end":{"line":365,"column":5}},"type":"if","locations":[{"start":{"line":361,"column":4},"end":{"line":365,"column":5}},{"start":{},"end":{}}]},"16":{"loc":{"start":{"line":26,"column":30},"end":{"line":26,"column":54}},"type":"cond-expr","locations":[{"start":{"line":26,"column":40},"end":{"line":26,"column":54}},{"start":{"line":26,"column":40},"end":{"line":26,"column":54}}]},"17":{"loc":{"start":{"line":26,"column":30},"end":{"line":26,"column":40}},"type":"binary-expr","locations":[{"start":{"line":26,"column":30},"end":{"line":26,"column":54}},{"start":{"line":26,"column":30},"end":{"line":26,"column":40}}]},"18":{"loc":{"start":{"line":26,"column":40},"end":{"line":28,"column":null}},"type":"cond-expr","locations":[{"start":{"line":28,"column":40},"end":{"line":28,"column":null}},{"start":{"line":28,"column":40},"end":{"line":28,"column":null}}]},"19":{"loc":{"start":{"line":26,"column":40},"end":{"line":28,"column":40}},"type":"binary-expr","locations":[{"start":{"line":26,"column":40},"end":{"line":28,"column":null}},{"start":{"line":28,"column":27},"end":{"line":28,"column":40}}]},"20":{"loc":{"start":{"line":28,"column":40},"end":{"line":30,"column":null}},"type":"cond-expr","locations":[{"start":{"line":30,"column":38},"end":{"line":30,"column":null}},{"start":{"line":30,"column":38},"end":{"line":30,"column":null}}]},"21":{"loc":{"start":{"line":28,"column":40},"end":{"line":30,"column":38}},"type":"binary-expr","locations":[{"start":{"line":28,"column":40},"end":{"line":30,"column":null}},{"start":{"line":30,"column":26},"end":{"line":30,"column":38}}]},"22":{"loc":{"start":{"line":30,"column":38},"end":{"line":32,"column":null}},"type":"cond-expr","locations":[{"start":{"line":32,"column":34},"end":{"line":32,"column":null}},{"start":{"line":32,"column":34},"end":{"line":32,"column":null}}]},"23":{"loc":{"start":{"line":30,"column":38},"end":{"line":32,"column":34}},"type":"binary-expr","locations":[{"start":{"line":30,"column":38},"end":{"line":32,"column":null}},{"start":{"line":32,"column":24},"end":{"line":32,"column":34}}]}},"s":{"0":0,"1":0,"2":0,"3":0,"4":0,"5":0,"6":0,"7":0,"8":0,"9":0,"10":0,"11":0,"12":0,"13":0,"14":0,"15":0,"16":0,"17":0,"18":0,"19":0,"20":0,"21":0,"22":0,"23":0,"24":0,"25":0,"26":0,"27":0,"28":0,"29":0,"30":0,"31":0,"32":0,"33":0,"34":0,"35":0,"36":0,"37":0,"38":0,"39":0,"40":0,"41":0,"42":0,"43":0,"44":0,"45":0,"46":0,"47":0,"48":0,"49":0,"50":0,"51":0,"52":0,"53":0,"54":0,"55":0,"56":0,"57":0,"58":0,"59":0,"60":0,"61":0,"62":0,"63":0,"64":0,"65":0,"66":0,"67":0,"68":0,"69":0,"70":0,"71":0,"72":0,"73":0,"74":0,"75":0,"76":0,"77":0,"78":0,"79":0,"80":0,"81":0,"82":0,"83":0,"84":0,"85":0},"f":{"0":0,"1":0,"2":0,"3":0,"4":0,"5":0,"6":0,"7":0},"b":{"0":[0,0],"1":[0,0],"2":[0,0],"3":[0,0],"4":[0,0],"5":[0,0],"6":[0,0],"7":[0,0],"8":[0,0],"9":[0,0],"10":[0,0],"11":[0,0],"12":[0,0],"13":[0,0],"14":[0,0],"15":[0,0],"16":[0,0],"17":[0,0],"18":[0,0],"19":[0,0],"20":[0,0],"21":[0,0],"22":[0,0],"23":[0,0]}}
,"D:\\commit\\vdate-backend\\src\\auth\\twilio.service.ts": {"path":"D:\\commit\\vdate-backend\\src\\auth\\twilio.service.ts","statementMap":{"0":{"start":{"line":1,"column":0},"end":{"line":1,"column":44}},"1":{"start":{"line":2,"column":0},"end":{"line":2,"column":47}},"2":{"start":{"line":3,"column":0},"end":{"line":3,"column":32}},"3":{"start":{"line":6,"column":7},"end":{"line":33,"column":null}},"4":{"start":{"line":9,"column":22},"end":{"line":9,"column":37}},"5":{"start":{"line":10,"column":4},"end":{"line":13,"column":6}},"6":{"start":{"line":17,"column":4},"end":{"line":22,"column":9}},"7":{"start":{"line":26,"column":4},"end":{"line":31,"column":9}},"8":{"start":{"line":6,"column":13},"end":{"line":6,"column":26}},"9":{"start":{"line":6,"column":13},"end":{"line":33,"column":null}}},"fnMap":{"0":{"name":"(anonymous_2)","decl":{"start":{"line":9,"column":2},"end":{"line":9,"column":22}},"loc":{"start":{"line":9,"column":50},"end":{"line":14,"column":3}}},"1":{"name":"(anonymous_3)","decl":{"start":{"line":16,"column":2},"end":{"line":16,"column":7}},"loc":{"start":{"line":16,"column":29},"end":{"line":23,"column":3}}},"2":{"name":"(anonymous_4)","decl":{"start":{"line":25,"column":2},"end":{"line":25,"column":7}},"loc":{"start":{"line":25,"column":45},"end":{"line":32,"column":3}}}},"branchMap":{"0":{"loc":{"start":{"line":9,"column":37},"end":{"line":9,"column":null}},"type":"cond-expr","locations":[{"start":{"line":9,"column":50},"end":{"line":9,"column":null}},{"start":{"line":9,"column":50},"end":{"line":9,"column":null}}]},"1":{"loc":{"start":{"line":9,"column":37},"end":{"line":9,"column":50}},"type":"binary-expr","locations":[{"start":{"line":9,"column":37},"end":{"line":9,"column":null}},{"start":{"line":9,"column":37},"end":{"line":9,"column":50}}]}},"s":{"0":0,"1":0,"2":0,"3":0,"4":0,"5":0,"6":0,"7":0,"8":0,"9":0},"f":{"0":0,"1":0,"2":0},"b":{"0":[0,0],"1":[0,0]}}
,"D:\\commit\\vdate-backend\\src\\auth\\dto\\refresh-token.entity.ts": {"path":"D:\\commit\\vdate-backend\\src\\auth\\dto\\refresh-token.entity.ts","statementMap":{"0":{"start":{"line":1,"column":0},"end":{"line":1,"column":null}},"1":{"start":{"line":9,"column":7},"end":{"line":26,"column":null}},"2":{"start":{"line":9,"column":13},"end":{"line":9,"column":25}},"3":{"start":{"line":11,"column":0},"end":{"line":11,"column":null}},"4":{"start":{"line":14,"column":2},"end":{"line":14,"column":null}},"5":{"start":{"line":17,"column":2},"end":{"line":17,"column":null}},"6":{"start":{"line":22,"column":2},"end":{"line":22,"column":null}},"7":{"start":{"line":25,"column":2},"end":{"line":25,"column":null}},"8":{"start":{"line":9,"column":13},"end":{"line":26,"column":null}}},"fnMap":{},"branchMap":{"0":{"loc":{"start":{"line":25,"column":14},"end":{"line":25,"column":19}},"type":"cond-expr","locations":[{"start":{"line":25,"column":18},"end":{"line":25,"column":19}},{"start":{"line":25,"column":18},"end":{"line":25,"column":19}}]},"1":{"loc":{"start":{"line":25,"column":14},"end":{"line":25,"column":18}},"type":"binary-expr","locations":[{"start":{"line":25,"column":14},"end":{"line":25,"column":19}},{"start":{"line":25,"column":14},"end":{"line":25,"column":18}}]}},"s":{"0":0,"1":0,"2":0,"3":0,"4":0,"5":0,"6":0,"7":0,"8":0},"f":{},"b":{"0":[0,0],"1":[0,0]}}
,"D:\\commit\\vdate-backend\\src\\balance\\balance.controller.ts": {"path":"D:\\commit\\vdate-backend\\src\\balance\\balance.controller.ts","statementMap":{"0":{"start":{"line":1,"column":0},"end":{"line":1,"column":122}},"1":{"start":{"line":2,"column":0},"end":{"line":2,"column":54}},"2":{"start":{"line":5,"column":7},"end":{"line":35,"column":null}},"3":{"start":{"line":6,"column":22},"end":{"line":6,"column":36}},"4":{"start":{"line":10,"column":17},"end":{"line":10,"column":57}},"5":{"start":{"line":11,"column":4},"end":{"line":11,"column":41}},"6":{"start":{"line":16,"column":17},"end":{"line":16,"column":62}},"7":{"start":{"line":17,"column":4},"end":{"line":17,"column":61}},"8":{"start":{"line":17,"column":15},"end":{"line":17,"column":61}},"9":{"start":{"line":18,"column":23},"end":{"line":18,"column":54}},"10":{"start":{"line":19,"column":4},"end":{"line":19,"column":75}},"11":{"start":{"line":20,"column":4},"end":{"line":20,"column":26}},"12":{"start":{"line":25,"column":21},"end":{"line":25,"column":70}},"13":{"start":{"line":26,"column":19},"end":{"line":26,"column":66}},"14":{"start":{"line":27,"column":4},"end":{"line":27,"column":76}},"15":{"start":{"line":27,"column":30},"end":{"line":27,"column":76}},"16":{"start":{"line":28,"column":4},"end":{"line":28,"column":99}},"17":{"start":{"line":28,"column":45},"end":{"line":28,"column":99}},"18":{"start":{"line":29,"column":27},"end":{"line":29,"column":62}},"19":{"start":{"line":30,"column":25},"end":{"line":30,"column":58}},"20":{"start":{"line":31,"column":4},"end":{"line":31,"column":83}},"21":{"start":{"line":32,"column":4},"end":{"line":32,"column":79}},"22":{"start":{"line":33,"column":4},"end":{"line":33,"column":63}},"23":{"start":{"line":5,"column":13},"end":{"line":5,"column":30}},"24":{"start":{"line":9,"column":8},"end":{"line":12,"column":null}},"25":{"start":{"line":15,"column":8},"end":{"line":21,"column":null}},"26":{"start":{"line":24,"column":8},"end":{"line":34,"column":null}},"27":{"start":{"line":5,"column":13},"end":{"line":35,"column":null}}},"fnMap":{"0":{"name":"(anonymous_4)","decl":{"start":{"line":6,"column":2},"end":{"line":6,"column":22}},"loc":{"start":{"line":6,"column":48},"end":{"line":6,"column":52}}},"1":{"name":"(anonymous_5)","decl":{"start":{"line":9,"column":8},"end":{"line":9,"column":18}},"loc":{"start":{"line":9,"column":50},"end":{"line":12,"column":3}}},"2":{"name":"(anonymous_6)","decl":{"start":{"line":15,"column":8},"end":{"line":15,"column":21}},"loc":{"start":{"line":15,"column":70},"end":{"line":21,"column":3}}},"3":{"name":"(anonymous_7)","decl":{"start":{"line":24,"column":8},"end":{"line":24,"column":21}},"loc":{"start":{"line":24,"column":114},"end":{"line":34,"column":3}}}},"branchMap":{"0":{"loc":{"start":{"line":11,"column":22},"end":{"line":11,"column":38}},"type":"binary-expr","locations":[{"start":{"line":11,"column":22},"end":{"line":11,"column":33}},{"start":{"line":11,"column":37},"end":{"line":11,"column":38}}]},"1":{"loc":{"start":{"line":17,"column":4},"end":{"line":17,"column":61}},"type":"if","locations":[{"start":{"line":17,"column":4},"end":{"line":17,"column":61}},{"start":{},"end":{}}]},"2":{"loc":{"start":{"line":18,"column":24},"end":{"line":18,"column":39}},"type":"binary-expr","locations":[{"start":{"line":18,"column":24},"end":{"line":18,"column":34}},{"start":{"line":18,"column":38},"end":{"line":18,"column":39}}]},"3":{"loc":{"start":{"line":27,"column":4},"end":{"line":27,"column":76}},"type":"if","locations":[{"start":{"line":27,"column":4},"end":{"line":27,"column":76}},{"start":{},"end":{}}]},"4":{"loc":{"start":{"line":27,"column":8},"end":{"line":27,"column":28}},"type":"binary-expr","locations":[{"start":{"line":27,"column":8},"end":{"line":27,"column":17}},{"start":{"line":27,"column":21},"end":{"line":27,"column":28}}]},"5":{"loc":{"start":{"line":28,"column":4},"end":{"line":28,"column":99}},"type":"if","locations":[{"start":{"line":28,"column":4},"end":{"line":28,"column":99}},{"start":{},"end":{}}]},"6":{"loc":{"start":{"line":28,"column":9},"end":{"line":28,"column":28}},"type":"binary-expr","locations":[{"start":{"line":28,"column":9},"end":{"line":28,"column":23}},{"start":{"line":28,"column":27},"end":{"line":28,"column":28}}]},"7":{"loc":{"start":{"line":29,"column":28},"end":{"line":29,"column":47}},"type":"binary-expr","locations":[{"start":{"line":29,"column":28},"end":{"line":29,"column":42}},{"start":{"line":29,"column":46},"end":{"line":29,"column":47}}]},"8":{"loc":{"start":{"line":30,"column":26},"end":{"line":30,"column":43}},"type":"binary-expr","locations":[{"start":{"line":30,"column":26},"end":{"line":30,"column":38}},{"start":{"line":30,"column":42},"end":{"line":30,"column":43}}]},"9":{"loc":{"start":{"line":6,"column":36},"end":{"line":6,"column":51}},"type":"cond-expr","locations":[{"start":{"line":6,"column":48},"end":{"line":6,"column":51}},{"start":{"line":6,"column":48},"end":{"line":6,"column":51}}]},"10":{"loc":{"start":{"line":6,"column":36},"end":{"line":6,"column":48}},"type":"binary-expr","locations":[{"start":{"line":6,"column":36},"end":{"line":6,"column":51}},{"start":{"line":6,"column":36},"end":{"line":6,"column":48}}]}},"s":{"0":0,"1":0,"2":0,"3":0,"4":0,"5":0,"6":0,"7":0,"8":0,"9":0,"10":0,"11":0,"12":0,"13":0,"14":0,"15":0,"16":0,"17":0,"18":0,"19":0,"20":0,"21":0,"22":0,"23":0,"24":0,"25":0,"26":0,"27":0},"f":{"0":0,"1":0,"2":0,"3":0},"b":{"0":[0,0],"1":[0,0],"2":[0,0],"3":[0,0],"4":[0,0],"5":[0,0],"6":[0,0],"7":[0,0],"8":[0,0],"9":[0,0],"10":[0,0]}}
,"D:\\commit\\vdate-backend\\src\\balance\\balance.module.ts": {"path":"D:\\commit\\vdate-backend\\src\\balance\\balance.module.ts","statementMap":{"0":{"start":{"line":1,"column":0},"end":{"line":1,"column":40}},"1":{"start":{"line":2,"column":0},"end":{"line":2,"column":57}},"2":{"start":{"line":3,"column":0},"end":{"line":3,"column":52}},"3":{"start":{"line":9,"column":7},"end":{"line":9,"column":null}},"4":{"start":{"line":9,"column":13},"end":{"line":9,"column":26}},"5":{"start":{"line":9,"column":13},"end":{"line":9,"column":null}}},"fnMap":{},"branchMap":{},"s":{"0":0,"1":0,"2":0,"3":0,"4":0,"5":0},"f":{},"b":{}}
,"D:\\commit\\vdate-backend\\src\\call-history\\call-history.controller.ts": {"path":"D:\\commit\\vdate-backend\\src\\call-history\\call-history.controller.ts","statementMap":{"0":{"start":{"line":1,"column":0},"end":{"line":1,"column":82}},"1":{"start":{"line":2,"column":0},"end":{"line":2,"column":60}},"2":{"start":{"line":5,"column":7},"end":{"line":31,"column":null}},"3":{"start":{"line":6,"column":31},"end":{"line":6,"column":51}},"4":{"start":{"line":10,"column":4},"end":{"line":10,"column":64}},"5":{"start":{"line":15,"column":4},"end":{"line":15,"column":62}},"6":{"start":{"line":20,"column":4},"end":{"line":20,"column":57}},"7":{"start":{"line":29,"column":4},"end":{"line":29,"column":71}},"8":{"start":{"line":5,"column":13},"end":{"line":5,"column":34}},"9":{"start":{"line":9,"column":2},"end":{"line":11,"column":null}},"10":{"start":{"line":14,"column":2},"end":{"line":16,"column":null}},"11":{"start":{"line":19,"column":2},"end":{"line":21,"column":null}},"12":{"start":{"line":24,"column":2},"end":{"line":30,"column":null}},"13":{"start":{"line":5,"column":13},"end":{"line":31,"column":null}}},"fnMap":{"0":{"name":"(anonymous_4)","decl":{"start":{"line":6,"column":2},"end":{"line":6,"column":31}},"loc":{"start":{"line":6,"column":69},"end":{"line":6,"column":73}}},"1":{"name":"(anonymous_5)","decl":{"start":{"line":9,"column":2},"end":{"line":9,"column":8}},"loc":{"start":{"line":9,"column":32},"end":{"line":11,"column":3}}},"2":{"name":"(anonymous_6)","decl":{"start":{"line":14,"column":2},"end":{"line":14,"column":12}},"loc":{"start":{"line":14,"column":44},"end":{"line":16,"column":3}}},"3":{"name":"(anonymous_7)","decl":{"start":{"line":19,"column":2},"end":{"line":19,"column":10}},"loc":{"start":{"line":19,"column":34},"end":{"line":21,"column":3}}},"4":{"name":"(anonymous_8)","decl":{"start":{"line":24,"column":2},"end":{"line":24,"column":9}},"loc":{"start":{"line":27,"column":34},"end":{"line":30,"column":3}}}},"branchMap":{"0":{"loc":{"start":{"line":6,"column":51},"end":{"line":6,"column":72}},"type":"cond-expr","locations":[{"start":{"line":6,"column":69},"end":{"line":6,"column":72}},{"start":{"line":6,"column":69},"end":{"line":6,"column":72}}]},"1":{"loc":{"start":{"line":6,"column":51},"end":{"line":6,"column":69}},"type":"binary-expr","locations":[{"start":{"line":6,"column":51},"end":{"line":6,"column":72}},{"start":{"line":6,"column":51},"end":{"line":6,"column":69}}]}},"s":{"0":0,"1":0,"2":0,"3":0,"4":0,"5":0,"6":0,"7":0,"8":0,"9":0,"10":0,"11":0,"12":0,"13":0},"f":{"0":0,"1":0,"2":0,"3":0,"4":0},"b":{"0":[0,0],"1":[0,0]}}
,"D:\\commit\\vdate-backend\\src\\call-history\\call-history.entity.ts": {"path":"D:\\commit\\vdate-backend\\src\\call-history\\call-history.entity.ts","statementMap":{"0":{"start":{"line":1,"column":0},"end":{"line":1,"column":null}},"1":{"start":{"line":9,"column":7},"end":{"line":48,"column":null}},"2":{"start":{"line":9,"column":13},"end":{"line":9,"column":24}},"3":{"start":{"line":11,"column":2},"end":{"line":11,"column":null}},"4":{"start":{"line":14,"column":2},"end":{"line":14,"column":null}},"5":{"start":{"line":17,"column":2},"end":{"line":17,"column":null}},"6":{"start":{"line":20,"column":2},"end":{"line":20,"column":null}},"7":{"start":{"line":23,"column":2},"end":{"line":23,"column":null}},"8":{"start":{"line":26,"column":2},"end":{"line":26,"column":null}},"9":{"start":{"line":29,"column":2},"end":{"line":29,"column":null}},"10":{"start":{"line":32,"column":2},"end":{"line":32,"column":null}},"11":{"start":{"line":35,"column":2},"end":{"line":35,"column":null}},"12":{"start":{"line":38,"column":2},"end":{"line":38,"column":null}},"13":{"start":{"line":41,"column":2},"end":{"line":41,"column":null}},"14":{"start":{"line":44,"column":2},"end":{"line":44,"column":null}},"15":{"start":{"line":47,"column":2},"end":{"line":47,"column":null}},"16":{"start":{"line":9,"column":13},"end":{"line":48,"column":null}}},"fnMap":{},"branchMap":{"0":{"loc":{"start":{"line":41,"column":14},"end":{"line":41,"column":19}},"type":"cond-expr","locations":[{"start":{"line":41,"column":18},"end":{"line":41,"column":19}},{"start":{"line":41,"column":18},"end":{"line":41,"column":19}}]},"1":{"loc":{"start":{"line":41,"column":14},"end":{"line":41,"column":18}},"type":"binary-expr","locations":[{"start":{"line":41,"column":14},"end":{"line":41,"column":19}},{"start":{"line":41,"column":14},"end":{"line":41,"column":18}}]},"2":{"loc":{"start":{"line":44,"column":12},"end":{"line":44,"column":17}},"type":"cond-expr","locations":[{"start":{"line":44,"column":16},"end":{"line":44,"column":17}},{"start":{"line":44,"column":16},"end":{"line":44,"column":17}}]},"3":{"loc":{"start":{"line":44,"column":12},"end":{"line":44,"column":16}},"type":"binary-expr","locations":[{"start":{"line":44,"column":12},"end":{"line":44,"column":17}},{"start":{"line":44,"column":12},"end":{"line":44,"column":16}}]},"4":{"loc":{"start":{"line":47,"column":14},"end":{"line":47,"column":19}},"type":"cond-expr","locations":[{"start":{"line":47,"column":18},"end":{"line":47,"column":19}},{"start":{"line":47,"column":18},"end":{"line":47,"column":19}}]},"5":{"loc":{"start":{"line":47,"column":14},"end":{"line":47,"column":18}},"type":"binary-expr","locations":[{"start":{"line":47,"column":14},"end":{"line":47,"column":19}},{"start":{"line":47,"column":14},"end":{"line":47,"column":18}}]}},"s":{"0":0,"1":0,"2":0,"3":0,"4":0,"5":0,"6":0,"7":0,"8":0,"9":0,"10":0,"11":0,"12":0,"13":0,"14":0,"15":0,"16":0},"f":{},"b":{"0":[0,0],"1":[0,0],"2":[0,0],"3":[0,0],"4":[0,0],"5":[0,0]}}
,"D:\\commit\\vdate-backend\\src\\call-history\\call-history.gateway.ts": {"path":"D:\\commit\\vdate-backend\\src\\call-history\\call-history.gateway.ts","statementMap":{"0":{"start":{"line":1,"column":0},"end":{"line":1,"column":null}},"1":{"start":{"line":7,"column":0},"end":{"line":7,"column":35}},"2":{"start":{"line":8,"column":0},"end":{"line":8,"column":60}},"3":{"start":{"line":13,"column":7},"end":{"line":72,"column":null}},"4":{"start":{"line":14,"column":31},"end":{"line":14,"column":51}},"5":{"start":{"line":21,"column":4},"end":{"line":34,"column":5}},"6":{"start":{"line":22,"column":21},"end":{"line":29,"column":8}},"7":{"start":{"line":30,"column":6},"end":{"line":30,"column":61}},"8":{"start":{"line":31,"column":6},"end":{"line":31,"column":20}},"9":{"start":{"line":33,"column":6},"end":{"line":33,"column":50}},"10":{"start":{"line":42,"column":4},"end":{"line":46,"column":5}},"11":{"start":{"line":43,"column":6},"end":{"line":43,"column":87}},"12":{"start":{"line":45,"column":6},"end":{"line":45,"column":48}},"13":{"start":{"line":54,"column":4},"end":{"line":58,"column":5}},"14":{"start":{"line":55,"column":6},"end":{"line":55,"column":74}},"15":{"start":{"line":57,"column":6},"end":{"line":57,"column":51}},"16":{"start":{"line":66,"column":4},"end":{"line":70,"column":5}},"17":{"start":{"line":67,"column":6},"end":{"line":67,"column":72}},"18":{"start":{"line":69,"column":6},"end":{"line":69,"column":49}},"19":{"start":{"line":13,"column":13},"end":{"line":13,"column":31}},"20":{"start":{"line":17,"column":8},"end":{"line":35,"column":null}},"21":{"start":{"line":38,"column":8},"end":{"line":47,"column":null}},"22":{"start":{"line":50,"column":8},"end":{"line":59,"column":null}},"23":{"start":{"line":62,"column":8},"end":{"line":71,"column":null}},"24":{"start":{"line":13,"column":13},"end":{"line":72,"column":null}}},"fnMap":{"0":{"name":"(anonymous_4)","decl":{"start":{"line":14,"column":2},"end":{"line":14,"column":31}},"loc":{"start":{"line":14,"column":69},"end":{"line":14,"column":73}}},"1":{"name":"(anonymous_5)","decl":{"start":{"line":17,"column":8},"end":{"line":17,"column":25}},"loc":{"start":{"line":19,"column":103},"end":{"line":35,"column":3}}},"2":{"name":"(anonymous_6)","decl":{"start":{"line":38,"column":8},"end":{"line":38,"column":23}},"loc":{"start":{"line":40,"column":57},"end":{"line":47,"column":3}}},"3":{"name":"(anonymous_7)","decl":{"start":{"line":50,"column":8},"end":{"line":50,"column":26}},"loc":{"start":{"line":52,"column":39},"end":{"line":59,"column":3}}},"4":{"name":"(anonymous_8)","decl":{"start":{"line":62,"column":8},"end":{"line":62,"column":24}},"loc":{"start":{"line":64,"column":39},"end":{"line":71,"column":3}}}},"branchMap":{"0":{"loc":{"start":{"line":26,"column":18},"end":{"line":26,"column":42}},"type":"binary-expr","locations":[{"start":{"line":26,"column":18},"end":{"line":26,"column":31}},{"start":{"line":26,"column":35},"end":{"line":26,"column":42}}]},"1":{"loc":{"start":{"line":18,"column":31},"end":{"line":18,"column":null}},"type":"cond-expr","locations":[{"start":{"line":18,"column":37},"end":{"line":18,"column":null}},{"start":{"line":18,"column":37},"end":{"line":18,"column":null}}]},"2":{"loc":{"start":{"line":18,"column":31},"end":{"line":18,"column":37}},"type":"binary-expr","locations":[{"start":{"line":18,"column":31},"end":{"line":18,"column":null}},{"start":{"line":18,"column":31},"end":{"line":18,"column":37}}]},"3":{"loc":{"start":{"line":39,"column":31},"end":{"line":39,"column":null}},"type":"cond-expr","locations":[{"start":{"line":39,"column":37},"end":{"line":39,"column":null}},{"start":{"line":39,"column":37},"end":{"line":39,"column":null}}]},"4":{"loc":{"start":{"line":39,"column":31},"end":{"line":39,"column":37}},"type":"binary-expr","locations":[{"start":{"line":39,"column":31},"end":{"line":39,"column":null}},{"start":{"line":39,"column":31},"end":{"line":39,"column":37}}]},"5":{"loc":{"start":{"line":51,"column":31},"end":{"line":51,"column":null}},"type":"cond-expr","locations":[{"start":{"line":51,"column":37},"end":{"line":51,"column":null}},{"start":{"line":51,"column":37},"end":{"line":51,"column":null}}]},"6":{"loc":{"start":{"line":51,"column":31},"end":{"line":51,"column":37}},"type":"binary-expr","locations":[{"start":{"line":51,"column":31},"end":{"line":51,"column":null}},{"start":{"line":51,"column":31},"end":{"line":51,"column":37}}]},"7":{"loc":{"start":{"line":63,"column":31},"end":{"line":63,"column":null}},"type":"cond-expr","locations":[{"start":{"line":63,"column":37},"end":{"line":63,"column":null}},{"start":{"line":63,"column":37},"end":{"line":63,"column":null}}]},"8":{"loc":{"start":{"line":63,"column":31},"end":{"line":63,"column":37}},"type":"binary-expr","locations":[{"start":{"line":63,"column":31},"end":{"line":63,"column":null}},{"start":{"line":63,"column":31},"end":{"line":63,"column":37}}]},"9":{"loc":{"start":{"line":14,"column":51},"end":{"line":14,"column":72}},"type":"cond-expr","locations":[{"start":{"line":14,"column":69},"end":{"line":14,"column":72}},{"start":{"line":14,"column":69},"end":{"line":14,"column":72}}]},"10":{"loc":{"start":{"line":14,"column":51},"end":{"line":14,"column":69}},"type":"binary-expr","locations":[{"start":{"line":14,"column":51},"end":{"line":14,"column":72}},{"start":{"line":14,"column":51},"end":{"line":14,"column":69}}]}},"s":{"0":0,"1":0,"2":0,"3":0,"4":0,"5":0,"6":0,"7":0,"8":0,"9":0,"10":0,"11":0,"12":0,"13":0,"14":0,"15":0,"16":0,"17":0,"18":0,"19":0,"20":0,"21":0,"22":0,"23":0,"24":0},"f":{"0":0,"1":0,"2":0,"3":0,"4":0},"b":{"0":[0,0],"1":[0,0],"2":[0,0],"3":[0,0],"4":[0,0],"5":[0,0],"6":[0,0],"7":[0,0],"8":[0,0],"9":[0,0],"10":[0,0]}}
,"D:\\commit\\vdate-backend\\src\\call-history\\call-history.module.ts": {"path":"D:\\commit\\vdate-backend\\src\\call-history\\call-history.module.ts","statementMap":{"0":{"start":{"line":1,"column":0},"end":{"line":1,"column":40}},"1":{"start":{"line":2,"column":0},"end":{"line":2,"column":48}},"2":{"start":{"line":3,"column":0},"end":{"line":3,"column":66}},"3":{"start":{"line":4,"column":0},"end":{"line":4,"column":60}},"4":{"start":{"line":5,"column":0},"end":{"line":5,"column":60}},"5":{"start":{"line":6,"column":0},"end":{"line":6,"column":52}},"6":{"start":{"line":7,"column":0},"end":{"line":7,"column":45}},"7":{"start":{"line":17,"column":7},"end":{"line":17,"column":null}},"8":{"start":{"line":17,"column":13},"end":{"line":17,"column":30}},"9":{"start":{"line":17,"column":13},"end":{"line":17,"column":null}}},"fnMap":{},"branchMap":{},"s":{"0":0,"1":0,"2":0,"3":0,"4":0,"5":0,"6":0,"7":0,"8":0,"9":0},"f":{},"b":{}}
,"D:\\commit\\vdate-backend\\src\\call-history\\call-history.service.ts": {"path":"D:\\commit\\vdate-backend\\src\\call-history\\call-history.service.ts","statementMap":{"0":{"start":{"line":1,"column":0},"end":{"line":1,"column":63}},"1":{"start":{"line":2,"column":0},"end":{"line":2,"column":51}},"2":{"start":{"line":3,"column":0},"end":{"line":3,"column":37}},"3":{"start":{"line":4,"column":0},"end":{"line":4,"column":52}},"4":{"start":{"line":5,"column":0},"end":{"line":5,"column":45}},"5":{"start":{"line":8,"column":7},"end":{"line":171,"column":null}},"6":{"start":{"line":11,"column":12},"end":{"line":11,"column":29}},"7":{"start":{"line":13,"column":12},"end":{"line":13,"column":22}},"8":{"start":{"line":17,"column":4},"end":{"line":36,"column":5}},"9":{"start":{"line":18,"column":21},"end":{"line":30,"column":8}},"10":{"start":{"line":31,"column":26},"end":{"line":31,"column":65}},"11":{"start":{"line":32,"column":6},"end":{"line":32,"column":25}},"12":{"start":{"line":34,"column":6},"end":{"line":34,"column":58}},"13":{"start":{"line":35,"column":6},"end":{"line":35,"column":18}},"14":{"start":{"line":40,"column":4},"end":{"line":51,"column":5}},"15":{"start":{"line":41,"column":21},"end":{"line":41,"column":78}},"16":{"start":{"line":42,"column":6},"end":{"line":42,"column":31}},"17":{"start":{"line":42,"column":19},"end":{"line":42,"column":31}},"18":{"start":{"line":43,"column":6},"end":{"line":43,"column":29}},"19":{"start":{"line":44,"column":6},"end":{"line":46,"column":7}},"20":{"start":{"line":45,"column":8},"end":{"line":45,"column":36}},"21":{"start":{"line":47,"column":6},"end":{"line":47,"column":53}},"22":{"start":{"line":49,"column":6},"end":{"line":49,"column":58}},"23":{"start":{"line":50,"column":6},"end":{"line":50,"column":18}},"24":{"start":{"line":55,"column":4},"end":{"line":66,"column":5}},"25":{"start":{"line":56,"column":21},"end":{"line":56,"column":74}},"26":{"start":{"line":57,"column":6},"end":{"line":57,"column":72}},"27":{"start":{"line":57,"column":19},"end":{"line":57,"column":72}},"28":{"start":{"line":59,"column":6},"end":{"line":59,"column":33}},"29":{"start":{"line":60,"column":6},"end":{"line":60,"column":29}},"30":{"start":{"line":61,"column":6},"end":{"line":61,"column":34}},"31":{"start":{"line":62,"column":6},"end":{"line":62,"column":53}},"32":{"start":{"line":64,"column":6},"end":{"line":64,"column":56}},"33":{"start":{"line":65,"column":6},"end":{"line":65,"column":18}},"34":{"start":{"line":70,"column":4},"end":{"line":127,"column":5}},"35":{"start":{"line":71,"column":24},"end":{"line":71,"column":38}},"36":{"start":{"line":72,"column":22},"end":{"line":78,"column":8}},"37":{"start":{"line":80,"column":24},"end":{"line":80,"column":41}},"38":{"start":{"line":81,"column":6},"end":{"line":84,"column":7}},"39":{"start":{"line":82,"column":8},"end":{"line":82,"column":60}},"40":{"start":{"line":82,"column":29},"end":{"line":82,"column":60}},"41":{"start":{"line":83,"column":8},"end":{"line":83,"column":64}},"42":{"start":{"line":83,"column":31},"end":{"line":83,"column":64}},"43":{"start":{"line":86,"column":25},"end":{"line":86,"column":46}},"44":{"start":{"line":87,"column":20},"end":{"line":89,"column":14}},"45":{"start":{"line":91,"column":22},"end":{"line":91,"column":67}},"46":{"start":{"line":91,"column":50},"end":{"line":91,"column":65}},"47":{"start":{"line":93,"column":6},"end":{"line":123,"column":9}},"48":{"start":{"line":94,"column":28},"end":{"line":94,"column":43}},"49":{"start":{"line":95,"column":30},"end":{"line":95,"column":47}},"50":{"start":{"line":96,"column":28},"end":{"line":96,"column":83}},"51":{"start":{"line":97,"column":26},"end":{"line":97,"column":50}},"52":{"start":{"line":98,"column":27},"end":{"line":98,"column":50}},"53":{"start":{"line":99,"column":29},"end":{"line":99,"column":54}},"54":{"start":{"line":100,"column":30},"end":{"line":102,"column":89}},"55":{"start":{"line":103,"column":31},"end":{"line":103,"column":56}},"56":{"start":{"line":105,"column":8},"end":{"line":122,"column":10}},"57":{"start":{"line":125,"column":6},"end":{"line":125,"column":63}},"58":{"start":{"line":126,"column":6},"end":{"line":126,"column":18}},"59":{"start":{"line":131,"column":4},"end":{"line":138,"column":5}},"60":{"start":{"line":132,"column":21},"end":{"line":132,"column":74}},"61":{"start":{"line":133,"column":6},"end":{"line":133,"column":72}},"62":{"start":{"line":133,"column":19},"end":{"line":133,"column":72}},"63":{"start":{"line":134,"column":6},"end":{"line":134,"column":20}},"64":{"start":{"line":136,"column":6},"end":{"line":136,"column":57}},"65":{"start":{"line":137,"column":6},"end":{"line":137,"column":18}},"66":{"start":{"line":142,"column":4},"end":{"line":169,"column":5}},"67":{"start":{"line":143,"column":19},"end":{"line":149,"column":8}},"68":{"start":{"line":151,"column":6},"end":{"line":163,"column":7}},"69":{"start":{"line":152,"column":8},"end":{"line":158,"column":11}},"70":{"start":{"line":160,"column":8},"end":{"line":160,"column":35}},"71":{"start":{"line":161,"column":8},"end":{"line":161,"column":31}},"72":{"start":{"line":162,"column":8},"end":{"line":162,"column":36}},"73":{"start":{"line":165,"column":6},"end":{"line":165,"column":53}},"74":{"start":{"line":167,"column":6},"end":{"line":167,"column":59}},"75":{"start":{"line":168,"column":6},"end":{"line":168,"column":18}},"76":{"start":{"line":8,"column":13},"end":{"line":8,"column":31}},"77":{"start":{"line":8,"column":13},"end":{"line":171,"column":null}}},"fnMap":{"0":{"name":"(anonymous_4)","decl":{"start":{"line":9,"column":2},"end":{"line":9,"column":null}},"loc":{"start":{"line":13,"column":38},"end":{"line":14,"column":6}}},"1":{"name":"(anonymous_5)","decl":{"start":{"line":16,"column":2},"end":{"line":16,"column":7}},"loc":{"start":{"line":16,"column":34},"end":{"line":37,"column":3}}},"2":{"name":"(anonymous_6)","decl":{"start":{"line":39,"column":2},"end":{"line":39,"column":7}},"loc":{"start":{"line":39,"column":55},"end":{"line":52,"column":3}}},"3":{"name":"(anonymous_7)","decl":{"start":{"line":54,"column":2},"end":{"line":54,"column":7}},"loc":{"start":{"line":54,"column":66},"end":{"line":67,"column":3}}},"4":{"name":"(anonymous_8)","decl":{"start":{"line":69,"column":2},"end":{"line":69,"column":7}},"loc":{"start":{"line":69,"column":41},"end":{"line":128,"column":3}}},"5":{"name":"(anonymous_9)","decl":{"start":{"line":91,"column":40},"end":{"line":91,"column":41}},"loc":{"start":{"line":91,"column":50},"end":{"line":91,"column":65}}},"6":{"name":"(anonymous_10)","decl":{"start":{"line":93,"column":25},"end":{"line":93,"column":26}},"loc":{"start":{"line":93,"column":36},"end":{"line":123,"column":7}}},"7":{"name":"(anonymous_11)","decl":{"start":{"line":130,"column":2},"end":{"line":130,"column":7}},"loc":{"start":{"line":130,"column":36},"end":{"line":139,"column":3}}},"8":{"name":"(anonymous_12)","decl":{"start":{"line":141,"column":2},"end":{"line":141,"column":7}},"loc":{"start":{"line":141,"column":110},"end":{"line":170,"column":3}}}},"branchMap":{"0":{"loc":{"start":{"line":22,"column":18},"end":{"line":22,"column":37}},"type":"binary-expr","locations":[{"start":{"line":22,"column":18},"end":{"line":22,"column":31}},{"start":{"line":22,"column":35},"end":{"line":22,"column":37}}]},"1":{"loc":{"start":{"line":23,"column":20},"end":{"line":23,"column":41}},"type":"binary-expr","locations":[{"start":{"line":23,"column":20},"end":{"line":23,"column":35}},{"start":{"line":23,"column":39},"end":{"line":23,"column":41}}]},"2":{"loc":{"start":{"line":24,"column":22},"end":{"line":24,"column":45}},"type":"binary-expr","locations":[{"start":{"line":24,"column":22},"end":{"line":24,"column":39}},{"start":{"line":24,"column":43},"end":{"line":24,"column":45}}]},"3":{"loc":{"start":{"line":25,"column":18},"end":{"line":25,"column":42}},"type":"binary-expr","locations":[{"start":{"line":25,"column":18},"end":{"line":25,"column":31}},{"start":{"line":25,"column":35},"end":{"line":25,"column":42}}]},"4":{"loc":{"start":{"line":27,"column":16},"end":{"line":27,"column":40}},"type":"binary-expr","locations":[{"start":{"line":27,"column":16},"end":{"line":27,"column":27}},{"start":{"line":27,"column":31},"end":{"line":27,"column":40}}]},"5":{"loc":{"start":{"line":28,"column":19},"end":{"line":28,"column":47}},"type":"binary-expr","locations":[{"start":{"line":28,"column":19},"end":{"line":28,"column":33}},{"start":{"line":28,"column":37},"end":{"line":28,"column":47}}]},"6":{"loc":{"start":{"line":29,"column":17},"end":{"line":29,"column":37}},"type":"binary-expr","locations":[{"start":{"line":29,"column":17},"end":{"line":29,"column":29}},{"start":{"line":29,"column":33},"end":{"line":29,"column":37}}]},"7":{"loc":{"start":{"line":42,"column":6},"end":{"line":42,"column":31}},"type":"if","locations":[{"start":{"line":42,"column":6},"end":{"line":42,"column":31}},{"start":{},"end":{}}]},"8":{"loc":{"start":{"line":44,"column":6},"end":{"line":46,"column":7}},"type":"if","locations":[{"start":{"line":44,"column":6},"end":{"line":46,"column":7}},{"start":{},"end":{}}]},"9":{"loc":{"start":{"line":44,"column":10},"end":{"line":44,"column":80}},"type":"binary-expr","locations":[{"start":{"line":44,"column":10},"end":{"line":44,"column":29}},{"start":{"line":44,"column":33},"end":{"line":44,"column":54}},{"start":{"line":44,"column":58},"end":{"line":44,"column":80}}]},"10":{"loc":{"start":{"line":57,"column":6},"end":{"line":57,"column":72}},"type":"if","locations":[{"start":{"line":57,"column":6},"end":{"line":57,"column":72}},{"start":{},"end":{}}]},"11":{"loc":{"start":{"line":82,"column":8},"end":{"line":82,"column":60}},"type":"if","locations":[{"start":{"line":82,"column":8},"end":{"line":82,"column":60}},{"start":{},"end":{}}]},"12":{"loc":{"start":{"line":83,"column":8},"end":{"line":83,"column":64}},"type":"if","locations":[{"start":{"line":83,"column":8},"end":{"line":83,"column":64}},{"start":{},"end":{}}]},"13":{"loc":{"start":{"line":87,"column":20},"end":{"line":89,"column":14}},"type":"cond-expr","locations":[{"start":{"line":88,"column":12},"end":{"line":88,"column":53}},{"start":{"line":89,"column":12},"end":{"line":89,"column":14}}]},"14":{"loc":{"start":{"line":96,"column":28},"end":{"line":96,"column":83}},"type":"cond-expr","locations":[{"start":{"line":96,"column":56},"end":{"line":96,"column":69}},{"start":{"line":96,"column":72},"end":{"line":96,"column":83}}]},"15":{"loc":{"start":{"line":98,"column":27},"end":{"line":98,"column":50}},"type":"binary-expr","locations":[{"start":{"line":98,"column":27},"end":{"line":98,"column":44}},{"start":{"line":98,"column":48},"end":{"line":98,"column":50}}]},"16":{"loc":{"start":{"line":99,"column":29},"end":{"line":99,"column":54}},"type":"binary-expr","locations":[{"start":{"line":99,"column":29},"end":{"line":99,"column":48}},{"start":{"line":99,"column":52},"end":{"line":99,"column":54}}]},"17":{"loc":{"start":{"line":100,"column":30},"end":{"line":102,"column":89}},"type":"cond-expr","locations":[{"start":{"line":101,"column":14},"end":{"line":101,"column":91}},{"start":{"line":102,"column":14},"end":{"line":102,"column":89}}]},"18":{"loc":{"start":{"line":101,"column":14},"end":{"line":101,"column":91}},"type":"binary-expr","locations":[{"start":{"line":101,"column":14},"end":{"line":101,"column":26}},{"start":{"line":101,"column":30},"end":{"line":101,"column":45}},{"start":{"line":101,"column":49},"end":{"line":101,"column":65}},{"start":{"line":101,"column":69},"end":{"line":101,"column":91}}]},"19":{"loc":{"start":{"line":102,"column":14},"end":{"line":102,"column":89}},"type":"binary-expr","locations":[{"start":{"line":102,"column":14},"end":{"line":102,"column":24}},{"start":{"line":102,"column":28},"end":{"line":102,"column":43}},{"start":{"line":102,"column":47},"end":{"line":102,"column":63}},{"start":{"line":102,"column":67},"end":{"line":102,"column":89}}]},"20":{"loc":{"start":{"line":103,"column":31},"end":{"line":103,"column":56}},"type":"binary-expr","locations":[{"start":{"line":103,"column":31},"end":{"line":103,"column":50}},{"start":{"line":103,"column":54},"end":{"line":103,"column":56}}]},"21":{"loc":{"start":{"line":116,"column":20},"end":{"line":116,"column":46}},"type":"binary-expr","locations":[{"start":{"line":116,"column":20},"end":{"line":116,"column":35}},{"start":{"line":116,"column":39},"end":{"line":116,"column":46}}]},"22":{"loc":{"start":{"line":117,"column":20},"end":{"line":117,"column":40}},"type":"binary-expr","locations":[{"start":{"line":117,"column":20},"end":{"line":117,"column":35}},{"start":{"line":117,"column":39},"end":{"line":117,"column":40}}]},"23":{"loc":{"start":{"line":118,"column":18},"end":{"line":118,"column":44}},"type":"binary-expr","locations":[{"start":{"line":118,"column":18},"end":{"line":118,"column":31}},{"start":{"line":118,"column":35},"end":{"line":118,"column":44}}]},"24":{"loc":{"start":{"line":121,"column":21},"end":{"line":121,"column":57}},"type":"binary-expr","locations":[{"start":{"line":121,"column":21},"end":{"line":121,"column":37}},{"start":{"line":121,"column":41},"end":{"line":121,"column":57}}]},"25":{"loc":{"start":{"line":133,"column":6},"end":{"line":133,"column":72}},"type":"if","locations":[{"start":{"line":133,"column":6},"end":{"line":133,"column":72}},{"start":{},"end":{}}]},"26":{"loc":{"start":{"line":151,"column":6},"end":{"line":163,"column":7}},"type":"if","locations":[{"start":{"line":151,"column":6},"end":{"line":163,"column":7}},{"start":{"line":159,"column":13},"end":{"line":163,"column":7}}]},"27":{"loc":{"start":{"line":11,"column":29},"end":{"line":11,"column":52}},"type":"cond-expr","locations":[{"start":{"line":11,"column":39},"end":{"line":11,"column":52}},{"start":{"line":11,"column":39},"end":{"line":11,"column":52}}]},"28":{"loc":{"start":{"line":11,"column":29},"end":{"line":11,"column":39}},"type":"binary-expr","locations":[{"start":{"line":11,"column":29},"end":{"line":11,"column":52}},{"start":{"line":11,"column":29},"end":{"line":11,"column":39}}]},"29":{"loc":{"start":{"line":11,"column":39},"end":{"line":13,"column":38}},"type":"cond-expr","locations":[{"start":{"line":13,"column":32},"end":{"line":13,"column":38}},{"start":{"line":13,"column":32},"end":{"line":13,"column":38}}]},"30":{"loc":{"start":{"line":11,"column":39},"end":{"line":13,"column":32}},"type":"binary-expr","locations":[{"start":{"line":11,"column":39},"end":{"line":13,"column":38}},{"start":{"line":13,"column":22},"end":{"line":13,"column":32}}]}},"s":{"0":0,"1":0,"2":0,"3":0,"4":0,"5":0,"6":0,"7":0,"8":0,"9":0,"10":0,"11":0,"12":0,"13":0,"14":0,"15":0,"16":0,"17":0,"18":0,"19":0,"20":0,"21":0,"22":0,"23":0,"24":0,"25":0,"26":0,"27":0,"28":0,"29":0,"30":0,"31":0,"32":0,"33":0,"34":0,"35":0,"36":0,"37":0,"38":0,"39":0,"40":0,"41":0,"42":0,"43":0,"44":0,"45":0,"46":0,"47":0,"48":0,"49":0,"50":0,"51":0,"52":0,"53":0,"54":0,"55":0,"56":0,"57":0,"58":0,"59":0,"60":0,"61":0,"62":0,"63":0,"64":0,"65":0,"66":0,"67":0,"68":0,"69":0,"70":0,"71":0,"72":0,"73":0,"74":0,"75":0,"76":0,"77":0},"f":{"0":0,"1":0,"2":0,"3":0,"4":0,"5":0,"6":0,"7":0,"8":0},"b":{"0":[0,0],"1":[0,0],"2":[0,0],"3":[0,0],"4":[0,0],"5":[0,0],"6":[0,0],"7":[0,0],"8":[0,0],"9":[0,0,0],"10":[0,0],"11":[0,0],"12":[0,0],"13":[0,0],"14":[0,0],"15":[0,0],"16":[0,0],"17":[0,0],"18":[0,0,0,0],"19":[0,0,0,0],"20":[0,0],"21":[0,0],"22":[0,0],"23":[0,0],"24":[0,0],"25":[0,0],"26":[0,0],"27":[0,0],"28":[0,0],"29":[0,0],"30":[0,0]}}
,"D:\\commit\\vdate-backend\\src\\call-history\\dto\\create-call-history.dto.ts": {"path":"D:\\commit\\vdate-backend\\src\\call-history\\dto\\create-call-history.dto.ts","statementMap":{"0":{"start":{"line":1,"column":0},"end":{"line":1,"column":77}},"1":{"start":{"line":3,"column":0},"end":{"line":3,"column":13}},"2":{"start":{"line":6,"column":2},"end":{"line":6,"column":null}},"3":{"start":{"line":10,"column":2},"end":{"line":10,"column":null}},"4":{"start":{"line":14,"column":2},"end":{"line":14,"column":null}},"5":{"start":{"line":18,"column":2},"end":{"line":18,"column":null}},"6":{"start":{"line":22,"column":2},"end":{"line":22,"column":null}},"7":{"start":{"line":26,"column":2},"end":{"line":26,"column":null}}},"fnMap":{},"branchMap":{},"s":{"0":0,"1":0,"2":0,"3":0,"4":0,"5":0,"6":0,"7":0},"f":{},"b":{}}
,"D:\\commit\\vdate-backend\\src\\calls\\calls.controller.ts": {"path":"D:\\commit\\vdate-backend\\src\\calls\\calls.controller.ts","statementMap":{"0":{"start":{"line":1,"column":0},"end":{"line":1,"column":null}},"1":{"start":{"line":8,"column":0},"end":{"line":8,"column":null}},"2":{"start":{"line":11,"column":0},"end":{"line":11,"column":null}},"3":{"start":{"line":14,"column":0},"end":{"line":14,"column":null}},"4":{"start":{"line":18,"column":7},"end":{"line":69,"column":null}},"5":{"start":{"line":21,"column":21},"end":{"line":21,"column":null}},"6":{"start":{"line":38,"column":6},"end":{"line":38,"column":44}},"7":{"start":{"line":40,"column":4},"end":{"line":44,"column":5}},"8":{"start":{"line":41,"column":6},"end":{"line":43,"column":8}},"9":{"start":{"line":46,"column":4},"end":{"line":49,"column":6}},"10":{"start":{"line":64,"column":4},"end":{"line":67,"column":8}},"11":{"start":{"line":18,"column":13},"end":{"line":18,"column":28}},"12":{"start":{"line":30,"column":8},"end":{"line":50,"column":null}},"13":{"start":{"line":57,"column":8},"end":{"line":68,"column":null}},"14":{"start":{"line":18,"column":13},"end":{"line":69,"column":null}}},"fnMap":{"0":{"name":"(anonymous_4)","decl":{"start":{"line":20,"column":2},"end":{"line":20,"column":null}},"loc":{"start":{"line":22,"column":18},"end":{"line":23,"column":6}}},"1":{"name":"(anonymous_5)","decl":{"start":{"line":30,"column":8},"end":{"line":30,"column":22}},"loc":{"start":{"line":34,"column":19},"end":{"line":50,"column":3}}},"2":{"name":"(anonymous_6)","decl":{"start":{"line":57,"column":8},"end":{"line":57,"column":20}},"loc":{"start":{"line":60,"column":25},"end":{"line":68,"column":3}}}},"branchMap":{"0":{"loc":{"start":{"line":38,"column":6},"end":{"line":38,"column":44}},"type":"binary-expr","locations":[{"start":{"line":38,"column":6},"end":{"line":38,"column":24}},{"start":{"line":38,"column":28},"end":{"line":38,"column":44}}]},"1":{"loc":{"start":{"line":40,"column":4},"end":{"line":44,"column":5}},"type":"if","locations":[{"start":{"line":40,"column":4},"end":{"line":44,"column":5}},{"start":{},"end":{}}]},"2":{"loc":{"start":{"line":33,"column":10},"end":{"line":33,"column":null}},"type":"cond-expr","locations":[{"start":{"line":33,"column":27},"end":{"line":33,"column":null}},{"start":{"line":33,"column":27},"end":{"line":33,"column":null}}]},"3":{"loc":{"start":{"line":33,"column":10},"end":{"line":33,"column":27}},"type":"binary-expr","locations":[{"start":{"line":33,"column":10},"end":{"line":33,"column":null}},{"start":{"line":33,"column":10},"end":{"line":33,"column":27}}]},"4":{"loc":{"start":{"line":60,"column":10},"end":{"line":60,"column":null}},"type":"cond-expr","locations":[{"start":{"line":60,"column":25},"end":{"line":60,"column":null}},{"start":{"line":60,"column":25},"end":{"line":60,"column":null}}]},"5":{"loc":{"start":{"line":60,"column":10},"end":{"line":60,"column":25}},"type":"binary-expr","locations":[{"start":{"line":60,"column":10},"end":{"line":60,"column":null}},{"start":{"line":60,"column":10},"end":{"line":60,"column":25}}]},"6":{"loc":{"start":{"line":22,"column":6},"end":{"line":22,"column":null}},"type":"cond-expr","locations":[{"start":{"line":22,"column":18},"end":{"line":22,"column":null}},{"start":{"line":22,"column":18},"end":{"line":22,"column":null}}]},"7":{"loc":{"start":{"line":22,"column":6},"end":{"line":22,"column":18}},"type":"binary-expr","locations":[{"start":{"line":22,"column":6},"end":{"line":22,"column":null}},{"start":{"line":22,"column":6},"end":{"line":22,"column":18}}]}},"s":{"0":0,"1":0,"2":0,"3":0,"4":0,"5":0,"6":0,"7":0,"8":0,"9":0,"10":0,"11":0,"12":0,"13":0,"14":0},"f":{"0":0,"1":0,"2":0},"b":{"0":[0,0],"1":[0,0],"2":[0,0],"3":[0,0],"4":[0,0],"5":[0,0],"6":[0,0],"7":[0,0]}}
,"D:\\commit\\vdate-backend\\src\\calls\\calls.module.ts": {"path":"D:\\commit\\vdate-backend\\src\\calls\\calls.module.ts","statementMap":{"0":{"start":{"line":1,"column":0},"end":{"line":1,"column":40}},"1":{"start":{"line":3,"column":0},"end":{"line":3,"column":48}},"2":{"start":{"line":5,"column":0},"end":{"line":5,"column":53}},"3":{"start":{"line":6,"column":0},"end":{"line":6,"column":47}},"4":{"start":{"line":8,"column":0},"end":{"line":8,"column":52}},"5":{"start":{"line":10,"column":0},"end":{"line":10,"column":45}},"6":{"start":{"line":12,"column":0},"end":{"line":12,"column":72}},"7":{"start":{"line":30,"column":7},"end":{"line":30,"column":null}},"8":{"start":{"line":30,"column":13},"end":{"line":30,"column":24}},"9":{"start":{"line":30,"column":13},"end":{"line":30,"column":null}}},"fnMap":{},"branchMap":{},"s":{"0":0,"1":0,"2":0,"3":0,"4":0,"5":0,"6":0,"7":0,"8":0,"9":0},"f":{},"b":{}}
,"D:\\commit\\vdate-backend\\src\\calls\\calls.service.ts": {"path":"D:\\commit\\vdate-backend\\src\\calls\\calls.service.ts","statementMap":{"0":{"start":{"line":1,"column":0},"end":{"line":1,"column":null}},"1":{"start":{"line":6,"column":0},"end":{"line":6,"column":null}},"2":{"start":{"line":9,"column":0},"end":{"line":9,"column":null}},"3":{"start":{"line":12,"column":0},"end":{"line":12,"column":null}},"4":{"start":{"line":15,"column":0},"end":{"line":15,"column":null}},"5":{"start":{"line":18,"column":0},"end":{"line":18,"column":null}},"6":{"start":{"line":22,"column":7},"end":{"line":379,"column":null}},"7":{"start":{"line":26,"column":21},"end":{"line":26,"column":null}},"8":{"start":{"line":30,"column":21},"end":{"line":30,"column":null}},"9":{"start":{"line":33,"column":21},"end":{"line":33,"column":null}},"10":{"start":{"line":47,"column":4},"end":{"line":54,"column":5}},"11":{"start":{"line":51,"column":6},"end":{"line":53,"column":8}},"12":{"start":{"line":61,"column":6},"end":{"line":65,"column":8}},"13":{"start":{"line":68,"column":6},"end":{"line":72,"column":8}},"14":{"start":{"line":74,"column":4},"end":{"line":79,"column":5}},"15":{"start":{"line":76,"column":6},"end":{"line":78,"column":8}},"16":{"start":{"line":81,"column":4},"end":{"line":86,"column":5}},"17":{"start":{"line":83,"column":6},"end":{"line":85,"column":8}},"18":{"start":{"line":92,"column":4},"end":{"line":99,"column":5}},"19":{"start":{"line":96,"column":6},"end":{"line":98,"column":8}},"20":{"start":{"line":106,"column":6},"end":{"line":107,"column":null}},"21":{"start":{"line":111,"column":6},"end":{"line":112,"column":null}},"22":{"start":{"line":116,"column":6},"end":{"line":117,"column":null}},"23":{"start":{"line":121,"column":6},"end":{"line":122,"column":null}},"24":{"start":{"line":126,"column":6},"end":{"line":127,"column":null}},"25":{"start":{"line":131,"column":6},"end":{"line":132,"column":null}},"26":{"start":{"line":136,"column":6},"end":{"line":137,"column":41}},"27":{"start":{"line":140,"column":6},"end":{"line":142,"column":53}},"28":{"start":{"line":144,"column":4},"end":{"line":152,"column":5}},"29":{"start":{"line":149,"column":6},"end":{"line":151,"column":8}},"30":{"start":{"line":155,"column":4},"end":{"line":165,"column":5}},"31":{"start":{"line":159,"column":6},"end":{"line":164,"column":8}},"32":{"start":{"line":172,"column":6},"end":{"line":173,"column":null}},"33":{"start":{"line":176,"column":4},"end":{"line":184,"column":5}},"34":{"start":{"line":181,"column":6},"end":{"line":183,"column":8}},"35":{"start":{"line":190,"column":4},"end":{"line":192,"column":6}},"36":{"start":{"line":194,"column":4},"end":{"line":196,"column":6}},"37":{"start":{"line":203,"column":6},"end":{"line":203,"column":26}},"38":{"start":{"line":209,"column":4},"end":{"line":220,"column":6}},"39":{"start":{"line":222,"column":4},"end":{"line":226,"column":6}},"40":{"start":{"line":228,"column":4},"end":{"line":232,"column":6}},"41":{"start":{"line":238,"column":4},"end":{"line":256,"column":5}},"42":{"start":{"line":239,"column":25},"end":{"line":239,"column":63}},"43":{"start":{"line":240,"column":27},"end":{"line":240,"column":64}},"44":{"start":{"line":242,"column":6},"end":{"line":252,"column":9}},"45":{"start":{"line":254,"column":6},"end":{"line":254,"column":68}},"46":{"start":{"line":258,"column":4},"end":{"line":260,"column":6}},"47":{"start":{"line":262,"column":4},"end":{"line":270,"column":6}},"48":{"start":{"line":278,"column":17},"end":{"line":278,"column":62}},"49":{"start":{"line":279,"column":4},"end":{"line":282,"column":5}},"50":{"start":{"line":280,"column":6},"end":{"line":280,"column":27}},"51":{"start":{"line":281,"column":6},"end":{"line":281,"column":64}},"52":{"start":{"line":283,"column":4},"end":{"line":283,"column":67}},"53":{"start":{"line":295,"column":6},"end":{"line":296,"column":null}},"54":{"start":{"line":299,"column":4},"end":{"line":304,"column":5}},"55":{"start":{"line":301,"column":6},"end":{"line":303,"column":8}},"56":{"start":{"line":310,"column":22},"end":{"line":310,"column":46}},"57":{"start":{"line":311,"column":20},"end":{"line":311,"column":30}},"58":{"start":{"line":312,"column":21},"end":{"line":312,"column":81}},"59":{"start":{"line":318,"column":4},"end":{"line":329,"column":5}},"60":{"start":{"line":319,"column":6},"end":{"line":325,"column":8}},"61":{"start":{"line":327,"column":6},"end":{"line":327,"column":68}},"62":{"start":{"line":335,"column":4},"end":{"line":337,"column":6}},"63":{"start":{"line":339,"column":4},"end":{"line":341,"column":6}},"64":{"start":{"line":347,"column":4},"end":{"line":349,"column":6}},"65":{"start":{"line":351,"column":4},"end":{"line":353,"column":6}},"66":{"start":{"line":359,"column":4},"end":{"line":361,"column":6}},"67":{"start":{"line":363,"column":4},"end":{"line":365,"column":6}},"68":{"start":{"line":367,"column":4},"end":{"line":369,"column":6}},"69":{"start":{"line":371,"column":4},"end":{"line":373,"column":6}},"70":{"start":{"line":375,"column":4},"end":{"line":377,"column":6}},"71":{"start":{"line":22,"column":13},"end":{"line":22,"column":25}},"72":{"start":{"line":22,"column":13},"end":{"line":379,"column":null}}},"fnMap":{"0":{"name":"(anonymous_4)","decl":{"start":{"line":24,"column":2},"end":{"line":24,"column":null}},"loc":{"start":{"line":34,"column":24},"end":{"line":35,"column":6}}},"1":{"name":"(anonymous_5)","decl":{"start":{"line":41,"column":2},"end":{"line":41,"column":7}},"loc":{"start":{"line":43,"column":22},"end":{"line":271,"column":3}}},"2":{"name":"(anonymous_6)","decl":{"start":{"line":277,"column":2},"end":{"line":277,"column":7}},"loc":{"start":{"line":277,"column":55},"end":{"line":284,"column":3}}},"3":{"name":"(anonymous_7)","decl":{"start":{"line":290,"column":2},"end":{"line":290,"column":7}},"loc":{"start":{"line":291,"column":18},"end":{"line":378,"column":3}}}},"branchMap":{"0":{"loc":{"start":{"line":47,"column":4},"end":{"line":54,"column":5}},"type":"if","locations":[{"start":{"line":47,"column":4},"end":{"line":54,"column":5}},{"start":{},"end":{}}]},"1":{"loc":{"start":{"line":74,"column":4},"end":{"line":79,"column":5}},"type":"if","locations":[{"start":{"line":74,"column":4},"end":{"line":79,"column":5}},{"start":{},"end":{}}]},"2":{"loc":{"start":{"line":81,"column":4},"end":{"line":86,"column":5}},"type":"if","locations":[{"start":{"line":81,"column":4},"end":{"line":86,"column":5}},{"start":{},"end":{}}]},"3":{"loc":{"start":{"line":92,"column":4},"end":{"line":99,"column":5}},"type":"if","locations":[{"start":{"line":92,"column":4},"end":{"line":99,"column":5}},{"start":{},"end":{}}]},"4":{"loc":{"start":{"line":93,"column":7},"end":{"line":93,"column":24}},"type":"binary-expr","locations":[{"start":{"line":93,"column":7},"end":{"line":93,"column":19}},{"start":{"line":93,"column":23},"end":{"line":93,"column":24}}]},"5":{"loc":{"start":{"line":136,"column":6},"end":{"line":137,"column":41}},"type":"binary-expr","locations":[{"start":{"line":136,"column":6},"end":{"line":136,"column":36}},{"start":{"line":137,"column":6},"end":{"line":137,"column":41}}]},"6":{"loc":{"start":{"line":140,"column":6},"end":{"line":142,"column":53}},"type":"binary-expr","locations":[{"start":{"line":140,"column":6},"end":{"line":140,"column":34}},{"start":{"line":141,"column":6},"end":{"line":141,"column":36}},{"start":{"line":142,"column":6},"end":{"line":142,"column":53}}]},"7":{"loc":{"start":{"line":144,"column":4},"end":{"line":152,"column":5}},"type":"if","locations":[{"start":{"line":144,"column":4},"end":{"line":152,"column":5}},{"start":{},"end":{}}]},"8":{"loc":{"start":{"line":145,"column":6},"end":{"line":146,"column":24}},"type":"binary-expr","locations":[{"start":{"line":145,"column":7},"end":{"line":145,"column":17}},{"start":{"line":145,"column":21},"end":{"line":145,"column":33}},{"start":{"line":146,"column":6},"end":{"line":146,"column":24}}]},"9":{"loc":{"start":{"line":155,"column":4},"end":{"line":165,"column":5}},"type":"if","locations":[{"start":{"line":155,"column":4},"end":{"line":165,"column":5}},{"start":{},"end":{}}]},"10":{"loc":{"start":{"line":156,"column":6},"end":{"line":157,"column":21}},"type":"binary-expr","locations":[{"start":{"line":156,"column":6},"end":{"line":156,"column":23}},{"start":{"line":157,"column":6},"end":{"line":157,"column":21}}]},"11":{"loc":{"start":{"line":176,"column":4},"end":{"line":184,"column":5}},"type":"if","locations":[{"start":{"line":176,"column":4},"end":{"line":184,"column":5}},{"start":{},"end":{}}]},"12":{"loc":{"start":{"line":177,"column":6},"end":{"line":178,"column":31}},"type":"binary-expr","locations":[{"start":{"line":177,"column":6},"end":{"line":177,"column":13}},{"start":{"line":178,"column":6},"end":{"line":178,"column":31}}]},"13":{"loc":{"start":{"line":239,"column":25},"end":{"line":239,"column":63}},"type":"binary-expr","locations":[{"start":{"line":239,"column":25},"end":{"line":239,"column":36}},{"start":{"line":239,"column":40},"end":{"line":239,"column":63}}]},"14":{"loc":{"start":{"line":240,"column":27},"end":{"line":240,"column":64}},"type":"bina
[...]
42,"column":4},"end":{"line":247,"column":5}},"43":{"start":{"line":244,"column":6},"end":{"line":246,"column":8}},"44":{"start":{"line":250,"column":6},"end":{"line":252,"column":null}},"45":{"start":{"line":255,"column":4},"end":{"line":260,"column":6}},"46":{"start":{"line":262,"column":4},"end":{"line":262,"column":24}},"47":{"start":{"line":274,"column":6},"end":{"line":275,"column":null}},"48":{"start":{"line":278,"column":4},"end":{"line":280,"column":5}},"49":{"start":{"line":279,"column":6},"end":{"line":279,"column":13}},"50":{"start":{"line":283,"column":6},"end":{"line":283,"column":21}},"51":{"start":{"line":286,"column":4},"end":{"line":289,"column":6}},"52":{"start":{"line":292,"column":4},"end":{"line":301,"column":5}},"53":{"start":{"line":297,"column":6},"end":{"line":300,"column":8}},"54":{"start":{"line":303,"column":4},"end":{"line":312,"column":5}},"55":{"start":{"line":308,"column":6},"end":{"line":311,"column":8}},"56":{"start":{"line":315,"column":4},"end":{"line":322,"column":6}},"57":{"start":{"line":324,"column":4},"end":{"line":326,"column":6}},"58":{"start":{"line":328,"column":4},"end":{"line":331,"column":7}},"59":{"start":{"line":343,"column":6},"end":{"line":344,"column":null}},"60":{"start":{"line":347,"column":4},"end":{"line":349,"column":5}},"61":{"start":{"line":348,"column":6},"end":{"line":348,"column":13}},"62":{"start":{"line":352,"column":6},"end":{"line":352,"column":21}},"63":{"start":{"line":355,"column":4},"end":{"line":358,"column":6}},"64":{"start":{"line":361,"column":4},"end":{"line":375,"column":5}},"65":{"start":{"line":366,"column":6},"end":{"line":369,"column":8}},"66":{"start":{"line":371,"column":6},"end":{"line":374,"column":8}},"67":{"start":{"line":377,"column":4},"end":{"line":391,"column":5}},"68":{"start":{"line":382,"column":6},"end":{"line":385,"column":8}},"69":{"start":{"line":387,"column":6},"end":{"line":390,"column":8}},"70":{"start":{"line":394,"column":4},"end":{"line":401,"column":6}},"71":{"start":{"line":403,"column":4},"end":{"line":405,"column":6}},"72":{"start":{"line":407,"column":4},"end":{"line":410,"column":7}},"73":{"start":{"line":420,"column":4},"end":{"line":421,"column":null}},"74":{"start":{"line":424,"column":2},"end":{"line":427,"column":4}},"75":{"start":{"line":433,"column":2},"end":{"line":467,"column":3}},"76":{"start":{"line":438,"column":4},"end":{"line":440,"column":6}},"77":{"start":{"line":442,"column":4},"end":{"line":466,"column":7}},"78":{"start":{"line":474,"column":4},"end":{"line":481,"column":null}},"79":{"start":{"line":476,"column":19},"end":{"line":476,"column":29}},"80":{"start":{"line":480,"column":10},"end":{"line":481,"column":16}},"81":{"start":{"line":484,"column":2},"end":{"line":507,"column":5}},"82":{"start":{"line":515,"column":4},"end":{"line":532,"column":7}},"83":{"start":{"line":544,"column":6},"end":{"line":545,"column":null}},"84":{"start":{"line":548,"column":4},"end":{"line":553,"column":5}},"85":{"start":{"line":550,"column":6},"end":{"line":552,"column":8}},"86":{"start":{"line":555,"column":4},"end":{"line":560,"column":5}},"87":{"start":{"line":557,"column":6},"end":{"line":559,"column":8}},"88":{"start":{"line":562,"column":23},"end":{"line":562,"column":25}},"89":{"start":{"line":564,"column":4},"end":{"line":572,"column":5}},"90":{"start":{"line":570,"column":6},"end":{"line":571,"column":17}},"91":{"start":{"line":574,"column":4},"end":{"line":582,"column":5}},"92":{"start":{"line":580,"column":6},"end":{"line":581,"column":15}},"93":{"start":{"line":585,"column":6},"end":{"line":586,"column":null}},"94":{"start":{"line":589,"column":35},"end":{"line":589,"column":37}},"95":{"start":{"line":591,"column":4},"end":{"line":624,"column":5}},"96":{"start":{"line":594,"column":6},"end":{"line":599,"column":7}},"97":{"start":{"line":598,"column":8},"end":{"line":598,"column":17}},"98":{"start":{"line":603,"column":8},"end":{"line":604,"column":null}},"99":{"start":{"line":607,"column":6},"end":{"line":609,"column":7}},"100":{"start":{"line":608,"column":8},"end":{"line":608,"column":17}},"101":{"start":{"line":613,"column":8},"end":{"line":614,"column":null}},"102":{"start":{"line":617,"column":6},"end":{"line":619,"column":7}},"103":{"start":{"line":618,"column":8},"end":{"line":618,"column":17}},"104":{"start":{"line":621,"column":6},"end":{"line":623,"column":8}},"105":{"start":{"line":626,"column":4},"end":{"line":631,"column":5}},"106":{"start":{"line":630,"column":6},"end":{"line":630,"column":18}},"107":{"start":{"line":635,"column":6},"end":{"line":639,"column":null}},"108":{"start":{"line":642,"column":4},"end":{"line":644,"column":6}},"109":{"start":{"line":656,"column":4},"end":{"line":667,"column":5}},"110":{"start":{"line":661,"column":6},"end":{"line":664,"column":8}},"111":{"start":{"line":666,"column":6},"end":{"line":666,"column":18}},"112":{"start":{"line":669,"column":4},"end":{"line":687,"column":7}},"113":{"start":{"line":694,"column":17},"end":{"line":694,"column":44}},"114":{"start":{"line":695,"column":4},"end":{"line":695,"column":22}},"115":{"start":{"line":695,"column":15},"end":{"line":695,"column":22}},"116":{"start":{"line":696,"column":15},"end":{"line":696,"column":30}},"117":{"start":{"line":698,"column":4},"end":{"line":698,"column":53}},"118":{"start":{"line":699,"column":19},"end":{"line":699,"column":45}},"119":{"start":{"line":700,"column":4},"end":{"line":702,"column":5}},"120":{"start":{"line":701,"column":6},"end":{"line":701,"column":65}},"121":{"start":{"line":704,"column":4},"end":{"line":707,"column":7}},"122":{"start":{"line":708,"column":4},"end":{"line":708,"column":50}},"123":{"start":{"line":709,"column":4},"end":{"line":712,"column":7}},"124":{"start":{"line":719,"column":17},"end":{"line":719,"column":44}},"125":{"start":{"line":720,"column":4},"end":{"line":720,"column":22}},"126":{"start":{"line":720,"column":15},"end":{"line":720,"column":22}},"127":{"start":{"line":721,"column":15},"end":{"line":721,"column":30}},"128":{"start":{"line":723,"column":19},"end":{"line":723,"column":45}},"129":{"start":{"line":724,"column":4},"end":{"line":726,"column":5}},"130":{"start":{"line":725,"column":6},"end":{"line":725,"column":65}},"131":{"start":{"line":730,"column":4},"end":{"line":730,"column":51}},"132":{"start":{"line":731,"column":4},"end":{"line":734,"column":7}},"133":{"start":{"line":16,"column":13},"end":{"line":16,"column":25}},"134":{"start":{"line":16,"column":13},"end":{"line":736,"column":null}}},"fnMap":{"0":{"name":"(anonymous_4)","decl":{"start":{"line":18,"column":2},"end":{"line":18,"column":null}},"loc":{"start":{"line":23,"column":38},"end":{"line":25,"column":6}}},"1":{"name":"(anonymous_5)","decl":{"start":{"line":31,"column":2},"end":{"line":31,"column":7}},"loc":{"start":{"line":32,"column":17},"end":{"line":38,"column":3}}},"2":{"name":"(anonymous_6)","decl":{"start":{"line":44,"column":2},"end":{"line":44,"column":7}},"loc":{"start":{"line":45,"column":17},"end":{"line":51,"column":3}}},"3":{"name":"(anonymous_7)","decl":{"start":{"line":61,"column":2},"end":{"line":61,"column":7}},"loc":{"start":{"line":62,"column":23},"end":{"line":100,"column":3}}},"4":{"name":"(anonymous_8)","decl":{"start":{"line":106,"column":2},"end":{"line":106,"column":7}},"loc":{"start":{"line":107,"column":23},"end":{"line":116,"column":3}}},"5":{"name":"(anonymous_9)","decl":{"start":{"line":122,"column":2},"end":{"line":122,"column":7}},"loc":{"start":{"line":124,"column":26},"end":{"line":226,"column":3}}},"6":{"name":"(anonymous_10)","decl":{"start":{"line":232,"column":2},"end":{"line":232,"column":7}},"loc":{"start":{"line":234,"column":18},"end":{"line":263,"column":3}}},"7":{"name":"(anonymous_11)","decl":{"start":{"line":269,"column":2},"end":{"line":269,"column":7}},"loc":{"start":{"line":270,"column":27},"end":{"line":332,"column":3}}},"8":{"name":"(anonymous_12)","decl":{"start":{"line":338,"column":2},"end":{"line":338,"column":7}},"loc":{"start":{"line":339,"column":27},"end":{"line":411,"column":3}}},"9":{"name":"(anonymous_13)","decl":{"start":{"line":417,"column":1},"end":{"line":417,"column":6}},"loc":{"start":{"line":417,"column":21},"end":{"line":508,"column":1}}},"10":{"name":"(anonymous_14)","decl":{"start":{"line":476,"column":11},"end":{"line":476,"column":12}},"loc":{"start":{"line":476,"column":19},"end":{"line":476,"column":29}}},"11":{"name":"(anonymous_15)","decl":{"start":{"line":479,"column":8},"end":{"line":479,"column":9}},"loc":{"start":{"line":480,"column":10},"end":{"line":481,"column":16}}},"12":{"name":"(anonymous_16)","decl":{"start":{"line":514,"column":2},"end":{"line":514,"column":7}},"loc":{"start":{"line":514,"column":26},"end":{"line":533,"column":3}}},"13":{"name":"(anonymous_17)","decl":{"start":{"line":539,"column":2},"end":{"line":539,"column":7}},"loc":{"start":{"line":540,"column":25},"end":{"line":645,"column":3}}},"14":{"name":"(anonymous_18)","decl":{"start":{"line":651,"column":2},"end":{"line":651,"column":7}},"loc":{"start":{"line":652,"column":18},"end":{"line":688,"column":3}}},"15":{"name":"(anonymous_19)","decl":{"start":{"line":693,"column":2},"end":{"line":693,"column":7}},"loc":{"start":{"line":693,"column":53},"end":{"line":713,"column":3}}},"16":{"name":"(anonymous_20)","decl":{"start":{"line":718,"column":2},"end":{"line":718,"column":7}},"loc":{"start":{"line":718,"column":54},"end":{"line":735,"column":3}}}},"branchMap":{"0":{"loc":{"start":{"line":65,"column":4},"end":{"line":77,"column":5}},"type":"if","locations":[{"start":{"line":65,"column":4},"end":{"line":77,"column":5}},{"start":{},"end":{}}]},"1":{"loc":{"start":{"line":66,"column":6},"end":{"line":68,"column":15}},"type":"binary-expr","locations":[{"start":{"line":66,"column":6},"end":{"line":66,"column":17}},{"start":{"line":67,"column":6},"end":{"line":67,"column":22}},{"start":{"line":68,"column":6},"end":{"line":68,"column":15}}]},"2":{"loc":{"start":{"line":82,"column":4},"end":{"line":93,"column":5}},"type":"if","locations":[{"start":{"line":82,"column":4},"end":{"line":93,"column":5}},{"start":{},"end":{}}]},"3":{"loc":{"start":{"line":83,"column":6},"end":{"line":84,"column":17}},"type":"binary-expr","locations":[{"start":{"line":83,"column":6},"end":{"line":83,"column":19}},{"start":{"line":84,"column":6},"end":{"line":84,"column":17}}]},"4":{"loc":{"start":{"line":135,"column":4},"end":{"line":143,"column":5}},"type":"if","locations":[{"start":{"line":135,"column":4},"end":{"line":143,"column":5}},{"start":{},"end":{}}]},"5":{"loc":{"start":{"line":136,"column":6},"end":{"line":137,"column":17}},"type":"binary-expr","locations":[{"start":{"line":136,"column":6},"end":{"line":136,"column":19}},{"start":{"line":137,"column":6},"end":{"line":137,"column":17}}]},"6":{"loc":{"start":{"line":150,"column":4},"end":{"line":155,"column":5}},"type":"if","locations":[{"start":{"line":150,"column":4},"end":{"line":155,"column":5}},{"start":{},"end":{}}]},"7":{"loc":{"start":{"line":161,"column":4},"end":{"line":199,"column":5}},"type":"if","locations":[{"start":{"line":161,"column":4},"end":{"line":199,"column":5}},{"start":{},"end":{}}]},"8":{"loc":{"start":{"line":179,"column":6},"end":{"line":188,"column":7}},"type":"if","locations":[{"start":{"line":179,"column":6},"end":{"line":188,"column":7}},{"start":{},"end":{}}]},"9":{"loc":{"start":{"line":180,"column":8},"end":{"line":184,"column":null}},"type":"binary-expr","locations":[{"start":{"line":180,"column":8},"end":{"line":180,"column":21}},{"start":{"line":182,"column":10},"end":{"line":182,"column":25}},{"start":{"line":183,"column":10},"end":{"line":184,"column":23}}]},"10":{"loc":{"start":{"line":191,"column":6},"end":{"line":196,"column":7}},"type":"if","locations":[{"start":{"line":191,"column":6},"end":{"line":196,"column":7}},{"start":{},"end":{}}]},"11":{"loc":{"start":{"line":205,"column":4},"end":{"line":212,"column":5}},"type":"if","locations":[{"start":{"line":205,"column":4},"end":{"line":212,"column":5}},{"start":{},"end":{}}]},"12":{"loc":{"start":{"line":206,"column":6},"end":{"line":207,"column":28}},"type":"binary-expr","locations":[{"start":{"line":206,"column":6},"end":{"line":206,"column":30}},{"start":{"line":207,"column":6},"end":{"line":207,"column":28}}]},"13":{"loc":{"start":{"line":211,"column":9},"end":{"line":211,"column":24}},"type":"binary-expr","locations":[{"start":{"line":211,"column":9},"end":{"line":211,"column":19}},{"start":{"line":211,"column":23},"end":{"line":211,"column":24}}]},"14":{"loc":{"start":{"line":242,"column":4},"end":{"line":247,"column":5}},"type":"if","locations":[{"start":{"line":242,"column":4},"end":{"line":247,"column":5}},{"start":{},"end":{}}]},"15":{"loc":{"start":{"line":252,"column":9},"end":{"line":252,"column":24}},"type":"binary-expr","locations":[{"start":{"line":252,"column":9},"end":{"line":252,"column":19}},{"start":{"line":252,"column":23},"end":{"line":252,"column":24}}]},"16":{"loc":{"start":{"line":278,"column":4},"end":{"line":280,"column":5}},"type":"if","locations":[{"start":{"line":278,"column":4},"end":{"line":280,"column":5}},{"start":{},"end":{}}]},"17":{"loc":{"start":{"line":292,"column":4},"end":{"line":301,"column":5}},"type":"if","locations":[{"start":{"line":292,"column":4},"end":{"line":301,"column":5}},{"start":{},"end":{}}]},"18":{"loc":{"start":{"line":303,"column":4},"end":{"line":312,"column":5}},"type":"if","locations":[{"start":{"line":303,"column":4},"end":{"line":312,"column":5}},{"start":{},"end":{}}]},"19":{"loc":{"start":{"line":347,"column":4},"end":{"line":349,"column":5}},"type":"if","locations":[{"start":{"line":347,"column":4},"end":{"line":349,"column":5}},{"start":{},"end":{}}]},"20":{"loc":{"start":{"line":361,"column":4},"end":{"line":375,"column":5}},"type":"if","locations":[{"start":{"line":361,"column":4},"end":{"line":375,"column":5}},{"start":{},"end":{}}]},"21":{"loc":{"start":{"line":377,"column":4},"end":{"line":391,"column":5}},"type":"if","locations":[{"start":{"line":377,"column":4},"end":{"line":391,"column":5}},{"start":{},"end":{}}]},"22":{"loc":{"start":{"line":433,"column":2},"end":{"line":467,"column":3}},"type":"if","locations":[{"start":{"line":433,"column":2},"end":{"line":467,"column":3}},{"start":{},"end":{}}]},"23":{"loc":{"start":{"line":434,"column":4},"end":{"line":435,"column":30}},"type":"binary-expr","locations":[{"start":{"line":434,"column":4},"end":{"line":434,"column":18}},{"start":{"line":435,"column":4},"end":{"line":435,"column":30}}]},"24":{"loc":{"start":{"line":480,"column":10},"end":{"line":481,"column":16}},"type":"binary-expr","locations":[{"start":{"line":480,"column":10},"end":{"line":480,"column":20}},{"start":{"line":481,"column":10},"end":{"line":481,"column":16}}]},"25":{"loc":{"start":{"line":548,"column":4},"end":{"line":553,"column":5}},"type":"if","locations":[{"start":{"line":548,"column":4},"end":{"line":553,"column":5}},{"start":{},"end":{}}]},"26":{"loc":{"start":{"line":555,"column":4},"end":{"line":560,"column":5}},"type":"if","locations":[{"start":{"line":555,"column":4},"end":{"line":560,"column":5}},{"start":{},"end":{}}]},"27":{"loc":{"start":{"line":564,"column":4},"end":{"line":572,"column":5}},"type":"if","locations":[{"start":{"line":564,"column":4},"end":{"line":572,"column":5}},{"start":{},"end":{}}]},"28":{"loc":{"start":{"line":574,"column":4},"end":{"line":582,"column":5}},"type":"if","locations":[{"start":{"line":574,"column":4},"end":{"line":582,"column":5}},{"start":{},"end":{}}]},"29":{"loc":{"start":{"line":594,"column":6},"end":{"line":599,"column":7}},"type":"if","locations":[{"start":{"line":594,"column":6},"end":{"line":599,"column":7}},{"start":{},"end":{}}]},"30":{"loc":{"start":{"line":607,"column":6},"end":{"line":609,"column":7}},"type":"if","locations":[{"start":{"line":607,"column":6},"end":{"line":609,"column":7}},{"start":{},"end":{}}]},"31":{"loc":{"start":{"line":617,"column":6},"end":{"line":619,"column":7}},"type":"if","locations":[{"start":{"line":617,"column":6},"end":{"line":619,"column":7}},{"start":{},"end":{}}]},"32":{"loc":{"start":{"line":626,"column":4},"end":{"line":631,"column":5}},"type":"if","locations":[{"start":{"line":626,"column":4},"end":{"line":631,"column":5}},{"start":{},"end":{}}]},"33":{"loc":{"start":{"line":656,"column":4},"end":{"line":667,"column":5}},"type":"if","locations":[{"start":{"line":656,"column":4},"end":{"line":667,"column":5}},{"start":{},"end":{}}]},"34":{"loc":{"start":{"line":657,"column":6},"end":{"line":658,"column":17}},"type":"binary-expr","locations":[{"start":{"line":657,"column":6},"end":{"line":657,"column":19}},{"start":{"line":658,"column":6},"end":{"line":658,"column":17}}]},"35":{"loc":{"start":{"line":695,"column":4},"end":{"line":695,"column":22}},"type":"if","locations":[{"start":{"line":695,"column":4},"end":{"line":695,"column":22}},{"start":{},"end":{}}]},"36":{"loc":{"start":{"line":700,"column":4},"end":{"line":702,"column":5}},"type":"if","locations":[{"start":{"line":700,"column":4},"end":{"line":702,"column":5}},{"start":{},"end":{}}]},"37":{"loc":{"start":{"line":720,"column":4},"end":{"line":720,"column":22}},"type":"if","locations":[{"start":{"line":720,"column":4},"end":{"line":720,"column":22}},{"start":{},"end":{}}]},"38":{"loc":{"start":{"line":724,"column":4},"end":{"line":726,"column":5}},"type":"if","locations":[{"start":{"line":724,"column":4},"end":{"line":726,"column":5}},{"start":{},"end":{}}]},"39":{"loc":{"start":{"line":21,"column":22},"end":{"line":21,"column":38}},"type":"cond-expr","locations":[{"start":{"line":21,"column":32},"end":{"line":21,"column":38}},{"start":{"line":21,"column":32},"end":{"line":21,"column":38}}]},"40":{"loc":{"start":{"line":21,"column":22},"end":{"line":21,"column":32}},"type":"binary-expr","locations":[{"start":{"line":21,"column":22},"end":{"line":21,"column":38}},{"start":{"line":21,"column":22},"end":{"line":21,"column":32}}]},"41":{"loc":{"start":{"line":21,"column":32},"end":{"line":23,"column":null}},"type":"cond-expr","locations":[{"start":{"line":23,"column":38},"end":{"line":23,"column":null}},{"start":{"line":23,"column":38},"end":{"line":23,"column":null}}]},"42":{"loc":{"start":{"line":21,"column":32},"end":{"line":23,"column":38}},"type":"binary-expr","locations":[{"start":{"line":21,"column":32},"end":{"line":23,"column":null}},{"start":{"line":23,"column":26},"end":{"line":23,"column":38}}]}},"s":{"0":1,"1":1,"2":1,"3":1,"4":1,"5":1,"6":0,"7":0,"8":0,"9":0,"10":0,"11":0,"12":0,"13":0,"14":0,"15":0,"16":0,"17":0,"18":0,"19":0,"20":0,"21":0,"22":0,"23":0,"24":0,"25":0,"26":0,"27":0,"28":0,"29":0,"30":0,"31":0,"32":0,"33":0,"34":0,"35":0,"36":0,"37":0,"38":0,"39":0,"40":0,"41":0,"42":0,"43":0,"44":0,"45":0,"46":0,"47":0,"48":0,"49":0,"50":0,"51":0,"52":0,"53":0,"54":0,"55":0,"56":0,"57":0,"58":0,"59":0,"60":0,"61":0,"62":0,"63":0,"64":0,"65":0,"66":0,"67":0,"68":0,"69":0,"70":0,"71":0,"72":0,"73":0,"74":0,"75":0,"76":0,"77":0,"78":0,"79":0,"80":0,"81":0,"82":0,"83":0,"84":0,"85":0,"86":0,"87":0,"88":0,"89":0,"90":0,"91":0,"92":0,"93":0,"94":0,"95":0,"96":0,"97":0,"98":0,"99":0,"100":0,"101":0,"102":0,"103":0,"104":0,"105":0,"106":0,"107":0,"108":0,"109":0,"110":0,"111":0,"112":0,"113":0,"114":0,"115":0,"116":0,"117":0,"118":0,"119":0,"120":0,"121":0,"122":0,"123":0,"124":0,"125":0,"126":0,"127":0,"128":0,"129":0,"130":0,"131":0,"132":0,"133":1,"134":1},"f":{"0":0,"1":0,"2":0,"3":0,"4":0,"5":0,"6":0,"7":0,"8":0,"9":0,"10":0,"11":0,"12":0,"13":0,"14":0,"15":0,"16":0},"b":{"0":[0,0],"1":[0,0,0],"2":[0,0],"3":[0,0],"4":[0,0],"5":[0,0],"6":[0,0],"7":[0,0],"8":[0,0],"9":[0,0,0],"10":[0,0],"11":[0,0],"12":[0,0],"13":[0,0],"14":[0,0],"15":[0,0],"16":[0,0],"17":[0,0],"18":[0,0],"19":[0,0],"20":[0,0],"21":[0,0],"22":[0,0],"23":[0,0],"24":[0,0],"25":[0,0],"26":[0,0],"27":[0,0],"28":[0,0],"29":[0,0],"30":[0,0],"31":[0,0],"32":[0,0],"33":[0,0],"34":[0,0],"35":[0,0],"36":[0,0],"37":[0,0],"38":[0,0],"39":[1,0],"40":[1,1],"41":[1,0],"42":[1,1]}}
}
