TN:
SF:src\app.controller.ts
FN:6,(anonymous_2)
FNF:1
FNH:0
FNDA:0,(anonymous_2)
DA:1,0
DA:4,0
DA:6,0
DA:7,0
LF:4
LH:0
BRF:0
BRH:0
end_of_record
TN:
SF:src\app.module.ts
FN:65,(anonymous_1)
FNF:1
FNH:0
FNDA:0,(anonymous_1)
DA:1,0
DA:7,0
DA:8,0
DA:9,0
DA:10,0
DA:11,0
DA:12,0
DA:13,0
DA:14,0
DA:15,0
DA:16,0
DA:17,0
DA:18,0
DA:19,0
DA:20,0
DA:21,0
DA:22,0
DA:23,0
DA:24,0
DA:25,0
DA:64,0
DA:66,0
LF:22
LH:0
BRF:0
BRH:0
end_of_record
TN:
SF:src\app.service.ts
FN:5,(anonymous_1)
FNF:1
FNH:0
FNDA:0,(anonymous_1)
DA:1,0
DA:4,0
DA:6,0
LF:3
LH:0
BRF:0
BRH:0
end_of_record
TN:
SF:src\data-source.ts
FNF:0
FNH:0
DA:1,0
DA:2,0
DA:3,0
DA:5,0
DA:19,0
LF:5
LH:0
BRDA:7,0,0,0
BRDA:7,0,1,0
BRDA:8,1,0,0
BRDA:8,1,1,0
BRDA:9,2,0,0
BRDA:9,2,1,0
BRDA:10,3,0,0
BRDA:10,3,1,0
BRDA:11,4,0,0
BRDA:11,4,1,0
BRF:10
BRH:0
end_of_record
TN:
SF:src\main.ts
FN:14,bootstrap
FNF:1
FNH:0
FNDA:0,bootstrap
DA:1,0
DA:3,0
DA:6,0
DA:9,0
DA:12,0
DA:17,0
DA:25,0
DA:31,0
DA:46,0
DA:56,0
DA:58,0
DA:63,0
DA:68,0
LF:13
LH:0
BRDA:56,0,0,0
BRDA:56,0,1,0
BRF:2
BRH:0
end_of_record
TN:
SF:src\auth\auth.controller.ts
FN:7,(anonymous_4)
FN:14,(anonymous_5)
FN:28,(anonymous_6)
FN:43,(anonymous_7)
FN:57,(anonymous_8)
FN:71,(anonymous_9)
FN:85,(anonymous_10)
FNF:7
FNH:0
FNDA:0,(anonymous_4)
FNDA:0,(anonymous_5)
FNDA:0,(anonymous_6)
FNDA:0,(anonymous_7)
FNDA:0,(anonymous_8)
FNDA:0,(anonymous_9)
FNDA:0,(anonymous_10)
DA:1,0
DA:3,0
DA:6,0
DA:7,0
DA:14,0
DA:20,0
DA:28,0
DA:35,0
DA:43,0
DA:49,0
DA:57,0
DA:63,0
DA:71,0
DA:77,0
DA:85,0
DA:91,0
LF:16
LH:0
BRDA:7,0,0,0
BRDA:7,0,1,0
BRDA:7,1,0,0
BRDA:7,1,1,0
BRF:4
BRH:0
end_of_record
TN:
SF:src\auth\auth.middleware.ts
FN:12,(anonymous_1)
FNF:1
FNH:0
FNDA:0,(anonymous_1)
DA:1,0
DA:3,0
DA:7,0
DA:8,0
DA:13,0
DA:15,0
DA:18,0
DA:19,0
DA:22,0
DA:24,0
DA:25,0
DA:30,0
DA:31,0
DA:35,0
DA:36,0
DA:39,0
DA:40,0
DA:42,0
LF:18
LH:0
BRDA:9,0,0,0
BRDA:9,0,1,0
BRDA:15,1,0,0
BRDA:15,1,1,0
BRDA:18,2,0,0
BRDA:18,2,1,0
BRDA:24,3,0,0
BRDA:24,3,1,0
BRDA:24,4,0,0
BRDA:24,4,1,0
BRDA:32,5,0,0
BRDA:32,5,1,0
BRDA:35,6,0,0
BRDA:35,6,1,0
BRF:14
BRH:0
end_of_record
TN:
SF:src\auth\auth.module.ts
FNF:0
FNH:0
DA:1,0
DA:2,0
DA:4,0
DA:5,0
DA:6,0
DA:7,0
DA:8,0
DA:10,0
DA:28,0
LF:9
LH:0
BRDA:17,0,0,0
BRDA:17,0,1,0
BRF:2
BRH:0
end_of_record
TN:
SF:src\auth\auth.service.ts
FN:24,(anonymous_5)
FN:40,(anonymous_6)
FN:60,(anonymous_7)
FN:128,(anonymous_8)
FN:200,(anonymous_9)
FN:266,(anonymous_10)
FN:300,(anonymous_11)
FN:354,(anonymous_12)
FNF:8
FNH:0
FNDA:0,(anonymous_5)
FNDA:0,(anonymous_6)
FNDA:0,(anonymous_7)
FNDA:0,(anonymous_8)
FNDA:0,(anonymous_9)
FNDA:0,(anonymous_10)
FNDA:0,(anonymous_11)
FNDA:0,(anonymous_12)
DA:1,0
DA:3,0
DA:5,0
DA:7,0
DA:9,0
DA:11,0
DA:13,0
DA:15,0
DA:17,0
DA:20,0
DA:23,0
DA:26,0
DA:28,0
DA:30,0
DA:32,0
DA:48,0
DA:62,0
DA:63,0
DA:68,0
DA:80,0
DA:81,0
DA:86,0
DA:88,0
DA:92,0
DA:93,0
DA:97,0
DA:100,0
DA:101,0
DA:106,0
DA:110,0
DA:115,0
DA:131,0
DA:136,0
DA:138,0
DA:139,0
DA:142,0
DA:144,0
DA:145,0
DA:150,0
DA:152,0
DA:156,0
DA:157,0
DA:164,0
DA:165,0
DA:166,0
DA:169,0
DA:172,0
DA:173,0
DA:178,0
DA:182,0
DA:187,0
DA:203,0
DA:210,0
DA:216,0
DA:217,0
DA:222,0
DA:224,0
DA:228,0
DA:229,0
DA:235,0
DA:238,0
DA:239,0
DA:244,0
DA:248,0
DA:253,0
DA:268,0
DA:279,0
DA:290,0
DA:303,0
DA:310,0
DA:311,0
DA:314,0
DA:317,0
DA:323,0
DA:325,0
DA:326,0
DA:331,0
DA:342,0
DA:346,0
DA:355,0
DA:361,0
DA:362,0
DA:364,0
DA:367,0
LF:84
LH:0
BRDA:62,0,0,0
BRDA:62,0,1,0
BRDA:80,1,0,0
BRDA:80,1,1,0
BRDA:92,2,0,0
BRDA:92,2,1,0
BRDA:100,3,0,0
BRDA:100,3,1,0
BRDA:138,4,0,0
BRDA:138,4,1,0
BRDA:144,5,0,0
BRDA:144,5,1,0
BRDA:156,6,0,0
BRDA:156,6,1,0
BRDA:165,7,0,0
BRDA:165,7,1,0
BRDA:165,8,0,0
BRDA:165,8,1,0
BRDA:172,9,0,0
BRDA:172,9,1,0
BRDA:216,10,0,0
BRDA:216,10,1,0
BRDA:228,11,0,0
BRDA:228,11,1,0
BRDA:238,12,0,0
BRDA:238,12,1,0
BRDA:310,13,0,0
BRDA:310,13,1,0
BRDA:325,14,0,0
BRDA:325,14,1,0
BRDA:361,15,0,0
BRDA:361,15,1,0
BRDA:26,16,0,0
BRDA:26,16,1,0
BRDA:26,17,0,0
BRDA:26,17,1,0
BRDA:26,18,0,0
BRDA:26,18,1,0
BRDA:26,19,0,0
BRDA:26,19,1,0
BRDA:28,20,0,0
BRDA:28,20,1,0
BRDA:28,21,0,0
BRDA:28,21,1,0
BRDA:30,22,0,0
BRDA:30,22,1,0
BRDA:30,23,0,0
BRDA:30,23,1,0
BRF:48
BRH:0
end_of_record
TN:
SF:src\auth\twilio.service.ts
FN:9,(anonymous_2)
FN:16,(anonymous_3)
FN:25,(anonymous_4)
FNF:3
FNH:0
FNDA:0,(anonymous_2)
FNDA:0,(anonymous_3)
FNDA:0,(anonymous_4)
DA:1,0
DA:2,0
DA:3,0
DA:6,0
DA:9,0
DA:10,0
DA:17,0
DA:26,0
LF:8
LH:0
BRDA:9,0,0,0
BRDA:9,0,1,0
BRDA:9,1,0,0
BRDA:9,1,1,0
BRF:4
BRH:0
end_of_record
TN:
SF:src\auth\dto\refresh-token.entity.ts
FNF:0
FNH:0
DA:1,0
DA:9,0
DA:11,0
DA:14,0
DA:17,0
DA:22,0
DA:25,0
LF:7
LH:0
BRDA:25,0,0,0
BRDA:25,0,1,0
BRDA:25,1,0,0
BRDA:25,1,1,0
BRF:4
BRH:0
end_of_record
TN:
SF:src\balance\balance.controller.ts
FN:6,(anonymous_4)
FN:9,(anonymous_5)
FN:15,(anonymous_6)
FN:24,(anonymous_7)
FNF:4
FNH:0
FNDA:0,(anonymous_4)
FNDA:0,(anonymous_5)
FNDA:0,(anonymous_6)
FNDA:0,(anonymous_7)
DA:1,0
DA:2,0
DA:5,0
DA:6,0
DA:9,0
DA:10,0
DA:11,0
DA:15,0
DA:16,0
DA:17,0
DA:18,0
DA:19,0
DA:20,0
DA:24,0
DA:25,0
DA:26,0
DA:27,0
DA:28,0
DA:29,0
DA:30,0
DA:31,0
DA:32,0
DA:33,0
LF:23
LH:0
BRDA:11,0,0,0
BRDA:11,0,1,0
BRDA:17,1,0,0
BRDA:17,1,1,0
BRDA:18,2,0,0
BRDA:18,2,1,0
BRDA:27,3,0,0
BRDA:27,3,1,0
BRDA:27,4,0,0
BRDA:27,4,1,0
BRDA:28,5,0,0
BRDA:28,5,1,0
BRDA:28,6,0,0
BRDA:28,6,1,0
BRDA:29,7,0,0
BRDA:29,7,1,0
BRDA:30,8,0,0
BRDA:30,8,1,0
BRDA:6,9,0,0
BRDA:6,9,1,0
BRDA:6,10,0,0
BRDA:6,10,1,0
BRF:22
BRH:0
end_of_record
TN:
SF:src\balance\balance.module.ts
FNF:0
FNH:0
DA:1,0
DA:2,0
DA:3,0
DA:9,0
LF:4
LH:0
BRF:0
BRH:0
end_of_record
TN:
SF:src\call-history\call-history.controller.ts
FN:6,(anonymous_4)
FN:9,(anonymous_5)
FN:14,(anonymous_6)
FN:19,(anonymous_7)
FN:24,(anonymous_8)
FNF:5
FNH:0
FNDA:0,(anonymous_4)
FNDA:0,(anonymous_5)
FNDA:0,(anonymous_6)
FNDA:0,(anonymous_7)
FNDA:0,(anonymous_8)
DA:1,0
DA:2,0
DA:5,0
DA:6,0
DA:9,0
DA:10,0
DA:14,0
DA:15,0
DA:19,0
DA:20,0
DA:24,0
DA:29,0
LF:12
LH:0
BRDA:6,0,0,0
BRDA:6,0,1,0
BRDA:6,1,0,0
BRDA:6,1,1,0
BRF:4
BRH:0
end_of_record
TN:
SF:src\call-history\call-history.entity.ts
FNF:0
FNH:0
DA:1,0
DA:9,0
DA:11,0
DA:14,0
DA:17,0
DA:20,0
DA:23,0
DA:26,0
DA:29,0
DA:32,0
DA:35,0
DA:38,0
DA:41,0
DA:44,0
DA:47,0
LF:15
LH:0
BRDA:41,0,0,0
BRDA:41,0,1,0
BRDA:41,1,0,0
BRDA:41,1,1,0
BRDA:44,2,0,0
BRDA:44,2,1,0
BRDA:44,3,0,0
BRDA:44,3,1,0
BRDA:47,4,0,0
BRDA:47,4,1,0
BRDA:47,5,0,0
BRDA:47,5,1,0
BRF:12
BRH:0
end_of_record
TN:
SF:src\call-history\call-history.gateway.ts
FN:14,(anonymous_4)
FN:17,(anonymous_5)
FN:38,(anonymous_6)
FN:50,(anonymous_7)
FN:62,(anonymous_8)
FNF:5
FNH:0
FNDA:0,(anonymous_4)
FNDA:0,(anonymous_5)
FNDA:0,(anonymous_6)
FNDA:0,(anonymous_7)
FNDA:0,(anonymous_8)
DA:1,0
DA:7,0
DA:8,0
DA:13,0
DA:14,0
DA:17,0
DA:21,0
DA:22,0
DA:30,0
DA:31,0
DA:33,0
DA:38,0
DA:42,0
DA:43,0
DA:45,0
DA:50,0
DA:54,0
DA:55,0
DA:57,0
DA:62,0
DA:66,0
DA:67,0
DA:69,0
LF:23
LH:0
BRDA:26,0,0,0
BRDA:26,0,1,0
BRDA:18,1,0,0
BRDA:18,1,1,0
BRDA:18,2,0,0
BRDA:18,2,1,0
BRDA:39,3,0,0
BRDA:39,3,1,0
BRDA:39,4,0,0
BRDA:39,4,1,0
BRDA:51,5,0,0
BRDA:51,5,1,0
BRDA:51,6,0,0
BRDA:51,6,1,0
BRDA:63,7,0,0
BRDA:63,7,1,0
BRDA:63,8,0,0
BRDA:63,8,1,0
BRDA:14,9,0,0
BRDA:14,9,1,0
BRDA:14,10,0,0
BRDA:14,10,1,0
BRF:22
BRH:0
end_of_record
TN:
SF:src\call-history\call-history.module.ts
FNF:0
FNH:0
DA:1,0
DA:2,0
DA:3,0
DA:4,0
DA:5,0
DA:6,0
DA:7,0
DA:17,0
LF:8
LH:0
BRF:0
BRH:0
end_of_record
TN:
SF:src\call-history\call-history.service.ts
FN:9,(anonymous_4)
FN:16,(anonymous_5)
FN:39,(anonymous_6)
FN:54,(anonymous_7)
FN:69,(anonymous_8)
FN:91,(anonymous_9)
FN:93,(anonymous_10)
FN:130,(anonymous_11)
FN:141,(anonymous_12)
FNF:9
FNH:0
FNDA:0,(anonymous_4)
FNDA:0,(anonymous_5)
FNDA:0,(anonymous_6)
FNDA:0,(anonymous_7)
FNDA:0,(anonymous_8)
FNDA:0,(anonymous_9)
FNDA:0,(anonymous_10)
FNDA:0,(anonymous_11)
FNDA:0,(anonymous_12)
DA:1,0
DA:2,0
DA:3,0
DA:4,0
DA:5,0
DA:8,0
DA:11,0
DA:13,0
DA:17,0
DA:18,0
DA:31,0
DA:32,0
DA:34,0
DA:35,0
DA:40,0
DA:41,0
DA:42,0
DA:43,0
DA:44,0
DA:45,0
DA:47,0
DA:49,0
DA:50,0
DA:55,0
DA:56,0
DA:57,0
DA:59,0
DA:60,0
DA:61,0
DA:62,0
DA:64,0
DA:65,0
DA:70,0
DA:71,0
DA:72,0
DA:80,0
DA:81,0
DA:82,0
DA:83,0
DA:86,0
DA:87,0
DA:91,0
DA:93,0
DA:94,0
DA:95,0
DA:96,0
DA:97,0
DA:98,0
DA:99,0
DA:100,0
DA:103,0
DA:105,0
DA:125,0
DA:126,0
DA:131,0
DA:132,0
DA:133,0
DA:134,0
DA:136,0
DA:137,0
DA:142,0
DA:143,0
DA:151,0
DA:152,0
DA:160,0
DA:161,0
DA:162,0
DA:165,0
DA:167,0
DA:168,0
LF:70
LH:0
BRDA:22,0,0,0
BRDA:22,0,1,0
BRDA:23,1,0,0
BRDA:23,1,1,0
BRDA:24,2,0,0
BRDA:24,2,1,0
BRDA:25,3,0,0
BRDA:25,3,1,0
BRDA:27,4,0,0
BRDA:27,4,1,0
BRDA:28,5,0,0
BRDA:28,5,1,0
BRDA:29,6,0,0
BRDA:29,6,1,0
BRDA:42,7,0,0
BRDA:42,7,1,0
BRDA:44,8,0,0
BRDA:44,8,1,0
BRDA:44,9,0,0
BRDA:44,9,1,0
BRDA:44,9,2,0
BRDA:57,10,0,0
BRDA:57,10,1,0
BRDA:82,11,0,0
BRDA:82,11,1,0
BRDA:83,12,0,0
BRDA:83,12,1,0
BRDA:87,13,0,0
BRDA:87,13,1,0
BRDA:96,14,0,0
BRDA:96,14,1,0
BRDA:98,15,0,0
BRDA:98,15,1,0
BRDA:99,16,0,0
BRDA:99,16,1,0
BRDA:100,17,0,0
BRDA:100,17,1,0
BRDA:101,18,0,0
BRDA:101,18,1,0
BRDA:101,18,2,0
BRDA:101,18,3,0
BRDA:102,19,0,0
BRDA:102,19,1,0
BRDA:102,19,2,0
BRDA:102,19,3,0
BRDA:103,20,0,0
BRDA:103,20,1,0
BRDA:116,21,0,0
BRDA:116,21,1,0
BRDA:117,22,0,0
BRDA:117,22,1,0
BRDA:118,23,0,0
BRDA:118,23,1,0
BRDA:121,24,0,0
BRDA:121,24,1,0
BRDA:133,25,0,0
BRDA:133,25,1,0
BRDA:151,26,0,0
BRDA:151,26,1,0
BRDA:11,27,0,0
BRDA:11,27,1,0
BRDA:11,28,0,0
BRDA:11,28,1,0
BRDA:11,29,0,0
BRDA:11,29,1,0
BRDA:11,30,0,0
BRDA:11,30,1,0
BRF:67
BRH:0
end_of_record
TN:
SF:src\call-history\dto\create-call-history.dto.ts
FNF:0
FNH:0
DA:1,0
DA:3,0
DA:6,0
DA:10,0
DA:14,0
DA:18,0
DA:22,0
DA:26,0
LF:8
LH:0
BRF:0
BRH:0
end_of_record
TN:
SF:src\calls\calls.controller.ts
FN:20,(anonymous_4)
FN:30,(anonymous_5)
FN:57,(anonymous_6)
FNF:3
FNH:0
FNDA:0,(anonymous_4)
FNDA:0,(anonymous_5)
FNDA:0,(anonymous_6)
DA:1,0
DA:8,0
DA:11,0
DA:14,0
DA:18,0
DA:21,0
DA:30,0
DA:38,0
DA:40,0
DA:41,0
DA:46,0
DA:57,0
DA:64,0
LF:13
LH:0
BRDA:38,0,0,0
BRDA:38,0,1,0
BRDA:40,1,0,0
BRDA:40,1,1,0
BRDA:33,2,0,0
BRDA:33,2,1,0
BRDA:33,3,0,0
BRDA:33,3,1,0
BRDA:60,4,0,0
BRDA:60,4,1,0
BRDA:60,5,0,0
BRDA:60,5,1,0
BRDA:22,6,0,0
BRDA:22,6,1,0
BRDA:22,7,0,0
BRDA:22,7,1,0
BRF:16
BRH:0
end_of_record
TN:
SF:src\calls\calls.module.ts
FNF:0
FNH:0
DA:1,0
DA:3,0
DA:5,0
DA:6,0
DA:8,0
DA:10,0
DA:12,0
DA:30,0
LF:8
LH:0
BRF:0
BRH:0
end_of_record
TN:
SF:src\calls\calls.service.ts
FN:24,(anonymous_4)
FN:41,(anonymous_5)
FN:277,(anonymous_6)
FN:290,(anonymous_7)
FNF:4
FNH:0
FNDA:0,(anonymous_4)
FNDA:0,(anonymous_5)
FNDA:0,(anonymous_6)
FNDA:0,(anonymous_7)
DA:1,0
DA:6,0
DA:9,0
DA:12,0
DA:15,0
DA:18,0
DA:22,0
DA:26,0
DA:30,0
DA:33,0
DA:47,0
DA:51,0
DA:61,0
DA:68,0
DA:74,0
DA:76,0
DA:81,0
DA:83,0
DA:92,0
DA:96,0
DA:106,0
DA:111,0
DA:116,0
DA:121,0
DA:126,0
DA:131,0
DA:136,0
DA:140,0
DA:144,0
DA:149,0
DA:155,0
DA:159,0
DA:172,0
DA:176,0
DA:181,0
DA:190,0
DA:194,0
DA:203,0
DA:209,0
DA:222,0
DA:228,0
DA:238,0
DA:239,0
DA:240,0
DA:242,0
DA:254,0
DA:258,0
DA:262,0
DA:278,0
DA:279,0
DA:280,0
DA:281,0
DA:283,0
DA:295,0
DA:299,0
DA:301,0
DA:310,0
DA:311,0
DA:312,0
DA:318,0
DA:319,0
DA:327,0
DA:335,0
DA:339,0
DA:347,0
DA:351,0
DA:359,0
DA:363,0
DA:367,0
DA:371,0
DA:375,0
LF:71
LH:0
BRDA:47,0,0,0
BRDA:47,0,1,0
BRDA:74,1,0,0
BRDA:74,1,1,0
BRDA:81,2,0,0
BRDA:81,2,1,0
BRDA:92,3,0,0
BRDA:92,3,1,0
BRDA:93,4,0,0
BRDA:93,4,1,0
BRDA:136,5,0,0
BRDA:136,5,1,0
BRDA:140,6,0,0
BRDA:140,6,1,0
BRDA:140,6,2,0
BRDA:144,7,0,0
BRDA:144,7,1,0
BRDA:145,8,0,0
BRDA:145,8,1,0
BRDA:145,8,2,0
BRDA:155,9,0,0
BRDA:155,9,1,0
BRDA:156,10,0,0
BRDA:156,10,1,0
BRDA:176,11,0,0
BRDA:176,11,1,0
BRDA:177,12,0,0
BRDA:177,12,1,0
BRDA:239,13,0,0
BRDA:239,13,1,0
BRDA:240,14,0,0
BRDA:240,14,1,0
BRDA:279,15,0,0
BRDA:279,15,1,0
BRDA:299,16,0,0
BRDA:299,16,1,0
BRDA:27,17,0,0
BRDA:27,17,1,0
BRDA:27,18,0,0
BRDA:27,18,1,0
BRDA:27,19,0,0
BRDA:27,19,1,0
BRDA:27,20,0,0
BRDA:27,20,1,0
BRDA:31,21,0,0
BRDA:31,21,1,0
BRDA:31,22,0,0
BRDA:31,22,1,0
BRF:48
BRH:0
end_of_record
TN:
SF:src\calls\dto\end-video-call.dto.ts
FNF:0
FNH:0
DA:1,0
DA:6,0
DA:10,0
LF:3
LH:0
BRF:0
BRH:0
end_of_record
TN:
SF:src\calls\dto\start-video-call.dto.ts
FNF:0
FNH:0
DA:1,0
DA:7,0
DA:11,0
DA:15,0
LF:4
LH:0
BRF:0
BRH:0
end_of_record
TN:
SF:src\chat\chat.controller.ts
FN:7,(anonymous_4)
FN:10,(anonymous_5)
FN:15,(anonymous_6)
FN:22,(anonymous_7)
FN:29,(anonymous_8)
FN:48,(anonymous_9)
FN:72,(anonymous_10)
FN:90,(anonymous_11)
FNF:8
FNH:0
FNDA:0,(anonymous_4)
FNDA:0,(anonymous_5)
FNDA:0,(anonymous_6)
FNDA:0,(anonymous_7)
FNDA:0,(anonymous_8)
FNDA:0,(anonymous_9)
FNDA:0,(anonymous_10)
FNDA:0,(anonymous_11)
DA:1,0
DA:2,0
DA:3,0
DA:6,0
DA:7,0
DA:10,0
DA:11,0
DA:15,0
DA:16,0
DA:17,0
DA:18,0
DA:22,0
DA:23,0
DA:24,0
DA:25,0
DA:29,0
DA:30,0
DA:31,0
DA:33,0
DA:34,0
DA:35,0
DA:36,0
DA:37,0
DA:38,0
DA:39,0
DA:44,0
DA:48,0
DA:57,0
DA:58,0
DA:60,0
DA:61,0
DA:64,0
DA:72,0
DA:77,0
DA:78,0
DA:79,0
DA:80,0
DA:82,0
DA:90,0
DA:95,0
DA:96,0
DA:97,0
DA:98,0
DA:99,0
DA:100,0
DA:101,0
DA:102,0
DA:103,0
DA:107,0
DA:108,0
DA:110,0
DA:111,0
LF:52
LH:0
BRDA:17,0,0,0
BRDA:17,0,1,0
BRDA:24,1,0,0
BRDA:24,1,1,0
BRDA:31,2,0,0
BRDA:31,2,1,0
BRDA:34,3,0,0
BRDA:34,3,1,0
BRDA:36,4,0,0
BRDA:36,4,1,0
BRDA:38,5,0,0
BRDA:38,5,1,0
BRDA:58,6,0,0
BRDA:58,6,1,0
BRDA:60,7,0,0
BRDA:60,7,1,0
BRDA:60,8,0,0
BRDA:60,8,1,0
BRDA:60,8,2,0
BRDA:66,9,0,0
BRDA:66,9,1,0
BRDA:78,10,0,0
BRDA:78,10,1,0
BRDA:79,11,0,0
BRDA:79,11,1,0
BRDA:79,12,0,0
BRDA:79,12,1,0
BRDA:79,12,2,0
BRDA:84,13,0,0
BRDA:84,13,1,0
BRDA:96,14,0,0
BRDA:96,14,1,0
BRDA:98,15,0,0
BRDA:98,15,1,0
BRDA:98,16,0,0
BRDA:98,16,1,0
BRDA:100,17,0,0
BRDA:100,17,1,0
BRDA:102,18,0,0
BRDA:102,18,1,0
BRDA:107,19,0,0
BRDA:107,19,1,0
BRDA:7,20,0,0
BRDA:7,20,1,0
BRDA:7,21,0,0
BRDA:7,21,1,0
BRF:46
BRH:0
end_of_record
TN:
SF:src\chat\chat.gateway.ts
FN:20,(anonymous_4)
FN:22,(anonymous_5)
FN:31,(anonymous_6)
FN:38,(anonymous_7)
FN:43,(anonymous_8)
FN:48,(anonymous_9)
FN:116,(anonymous_10)
FN:131,(anonymous_11)
FN:146,(anonymous_12)
FN:181,(anonymous_13)
FN:211,(anonymous_14)
FNF:11
FNH:0
FNDA:0,(anonymous_4)
FNDA:0,(anonymous_5)
FNDA:0,(anonymous_6)
FNDA:0,(anonymous_7)
FNDA:0,(anonymous_8)
FNDA:0,(anonymous_9)
FNDA:0,(anonymous_10)
FNDA:0,(anonymous_11)
FNDA:0,(anonymous_12)
FNDA:0,(anonymous_13)
FNDA:0,(anonymous_14)
DA:1,0
DA:10,0
DA:11,0
DA:16,0
DA:18,0
DA:20,0
DA:23,0
DA:24,0
DA:25,0
DA:26,0
DA:27,0
DA:32,0
DA:33,0
DA:34,0
DA:39,0
DA:40,0
DA:44,0
DA:45,0
DA:58,0
DA:59,0
DA:60,0
DA:62,0
DA:70,0
DA:72,0
DA:73,0
DA:74,0
DA:76,0
DA:77,0
DA:79,0
DA:80,0
DA:81,0
DA:82,0
DA:92,0
DA:93,0
DA:98,0
DA:105,0
DA:106,0
DA:107,0
DA:109,0
DA:111,0
DA:116,0
DA:127,0
DA:131,0
DA:142,0
DA:146,0
DA:151,0
DA:152,0
DA:153,0
DA:155,0
DA:156,0
DA:157,0
DA:158,0
DA:159,0
DA:161,0
DA:162,0
DA:165,0
DA:166,0
DA:167,0
DA:169,0
DA:170,0
DA:172,0
DA:173,0
DA:174,0
DA:176,0
DA:181,0
DA:185,0
DA:186,0
DA:187,0
DA:189,0
DA:190,0
DA:191,0
DA:192,0
DA:193,0
DA:195,0
DA:196,0
DA:199,0
DA:200,0
DA:201,0
DA:206,0
DA:211,0
DA:215,0
DA:216,0
DA:217,0
DA:219,0
DA:220,0
DA:221,0
DA:222,0
DA:223,0
DA:225,0
DA:226,0
DA:229,0
DA:230,0
DA:231,0
DA:236,0
LF:94
LH:0
BRDA:24,0,0,0
BRDA:24,0,1,0
BRDA:24,1,0,0
BRDA:24,1,1,0
BRDA:33,2,0,0
BRDA:33,2,1,0
BRDA:60,3,0,0
BRDA:60,3,1,0
BRDA:79,4,0,0
BRDA:79,4,1,0
BRDA:92,5,0,0
BRDA:92,5,1,0
BRDA:111,6,0,0
BRDA:111,6,1,0
BRDA:153,7,0,0
BRDA:153,7,1,0
BRDA:156,8,0,0
BRDA:156,8,1,0
BRDA:158,9,0,0
BRDA:158,9,1,0
BRDA:161,10,0,0
BRDA:161,10,1,0
BRDA:166,11,0,0
BRDA:166,11,1,0
BRDA:176,12,0,0
BRDA:176,12,1,0
BRDA:187,13,0,0
BRDA:187,13,1,0
BRDA:190,14,0,0
BRDA:190,14,1,0
BRDA:192,15,0,0
BRDA:192,15,1,0
BRDA:195,16,0,0
BRDA:195,16,1,0
BRDA:199,17,0,0
BRDA:199,17,1,0
BRDA:206,18,0,0
BRDA:206,18,1,0
BRDA:217,19,0,0
BRDA:217,19,1,0
BRDA:220,20,0,0
BRDA:220,20,1,0
BRDA:222,21,0,0
BRDA:222,21,1,0
BRDA:225,22,0,0
BRDA:225,22,1,0
BRDA:229,23,0,0
BRDA:229,23,1,0
BRDA:236,24,0,0
BRDA:236,24,1,0
BRDA:18,25,0,0
BRDA:18,25,1,0
BRDA:18,26,0,0
BRDA:18,26,1,0
BRDA:117,27,0,0
BRDA:117,27,1,0
BRDA:117,28,0,0
BRDA:117,28,1,0
BRDA:132,29,0,0
BRDA:132,29,1,0
BRDA:132,30,0,0
BRDA:132,30,1,0
BRDA:147,31,0,0
BRDA:147,31,1,0
BRDA:147,32,0,0
BRDA:147,32,1,0
BRDA:182,33,0,0
BRDA:182,33,1,0
BRDA:182,34,0,0
BRDA:182,34,1,0
BRDA:212,35,0,0
BRDA:212,35,1,0
BRDA:212,36,0,0
BRDA:212,36,1,0
BRDA:20,37,0,0
BRDA:20,37,1,0
BRDA:20,38,0,0
BRDA:20,38,1,0
BRF:78
BRH:0
end_of_record
TN:
SF:src\chat\chat.module.ts
FN:17,(anonymous_1)
FNF:1
FNH:0
FNDA:0,(anonymous_1)
DA:1,0
DA:2,0
DA:3,0
DA:4,0
DA:5,0
DA:6,0
DA:7,0
DA:8,0
DA:9,0
DA:10,0
DA:11,0
DA:12,0
DA:17,0
DA:23,0
LF:14
LH:0
BRF:0
BRH:0
end_of_record
TN:
SF:src\chat\chat.service.ts
FN:14,(anonymous_4)
FN:30,(anonymous_5)
FN:72,(anonymous_6)
FN:90,(anonymous_7)
FN:94,(anonymous_8)
FN:119,(anonymous_9)
FN:125,(anonymous_10)
FN:136,(anonymous_11)
FN:161,(anonymous_12)
FN:180,(anonymous_13)
FN:190,(anonymous_14)
FN:197,(anonymous_15)
FN:230,(anonymous_16)
FN:235,(anonymous_17)
FN:247,(anonymous_18)
FN:249,(anonymous_19)
FN:270,(anonymous_20)
FN:300,(anonymous_21)
FN:314,(anonymous_22)
FN:318,(anonymous_23)
FN:402,(anonymous_24)
FN:428,(anonymous_25)
FN:444,(anonymous_26)
FN:488,(anonymous_27)
FNF:24
FNH:0
FNDA:0,(anonymous_4)
FNDA:0,(anonymous_5)
FNDA:0,(anonymous_6)
FNDA:0,(anonymous_7)
FNDA:0,(anonymous_8)
FNDA:0,(anonymous_9)
FNDA:0,(anonymous_10)
FNDA:0,(anonymous_11)
FNDA:0,(anonymous_12)
FNDA:0,(anonymous_13)
FNDA:0,(anonymous_14)
FNDA:0,(anonymous_15)
FNDA:0,(anonymous_16)
FNDA:0,(anonymous_17)
FNDA:0,(anonymous_18)
FNDA:0,(anonymous_19)
FNDA:0,(anonymous_20)
FNDA:0,(anonymous_21)
FNDA:0,(anonymous_22)
FNDA:0,(anonymous_23)
FNDA:0,(anonymous_24)
FNDA:0,(anonymous_25)
FNDA:0,(anonymous_26)
FNDA:0,(anonymous_27)
DA:1,0
DA:2,0
DA:3,0
DA:4,0
DA:5,0
DA:6,0
DA:7,0
DA:8,0
DA:9,0
DA:10,0
DA:13,0
DA:16,0
DA:18,0
DA:20,0
DA:22,0
DA:24,0
DA:26,0
DA:27,0
DA:31,0
DA:32,0
DA:33,0
DA:57,0
DA:60,0
DA:61,0
DA:65,0
DA:68,0
DA:71,0
DA:72,0
DA:73,0
DA:76,0
DA:77,0
DA:78,0
DA:80,0
DA:81,0
DA:91,0
DA:95,0
DA:96,0
DA:97,0
DA:98,0
DA:105,0
DA:106,0
DA:109,0
DA:116,0
DA:120,0
DA:121,0
DA:122,0
DA:126,0
DA:127,0
DA:128,0
DA:137,0
DA:138,0
DA:139,0
DA:140,0
DA:143,0
DA:144,0
DA:145,0
DA:148,0
DA:149,0
DA:150,0
DA:151,0
DA:154,0
DA:158,0
DA:163,0
DA:164,0
DA:165,0
DA:168,0
DA:169,0
DA:170,0
DA:173,0
DA:174,0
DA:177,0
DA:181,0
DA:182,0
DA:190,0
DA:191,0
DA:192,0
DA:193,0
DA:195,0
DA:196,0
DA:197,0
DA:199,0
DA:200,0
DA:201,0
DA:202,0
DA:203,0
DA:204,0
DA:205,0
DA:206,0
DA:209,0
DA:215,0
DA:227,0
DA:231,0
DA:232,0
DA:236,0
DA:237,0
DA:238,0
DA:241,0
DA:246,0
DA:247,0
DA:249,0
DA:250,0
DA:254,0
DA:271,0
DA:272,0
DA:273,0
DA:276,0
DA:277,0
DA:278,0
DA:279,0
DA:280,0
DA:281,0
DA:282,0
DA:283,0
DA:284,0
DA:286,0
DA:294,0
DA:297,0
DA:301,0
DA:311,0
DA:315,0
DA:328,0
DA:329,0
DA:331,0
DA:332,0
DA:333,0
DA:334,0
DA:338,0
DA:339,0
DA:340,0
DA:341,0
DA:343,0
DA:344,0
DA:345,0
DA:348,0
DA:349,0
DA:352,0
DA:353,0
DA:354,0
DA:355,0
DA:356,0
DA:357,0
DA:372,0
DA:373,0
DA:374,0
DA:375,0
DA:376,0
DA:378,0
DA:379,0
DA:381,0
DA:384,0
DA:392,0
DA:394,0
DA:395,0
DA:396,0
DA:398,0
DA:399,0
DA:400,0
DA:401,0
DA:402,0
DA:403,0
DA:404,0
DA:406,0
DA:412,0
DA:429,0
DA:430,0
DA:431,0
DA:434,0
DA:445,0
DA:446,0
DA:447,0
DA:449,0
DA:452,0
DA:454,0
DA:462,0
DA:464,0
DA:465,0
DA:466,0
DA:469,0
DA:470,0
DA:471,0
DA:484,0
DA:489,0
LF:182
LH:0
BRDA:32,0,0,0
BRDA:32,0,1,0
BRDA:80,1,0,0
BRDA:80,1,1,0
BRDA:80,2,0,0
BRDA:80,2,1,0
BRDA:97,3,0,0
BRDA:97,3,1,0
BRDA:105,4,0,0
BRDA:105,4,1,0
BRDA:122,5,0,0
BRDA:122,5,1,0
BRDA:139,6,0,0
BRDA:139,6,1,0
BRDA:144,7,0,0
BRDA:144,7,1,0
BRDA:150,8,0,0
BRDA:150,8,1,0
BRDA:150,9,0,0
BRDA:150,9,1,0
BRDA:164,10,0,0
BRDA:164,10,1,0
BRDA:169,11,0,0
BRDA:169,11,1,0
BRDA:173,12,0,0
BRDA:173,12,1,0
BRDA:173,13,0,0
BRDA:173,13,1,0
BRDA:193,14,0,0
BRDA:193,14,1,0
BRDA:196,15,0,0
BRDA:196,15,1,0
BRDA:203,16,0,0
BRDA:203,16,1,0
BRDA:205,17,0,0
BRDA:205,17,1,0
BRDA:218,18,0,0
BRDA:218,18,1,0
BRDA:218,18,2,0
BRDA:219,19,0,0
BRDA:219,19,1,0
BRDA:220,20,0,0
BRDA:220,20,1,0
BRDA:221,21,0,0
BRDA:221,21,1,0
BRDA:232,22,0,0
BRDA:232,22,1,0
BRDA:232,22,2,0
BRDA:237,23,0,0
BRDA:237,23,1,0
BRDA:250,24,0,0
BRDA:250,24,1,0
BRDA:264,25,0,0
BRDA:264,25,1,0
BRDA:265,26,0,0
BRDA:265,26,1,0
BRDA:272,27,0,0
BRDA:272,27,1,0
BRDA:286,28,0,0
BRDA:286,28,1,0
BRDA:286,29,0,0
BRDA:286,29,1,0
BRDA:286,29,2,0
BRDA:286,29,3,0
BRDA:286,29,4,0
BRDA:286,29,5,0
BRDA:286,29,6,0
BRDA:286,29,7,0
BRDA:331,30,0,0
BRDA:331,30,1,0
BRDA:331,31,0,0
BRDA:331,31,1,0
BRDA:333,32,0,0
BRDA:333,32,1,0
BRDA:338,33,0,0
BRDA:338,33,1,0
BRDA:340,34,0,0
BRDA:340,34,1,0
BRDA:348,35,0,0
BRDA:348,35,1,0
BRDA:352,36,0,0
BRDA:352,36,1,0
BRDA:352,37,0,0
BRDA:352,37,1,0
BRDA:355,38,0,0
BRDA:355,38,1,0
BRDA:373,39,0,0
BRDA:373,39,1,0
BRDA:375,40,0,0
BRDA:375,40,1,0
BRDA:398,41,0,0
BRDA:398,41,1,0
BRDA:400,42,0,0
BRDA:400,42,1,0
BRDA:430,43,0,0
BRDA:430,43,1,0
BRDA:447,44,0,0
BRDA:447,44,1,0
BRDA:452,45,0,0
BRDA:452,45,1,0
BRDA:470,46,0,0
BRDA:470,46,1,0
BRDA:470,47,0,0
BRDA:470,47,1,0
BRDA:16,48,0,0
BRDA:16,48,1,0
BRDA:16,49,0,0
BRDA:16,49,1,0
BRDA:16,50,0,0
BRDA:16,50,1,0
BRDA:16,51,0,0
BRDA:16,51,1,0
BRDA:18,52,0,0
BRDA:18,52,1,0
BRDA:18,53,0,0
BRDA:18,53,1,0
BRDA:20,54,0,0
BRDA:20,54,1,0
BRDA:20,55,0,0
BRDA:20,55,1,0
BRDA:22,56,0,0
BRDA:22,56,1,0
BRDA:22,57,0,0
BRDA:22,57,1,0
BRDA:24,58,0,0
BRDA:24,58,1,0
BRDA:24,59,0,0
BRDA:24,59,1,0
BRDA:26,60,0,0
BRDA:26,60,1,0
BRDA:26,61,0,0
BRDA:26,61,1,0
BRF:132
BRH:0
end_of_record
TN:
SF:src\chat\dto\send-chat-message.dto.ts
FNF:0
FNH:0
DA:1,0
DA:3,0
DA:6,0
DA:10,0
LF:4
LH:0
BRF:0
BRH:0
end_of_record
TN:
SF:src\chat\entities\chat-message.entity.ts
FNF:0
FNH:0
DA:1,0
DA:11,0
DA:13,0
DA:17,0
DA:21,0
DA:25,0
DA:28,0
DA:31,0
DA:34,0
DA:37,0
DA:40,0
DA:43,0
DA:46,0
DA:49,0
LF:14
LH:0
BRDA:34,0,0,0
BRDA:34,0,1,0
BRDA:34,1,0,0
BRDA:34,1,1,0
BRDA:37,2,0,0
BRDA:37,2,1,0
BRDA:37,3,0,0
BRDA:37,3,1,0
BRDA:46,4,0,0
BRDA:46,4,1,0
BRDA:46,5,0,0
BRDA:46,5,1,0
BRDA:49,6,0,0
BRDA:49,6,1,0
BRDA:49,7,0,0
BRDA:49,7,1,0
BRF:16
BRH:0
end_of_record
TN:
SF:src\chat\entities\chat-room.entity.ts
FNF:0
FNH:0
DA:1,0
DA:11,0
DA:13,0
DA:17,0
DA:21,0
DA:24,0
DA:27,0
DA:30,0
DA:33,0
LF:9
LH:0
BRDA:27,0,0,0
BRDA:27,0,1,0
BRDA:27,1,0,0
BRDA:27,1,1,0
BRDA:30,2,0,0
BRDA:30,2,1,0
BRDA:30,3,0,0
BRDA:30,3,1,0
BRDA:33,4,0,0
BRDA:33,4,1,0
BRDA:33,5,0,0
BRDA:33,5,1,0
BRF:12
BRH:0
end_of_record
TN:
SF:src\chat\entities\conversation.entity.ts
FNF:0
FNH:0
DA:1,0
DA:11,0
DA:13,0
DA:17,0
DA:21,0
DA:24,0
DA:27,0
DA:30,0
DA:33,0
LF:9
LH:0
BRDA:27,0,0,0
BRDA:27,0,1,0
BRDA:27,1,0,0
BRDA:27,1,1,0
BRDA:30,2,0,0
BRDA:30,2,1,0
BRDA:30,3,0,0
BRDA:30,3,1,0
BRDA:33,4,0,0
BRDA:33,4,1,0
BRDA:33,5,0,0
BRDA:33,5,1,0
BRF:12
BRH:0
end_of_record
TN:
SF:src\chat\entities\message-template.entity.ts
FNF:0
FNH:0
DA:1,0
DA:8,0
DA:10,0
DA:13,0
DA:16,0
DA:19,0
DA:22,0
LF:7
LH:0
BRF:0
BRH:0
end_of_record
TN:
SF:src\chat\entities\message.entity.ts
FNF:0
FNH:0
DA:1,0
DA:10,0
DA:12,0
DA:16,0
DA:20,0
DA:24,0
DA:27,0
DA:30,0
DA:33,0
LF:9
LH:0
BRDA:33,0,0,0
BRDA:33,0,1,0
BRDA:33,1,0,0
BRDA:33,1,1,0
BRF:4
BRH:0
end_of_record
TN:
SF:src\firebase\firebase.module.ts
FNF:0
FNH:0
DA:1,0
DA:2,0
DA:8,0
LF:3
LH:0
BRF:0
BRH:0
end_of_record
TN:
SF:src\firebase\firebase.service.ts
FN:11,(anonymous_11)
FN:15,(anonymous_12)
FN:66,(anonymous_13)
FNF:3
FNH:0
FNDA:0,(anonymous_11)
FNDA:0,(anonymous_12)
FNDA:0,(anonymous_13)
DA:1,0
DA:2,0
DA:3,0
DA:4,0
DA:7,0
DA:8,0
DA:9,0
DA:12,0
DA:16,0
DA:17,0
DA:18,0
DA:19,0
DA:22,0
DA:24,0
DA:25,0
DA:30,0
DA:31,0
DA:35,0
DA:37,0
DA:40,0
DA:48,0
DA:49,0
DA:52,0
DA:55,0
DA:59,0
DA:60,0
DA:62,0
DA:72,0
DA:73,0
DA:74,0
DA:77,0
DA:96,0
DA:97,0
DA:98,0
DA:100,0
DA:101,0
LF:36
LH:0
BRDA:17,0,0,0
BRDA:17,0,1,0
BRDA:24,1,0,0
BRDA:24,1,1,0
BRDA:30,2,0,0
BRDA:30,2,1,0
BRDA:37,3,0,0
BRDA:37,3,1,0
BRDA:48,4,0,0
BRDA:48,4,1,0
BRDA:72,5,0,0
BRDA:72,5,1,0
BRDA:83,6,0,0
BRDA:83,6,1,0
BRF:14
BRH:0
end_of_record
TN:
SF:src\friends\friends.controller.ts
FN:15,(anonymous_4)
FN:25,(anonymous_5)
FN:45,(anonymous_6)
FN:61,(anonymous_7)
FN:77,(anonymous_8)
FN:95,(anonymous_9)
FN:113,(anonymous_10)
FN:126,(anonymous_11)
FN:140,(anonymous_12)
FN:154,(anonymous_13)
FNF:10
FNH:0
FNDA:0,(anonymous_4)
FNDA:0,(anonymous_5)
FNDA:0,(anonymous_6)
FNDA:0,(anonymous_7)
FNDA:0,(anonymous_8)
FNDA:0,(anonymous_9)
FNDA:0,(anonymous_10)
FNDA:0,(anonymous_11)
FNDA:0,(anonymous_12)
FNDA:0,(anonymous_13)
DA:1,0
DA:11,0
DA:14,0
DA:16,0
DA:25,0
DA:33,0
DA:34,0
DA:45,0
DA:51,0
DA:61,0
DA:67,0
DA:77,0
DA:84,0
DA:95,0
DA:102,0
DA:113,0
DA:114,0
DA:115,0
DA:116,0
DA:118,0
DA:126,0
DA:130,0
DA:140,0
DA:144,0
DA:154,0
DA:160,0
LF:26
LH:0
BRDA:33,0,0,0
BRDA:33,0,1,0
BRDA:115,1,0,0
BRDA:115,1,1,0
BRDA:17,2,0,0
BRDA:17,2,1,0
BRDA:17,3,0,0
BRDA:17,3,1,0
BRF:8
BRH:0
end_of_record
TN:
SF:src\friends\friends.module.ts
FN:14,(anonymous_1)
FNF:1
FNH:0
FNDA:0,(anonymous_1)
DA:1,0
DA:2,0
DA:3,0
DA:4,0
DA:5,0
DA:6,0
DA:7,0
DA:8,0
DA:9,0
DA:14,0
DA:21,0
LF:11
LH:0
BRF:0
BRH:0
end_of_record
TN:
SF:src\friends\friends.service.ts
FN:25,(anonymous_4)
FN:48,(anonymous_5)
FN:210,(anonymous_6)
FN:218,(anonymous_7)
FN:256,(anonymous_8)
FN:296,(anonymous_9)
FN:334,(anonymous_10)
FN:353,(anonymous_11)
FN:406,(anonymous_12)
FN:423,(anonymous_13)
FN:459,(anonymous_14)
FN:490,(anonymous_15)
FN:546,(anonymous_16)
FN:571,(anonymous_17)
FN:630,(anonymous_18)
FN:640,(anonymous_19)
FN:661,(anonymous_20)
FN:668,(anonymous_21)
FN:670,(anonymous_22)
FN:691,(anonymous_23)
FN:40,(anonymous_24)
FNF:21
FNH:0
FNDA:0,(anonymous_4)
FNDA:0,(anonymous_5)
FNDA:0,(anonymous_6)
FNDA:0,(anonymous_7)
FNDA:0,(anonymous_8)
FNDA:0,(anonymous_9)
FNDA:0,(anonymous_10)
FNDA:0,(anonymous_11)
FNDA:0,(anonymous_12)
FNDA:0,(anonymous_13)
FNDA:0,(anonymous_14)
FNDA:0,(anonymous_15)
FNDA:0,(anonymous_16)
FNDA:0,(anonymous_17)
FNDA:0,(anonymous_18)
FNDA:0,(anonymous_19)
FNDA:0,(anonymous_20)
FNDA:0,(anonymous_21)
FNDA:0,(anonymous_22)
FNDA:0,(anonymous_23)
FNDA:0,(anonymous_24)
DA:1,0
DA:7,0
DA:9,0
DA:11,0
DA:13,0
DA:17,0
DA:19,0
DA:20,0
DA:21,0
DA:24,0
DA:27,0
DA:31,0
DA:35,0
DA:38,0
DA:40,0
DA:41,0
DA:57,0
DA:59,0
DA:69,0
DA:75,0
DA:77,0
DA:87,0
DA:93,0
DA:95,0
DA:105,0
DA:112,0
DA:113,0
DA:117,0
DA:122,0
DA:126,0
DA:135,0
DA:142,0
DA:143,0
DA:147,0
DA:150,0
DA:157,0
DA:161,0
DA:167,0
DA:168,0
DA:178,0
DA:187,0
DA:195,0
DA:203,0
DA:211,0
DA:212,0
DA:213,0
DA:222,0
DA:227,0
DA:234,0
DA:235,0
DA:238,0
DA:253,0
DA:260,0
DA:265,0
DA:272,0
DA:273,0
DA:278,0
DA:279,0
DA:281,0
DA:287,0
DA:288,0
DA:293,0
DA:299,0
DA:305,0
DA:310,0
DA:311,0
DA:316,0
DA:319,0
DA:323,0
DA:331,0
DA:338,0
DA:343,0
DA:356,0
DA:362,0
DA:363,0
DA:368,0
DA:372,0
DA:376,0
DA:377,0
DA:382,0
DA:385,0
DA:389,0
DA:394,0
DA:397,0
DA:401,0
DA:410,0
DA:414,0
DA:427,0
DA:433,0
DA:434,0
DA:439,0
DA:443,0
DA:448,0
DA:451,0
DA:452,0
DA:454,0
DA:464,0
DA:473,0
DA:474,0
DA:479,0
DA:482,0
DA:483,0
DA:485,0
DA:494,0
DA:501,0
DA:502,0
DA:507,0
DA:511,0
DA:515,0
DA:516,0
DA:521,0
DA:524,0
DA:528,0
DA:533,0
DA:536,0
DA:538,0
DA:551,0
DA:558,0
DA:559,0
DA:562,0
DA:574,0
DA:575,0
DA:578,0
DA:585,0
DA:586,0
DA:587,0
DA:588,0
DA:594,0
DA:607,0
DA:608,0
DA:609,0
DA:610,0
DA:615,0
DA:616,0
DA:619,0
DA:633,0
DA:644,0
DA:655,0
DA:656,0
DA:660,0
DA:661,0
DA:664,0
DA:668,0
DA:669,0
DA:670,0
DA:673,0
DA:695,0
DA:700,0
DA:701,0
DA:707,0
DA:715,0
DA:716,0
DA:723,0
DA:731,0
DA:732,0
DA:739,0
LF:156
LH:0
BRDA:57,0,0,0
BRDA:57,0,1,0
BRDA:75,1,0,0
BRDA:75,1,1,0
BRDA:93,2,0,0
BRDA:93,2,1,0
BRDA:112,3,0,0
BRDA:112,3,1,0
BRDA:113,4,0,0
BRDA:113,4,1,0
BRDA:122,5,0,0
BRDA:122,5,1,0
BRDA:142,6,0,0
BRDA:142,6,1,0
BRDA:143,7,0,0
BRDA:143,7,1,0
BRDA:157,8,0,0
BRDA:157,8,1,0
BRDA:167,9,0,0
BRDA:167,9,1,0
BRDA:200,10,0,0
BRDA:200,10,1,0
BRDA:213,11,0,0
BRDA:213,11,1,0
BRDA:234,12,0,0
BRDA:234,12,1,0
BRDA:272,13,0,0
BRDA:272,13,1,0
BRDA:287,14,0,0
BRDA:287,14,1,0
BRDA:328,15,0,0
BRDA:328,15,1,0
BRDA:362,16,0,0
BRDA:362,16,1,0
BRDA:368,17,0,0
BRDA:368,17,1,0
BRDA:385,18,0,0
BRDA:385,18,1,0
BRDA:419,19,0,0
BRDA:419,19,1,0
BRDA:433,20,0,0
BRDA:433,20,1,0
BRDA:439,21,0,0
BRDA:439,21,1,0
BRDA:473,22,0,0
BRDA:473,22,1,0
BRDA:501,23,0,0
BRDA:501,23,1,0
BRDA:507,24,0,0
BRDA:507,24,1,0
BRDA:524,25,0,0
BRDA:524,25,1,0
BRDA:558,26,0,0
BRDA:558,26,1,0
BRDA:589,27,0,0
BRDA:589,27,1,0
BRDA:611,28,0,0
BRDA:611,28,1,0
BRDA:615,29,0,0
BRDA:615,29,1,0
BRDA:655,30,0,0
BRDA:655,30,1,0
BRDA:679,31,0,0
BRDA:679,31,1,0
BRDA:684,32,0,0
BRDA:684,32,1,0
BRDA:684,32,2,0
BRDA:685,33,0,0
BRDA:685,33,1,0
BRDA:700,34,0,0
BRDA:700,34,1,0
BRDA:715,35,0,0
BRDA:715,35,1,0
BRDA:731,36,0,0
BRDA:731,36,1,0
BRDA:28,37,0,0
BRDA:28,37,1,0
BRDA:28,38,0,0
BRDA:28,38,1,0
BRDA:28,39,0,0
BRDA:28,39,1,0
BRDA:28,40,0,0
BRDA:28,40,1,0
BRDA:32,41,0,0
BRDA:32,41,1,0
BRDA:32,42,0,0
BRDA:32,42,1,0
BRDA:36,43,0,0
BRDA:36,43,1,0
BRDA:36,44,0,0
BRDA:36,44,1,0
BRDA:38,45,0,0
BRDA:38,45,1,0
BRDA:38,46,0,0
BRDA:38,46,1,0
BRF:95
BRH:0
end_of_record
TN:
SF:src\friends\entities\friend.entity.ts
FN:10,(anonymous_2)
FNF:1
FNH:0
FNDA:0,(anonymous_2)
DA:1,0
DA:10,0
DA:11,0
DA:12,0
DA:13,0
DA:19,0
DA:21,0
DA:24,0
DA:27,0
DA:34,0
DA:37,0
DA:40,0
LF:12
LH:0
BRDA:10,0,0,0
BRDA:10,0,1,0
BRDA:37,1,0,0
BRDA:37,1,1,0
BRDA:37,2,0,0
BRDA:37,2,1,0
BRDA:40,3,0,0
BRDA:40,3,1,0
BRDA:40,4,0,0
BRDA:40,4,1,0
BRF:10
BRH:0
end_of_record
TN:
SF:src\friends\entities\friendship.entity.ts
FNF:0
FNH:0
DA:1,0
DA:11,0
DA:13,0
DA:16,0
DA:19,0
DA:22,0
LF:6
LH:0
BRDA:22,0,0,0
BRDA:22,0,1,0
BRDA:22,1,0,0
BRDA:22,1,1,0
BRF:4
BRH:0
end_of_record
TN:
SF:src\history\history.controller.ts
FN:6,(anonymous_4)
FNF:1
FNH:0
FNDA:0,(anonymous_4)
DA:1,0
DA:4,0
DA:6,0
DA:8,0
LF:4
LH:0
BRF:0
BRH:0
end_of_record
TN:
SF:src\history\history.module.ts
FNF:0
FNH:0
DA:1,0
DA:2,0
DA:7,0
LF:3
LH:0
BRF:0
BRH:0
end_of_record
TN:
SF:src\livekit\livekit.controller.ts
FN:15,(anonymous_4)
FN:25,(anonymous_5)
FNF:2
FNH:0
FNDA:0,(anonymous_4)
FNDA:0,(anonymous_5)
DA:1,0
DA:9,0
DA:13,0
DA:16,0
DA:25,0
DA:46,0
DA:52,0
DA:57,0
DA:67,0
DA:72,0
DA:76,0
DA:85,0
DA:101,0
DA:105,0
DA:109,0
DA:118,0
DA:127,0
DA:141,0
DA:143,0
DA:152,0
DA:173,0
DA:178,0
LF:22
LH:0
BRDA:52,0,0,0
BRDA:52,0,1,0
BRDA:53,1,0,0
BRDA:53,1,1,0
BRDA:68,2,0,0
BRDA:68,2,1,0
BRDA:72,3,0,0
BRDA:72,3,1,0
BRDA:88,4,0,0
BRDA:88,4,1,0
BRDA:91,5,0,0
BRDA:91,5,1,0
BRDA:94,6,0,0
BRDA:94,6,1,0
BRDA:141,7,0,0
BRDA:141,7,1,0
BRDA:159,8,0,0
BRDA:159,8,1,0
BRDA:17,9,0,0
BRDA:17,9,1,0
BRDA:17,10,0,0
BRDA:17,10,1,0
BRF:22
BRH:0
end_of_record
TN:
SF:src\livekit\livekit.module.ts
FNF:0
FNH:0
DA:1,0
DA:2,0
DA:3,0
DA:10,0
LF:4
LH:0
BRF:0
BRH:0
end_of_record
TN:
SF:src\livekit\livekit.service.ts
FN:18,(anonymous_1)
FNF:1
FNH:0
FNDA:0,(anonymous_1)
DA:1,0
DA:7,0
DA:12,0
DA:29,0
DA:32,0
DA:38,0
DA:43,0
DA:53,0
DA:56,0
DA:62,0
DA:67,0
DA:76,0
DA:81,0
DA:93,0
DA:95,0
DA:104,0
DA:109,0
DA:117,0
DA:119,0
DA:129,0
DA:147,0
DA:149,0
DA:153,0
DA:157,0
DA:161,0
LF:25
LH:0
BRDA:38,0,0,0
BRDA:38,0,1,0
BRDA:39,1,0,0
BRDA:39,1,1,0
BRDA:62,2,0,0
BRDA:62,2,1,0
BRDA:63,3,0,0
BRDA:63,3,1,0
BRDA:76,4,0,0
BRDA:76,4,1,0
BRDA:77,5,0,0
BRDA:77,5,1,0
BRDA:96,6,0,0
BRDA:96,6,1,0
BRF:14
BRH:0
end_of_record
TN:
SF:src\matches\matches.controller.ts
FN:12,(anonymous_2)
FN:17,(anonymous_3)
FNF:2
FNH:0
FNDA:0,(anonymous_2)
FNDA:0,(anonymous_3)
DA:1,0
DA:6,0
DA:10,0
DA:13,0
DA:17,0
DA:20,0
DA:25,0
DA:29,0
LF:8
LH:0
BRDA:13,0,0,0
BRDA:13,0,1,0
BRDA:13,1,0,0
BRDA:13,1,1,0
BRF:4
BRH:0
end_of_record
TN:
SF:src\matches\matches.module.ts
FNF:0
FNH:0
DA:1,0
DA:3,0
DA:6,0
DA:9,0
DA:12,0
DA:33,0
LF:6
LH:0
BRF:0
BRH:0
end_of_record
TN:
SF:src\matches\matches.service.ts
FN:12,(anonymous_2)
FN:17,(anonymous_3)
FN:51,(anonymous_4)
FN:91,(anonymous_5)
FN:179,(anonymous_6)
FN:186,(anonymous_7)
FN:231,(anonymous_8)
FN:248,(anonymous_9)
FN:264,(anonymous_10)
FN:279,(anonymous_11)
FN:398,(anonymous_12)
FN:459,(anonymous_13)
FN:987,(anonymous_14)
FNF:13
FNH:10
FNDA:3,(anonymous_2)
FNDA:9,(anonymous_3)
FNDA:9,(anonymous_4)
FNDA:3,(anonymous_5)
FNDA:5,(anonymous_6)
FNDA:3,(anonymous_7)
FNDA:0,(anonymous_8)
FNDA:3,(anonymous_9)
FNDA:0,(anonymous_10)
FNDA:3,(anonymous_11)
FNDA:3,(anonymous_12)
FNDA:3,(anonymous_13)
FNDA:0,(anonymous_14)
DA:1,1
DA:3,1
DA:6,1
DA:10,1
DA:13,3
DA:14,3
DA:20,9
DA:24,1
DA:28,8
DA:32,8
DA:33,3
DA:36,5
DA:37,5
DA:40,0
DA:45,0
DA:48,0
DA:56,9
DA:58,9
DA:62,9
DA:63,5
DA:66,4
DA:67,3
DA:70,1
DA:71,0
DA:75,1
DA:79,1
DA:88,1
DA:97,3
DA:107,3
DA:108,0
DA:109,0
DA:113,3
DA:115,3
DA:117,3
DA:118,3
DA:126,3
DA:131,3
DA:137,3
DA:144,3
DA:145,2
DA:152,1
DA:160,3
DA:161,1
DA:174,3
DA:176,3
DA:183,5
DA:191,3
DA:195,2
DA:200,2
DA:209,2
DA:216,3
DA:220,0
DA:234,0
DA:240,0
DA:251,3
DA:257,3
DA:258,2
DA:261,1
DA:267,0
DA:285,3
DA:295,3
DA:298,3
DA:303,0
DA:307,0
DA:311,3
DA:320,3
DA:324,3
DA:334,3
DA:338,0
DA:344,0
DA:350,0
DA:354,0
DA:361,3
DA:366,3
DA:376,3
DA:382,3
DA:386,3
DA:409,3
DA:420,3
DA:424,3
DA:426,0
DA:430,0
DA:437,3
DA:440,3
DA:445,0
DA:449,0
DA:453,3
DA:458,3
DA:460,3
DA:469,3
DA:481,3
DA:482,3
DA:483,3
DA:484,3
DA:493,3
DA:496,3
DA:502,3
DA:503,0
DA:506,0
DA:507,0
DA:508,0
DA:517,0
DA:521,3
DA:522,0
DA:526,0
DA:532,0
DA:535,3
DA:548,3
DA:549,3
DA:550,0
DA:551,0
DA:559,3
DA:561,3
DA:563,3
DA:569,0
DA:574,0
DA:587,3
DA:588,3
DA:605,3
DA:608,0
DA:622,0
DA:630,3
DA:634,3
DA:636,0
DA:651,0
DA:659,3
DA:663,3
DA:665,0
DA:680,0
DA:688,3
DA:692,3
DA:694,0
DA:698,0
DA:706,3
DA:711,3
DA:713,0
DA:717,0
DA:725,3
DA:729,3
DA:731,0
DA:747,0
DA:748,0
DA:754,0
DA:758,0
DA:762,3
DA:766,3
DA:767,0
DA:782,0
DA:783,0
DA:789,0
DA:793,0
DA:797,3
DA:802,3
DA:806,3
DA:818,3
DA:826,1
DA:841,1
DA:847,2
DA:852,0
DA:861,0
DA:875,0
DA:879,2
DA:892,2
DA:905,2
DA:906,2
DA:908,2
DA:912,2
DA:914,0
DA:918,0
DA:919,0
DA:925,0
DA:929,0
DA:937,2
DA:947,2
DA:953,2
DA:959,2
DA:963,2
DA:970,1
DA:974,1
DA:980,1
DA:992,0
DA:995,0
DA:1000,0
DA:1004,0
DA:1008,0
DA:1016,0
DA:1021,0
DA:1029,0
DA:1033,0
DA:1037,0
LF:190
LH:120
BRDA:20,0,0,1
BRDA:20,0,1,8
BRDA:21,1,0,9
BRDA:21,1,1,9
BRDA:32,2,0,3
BRDA:32,2,1,5
BRDA:36,3,0,5
BRDA:36,3,1,0
BRDA:40,4,0,0
BRDA:40,4,1,0
BRDA:41,5,0,0
BRDA:41,5,1,0
BRDA:41,5,2,0
BRDA:62,6,0,5
BRDA:62,6,1,4
BRDA:66,7,0,3
BRDA:66,7,1,1
BRDA:70,8,0,0
BRDA:70,8,1,1
BRDA:75,9,0,0
BRDA:75,9,1,1
BRDA:107,10,0,0
BRDA:107,10,1,3
BRDA:117,11,0,3
BRDA:117,11,1,0
BRDA:137,12,0,3
BRDA:137,12,1,3
BRDA:144,13,0,2
BRDA:144,13,1,1
BRDA:160,14,0,1
BRDA:160,14,1,2
BRDA:191,15,0,2
BRDA:191,15,1,1
BRDA:192,16,0,3
BRDA:192,16,1,3
BRDA:216,17,0,0
BRDA:216,17,1,3
BRDA:217,18,0,3
BRDA:217,18,1,0
BRDA:257,19,0,2
BRDA:257,19,1,1
BRDA:298,20,0,0
BRDA:298,20,1,3
BRDA:299,21,0,3
BRDA:299,21,1,2
BRDA:311,22,0,1
BRDA:311,22,1,2
BRDA:334,23,0,0
BRDA:334,23,1,3
BRDA:424,24,0,0
BRDA:424,24,1,3
BRDA:440,25,0,0
BRDA:440,25,1,3
BRDA:441,26,0,3
BRDA:441,26,1,2
BRDA:460,27,0,1
BRDA:460,27,1,2
BRDA:502,28,0,0
BRDA:502,28,1,3
BRDA:521,29,0,0
BRDA:521,29,1,3
BRDA:549,30,0,0
BRDA:549,30,1,3
BRDA:551,31,0,0
BRDA:551,31,1,0
BRDA:605,32,0,0
BRDA:605,32,1,3
BRDA:634,33,0,0
BRDA:634,33,1,3
BRDA:663,34,0,0
BRDA:663,34,1,3
BRDA:692,35,0,0
BRDA:692,35,1,3
BRDA:711,36,0,0
BRDA:711,36,1,3
BRDA:729,37,0,0
BRDA:729,37,1,3
BRDA:766,38,0,0
BRDA:766,38,1,3
BRDA:766,39,0,3
BRDA:766,39,1,3
BRDA:818,40,0,1
BRDA:818,40,1,2
BRDA:847,41,0,0
BRDA:847,41,1,2
BRDA:848,42,0,2
BRDA:848,42,1,0
BRDA:852,43,0,0
BRDA:852,43,1,0
BRDA:853,44,0,0
BRDA:853,44,1,0
BRDA:906,45,0,2
BRDA:906,45,1,0
BRDA:912,46,0,0
BRDA:912,46,1,2
BRDA:995,47,0,0
BRDA:995,47,1,0
BRDA:996,48,0,0
BRDA:996,48,1,0
BRDA:1008,49,0,0
BRDA:1008,49,1,0
BRDA:13,50,0,1
BRDA:13,50,1,0
BRDA:13,51,0,1
BRDA:13,51,1,1
BRDA:13,52,0,1
BRDA:13,52,1,0
BRDA:13,53,0,1
BRDA:13,53,1,1
BRF:109
BRH:65
end_of_record
TN:
SF:src\migrations\1685662720000-AddMessageTemplateColumns.ts
FN:6,(anonymous_0)
FN:11,(anonymous_1)
FNF:2
FNH:0
FNDA:0,(anonymous_0)
FNDA:0,(anonymous_1)
DA:3,0
DA:4,0
DA:7,0
DA:8,0
DA:12,0
DA:13,0
LF:6
LH:0
BRF:0
BRH:0
end_of_record
TN:
SF:src\migrations\1696038400000-CreatePaymentsAndTransactions.ts
FN:6,(anonymous_0)
FN:59,(anonymous_1)
FNF:2
FNH:0
FNDA:0,(anonymous_0)
FNDA:0,(anonymous_1)
DA:3,0
DA:4,0
DA:7,0
DA:21,0
DA:32,0
DA:40,0
DA:48,0
DA:60,0
DA:61,0
DA:62,0
DA:63,0
DA:64,0
LF:12
LH:0
BRF:0
BRH:0
end_of_record
TN:
SF:src\migrations\1780233336102-CreateMissingTables.ts
FN:6,(anonymous_0)
FN:37,(anonymous_1)
FNF:2
FNH:0
FNDA:0,(anonymous_0)
FNDA:0,(anonymous_1)
DA:3,0
DA:4,0
DA:7,0
DA:8,0
DA:9,0
DA:10,0
DA:11,0
DA:12,0
DA:13,0
DA:14,0
DA:15,0
DA:16,0
DA:17,0
DA:18,0
DA:19,0
DA:20,0
DA:21,0
DA:22,0
DA:23,0
DA:24,0
DA:25,0
DA:26,0
DA:27,0
DA:28,0
DA:29,0
DA:30,0
DA:31,0
DA:32,0
DA:33,0
DA:34,0
DA:38,0
DA:39,0
DA:40,0
DA:41,0
DA:42,0
DA:43,0
DA:44,0
DA:45,0
DA:46,0
DA:47,0
DA:48,0
DA:49,0
DA:50,0
DA:51,0
DA:52,0
DA:53,0
DA:54,0
DA:55,0
DA:56,0
DA:57,0
DA:58,0
DA:59,0
DA:60,0
DA:61,0
DA:62,0
DA:63,0
DA:64,0
DA:65,0
LF:58
LH:0
BRF:0
BRH:0
end_of_record
TN:
SF:src\migrations\1780233336103-CreateFriendshipsTable.ts
FN:6,(anonymous_0)
FN:43,(anonymous_1)
FNF:2
FNH:0
FNDA:0,(anonymous_0)
FNDA:0,(anonymous_1)
DA:1,0
DA:3,0
DA:4,0
DA:7,0
DA:44,0
LF:5
LH:0
BRF:0
BRH:0
end_of_record
TN:
SF:src\notifications\notifications.controller.ts
FN:6,(anonymous_4)
FN:9,(anonymous_5)
FN:14,(anonymous_6)
FN:19,(anonymous_7)
FN:24,(anonymous_8)
FNF:5
FNH:0
FNDA:0,(anonymous_4)
FNDA:0,(anonymous_5)
FNDA:0,(anonymous_6)
FNDA:0,(anonymous_7)
FNDA:0,(anonymous_8)
DA:1,0
DA:2,0
DA:5,0
DA:6,0
DA:9,0
DA:10,0
DA:14,0
DA:15,0
DA:19,0
DA:20,0
DA:24,0
DA:25,0
LF:12
LH:0
BRDA:6,0,0,0
BRDA:6,0,1,0
BRDA:6,1,0,0
BRDA:6,1,1,0
BRF:4
BRH:0
end_of_record
TN:
SF:src\notifications\notifications.module.ts
FN:12,(anonymous_1)
FNF:1
FNH:0
FNDA:0,(anonymous_1)
DA:1,0
DA:2,0
DA:3,0
DA:4,0
DA:5,0
DA:6,0
DA:7,0
DA:12,0
DA:18,0
LF:9
LH:0
BRF:0
BRH:0
end_of_record
TN:
SF:src\notifications\notifications.service.ts
FN:10,(anonymous_4)
FN:19,(anonymous_5)
FN:40,(anonymous_6)
FN:47,(anonymous_7)
FN:53,(anonymous_8)
FN:58,(anonymous_9)
FN:59,(anonymous_10)
FN:71,(anonymous_11)
FN:76,(anonymous_12)
FN:81,(anonymous_13)
FN:15,(anonymous_14)
FNF:11
FNH:0
FNDA:0,(anonymous_4)
FNDA:0,(anonymous_5)
FNDA:0,(anonymous_6)
FNDA:0,(anonymous_7)
FNDA:0,(anonymous_8)
FNDA:0,(anonymous_9)
FNDA:0,(anonymous_10)
FNDA:0,(anonymous_11)
FNDA:0,(anonymous_12)
FNDA:0,(anonymous_13)
FNDA:0,(anonymous_14)
DA:1,0
DA:2,0
DA:3,0
DA:4,0
DA:5,0
DA:6,0
DA:9,0
DA:12,0
DA:14,0
DA:15,0
DA:16,0
DA:26,0
DA:32,0
DA:34,0
DA:35,0
DA:37,0
DA:41,0
DA:44,0
DA:48,0
DA:53,0
DA:54,0
DA:58,0
DA:59,0
DA:60,0
DA:72,0
DA:73,0
DA:77,0
DA:78,0
DA:82,0
DA:87,0
DA:88,0
DA:89,0
LF:32
LH:0
BRDA:62,0,0,0
BRDA:62,0,1,0
BRDA:64,1,0,0
BRDA:64,1,1,0
BRDA:64,1,2,0
BRDA:65,2,0,0
BRDA:65,2,1,0
BRDA:12,3,0,0
BRDA:12,3,1,0
BRDA:12,4,0,0
BRDA:12,4,1,0
BRDA:12,5,0,0
BRDA:12,5,1,0
BRDA:12,6,0,0
BRDA:12,6,1,0
BRDA:14,7,0,0
BRDA:14,7,1,0
BRDA:14,8,0,0
BRDA:14,8,1,0
BRF:19
BRH:0
end_of_record
TN:
SF:src\notifications\entities\notification.entity.ts
FNF:0
FNH:0
DA:1,0
DA:10,0
DA:12,0
DA:15,0
DA:18,0
DA:21,0
DA:24,0
DA:27,0
DA:30,0
DA:33,0
DA:36,0
LF:11
LH:0
BRDA:33,0,0,0
BRDA:33,0,1,0
BRDA:33,1,0,0
BRDA:33,1,1,0
BRDA:36,2,0,0
BRDA:36,2,1,0
BRDA:36,3,0,0
BRDA:36,3,1,0
BRF:8
BRH:0
end_of_record
TN:
SF:src\payments\payments.controller.ts
FN:6,(anonymous_4)
FN:9,(anonymous_5)
FN:16,(anonymous_6)
FN:26,(anonymous_7)
FNF:4
FNH:0
FNDA:0,(anonymous_4)
FNDA:0,(anonymous_5)
FNDA:0,(anonymous_6)
FNDA:0,(anonymous_7)
DA:1,0
DA:2,0
DA:5,0
DA:6,0
DA:9,0
DA:10,0
DA:11,0
DA:12,0
DA:16,0
DA:17,0
DA:18,0
DA:19,0
DA:22,0
DA:26,0
DA:27,0
DA:28,0
DA:29,0
LF:17
LH:0
BRDA:10,0,0,0
BRDA:10,0,1,0
BRDA:10,0,2,0
BRDA:11,1,0,0
BRDA:11,1,1,0
BRDA:18,2,0,0
BRDA:18,2,1,0
BRDA:18,3,0,0
BRDA:18,3,1,0
BRDA:18,3,2,0
BRDA:27,4,0,0
BRDA:27,4,1,0
BRDA:28,5,0,0
BRDA:28,5,1,0
BRDA:6,6,0,0
BRDA:6,6,1,0
BRDA:6,7,0,0
BRDA:6,7,1,0
BRF:18
BRH:0
end_of_record
TN:
SF:src\payments\payments.module.ts
FNF:0
FNH:0
DA:1,0
DA:2,0
DA:3,0
DA:4,0
DA:5,0
DA:6,0
DA:7,0
DA:8,0
DA:16,0
LF:9
LH:0
BRF:0
BRH:0
end_of_record
TN:
SF:src\payments\payments.service.ts
FN:15,(anonymous_13)
FN:24,(anonymous_14)
FN:40,(anonymous_15)
FN:57,(anonymous_16)
FN:90,(anonymous_17)
FN:96,(anonymous_18)
FN:99,(anonymous_19)
FN:141,(anonymous_20)
FNF:8
FNH:0
FNDA:0,(anonymous_13)
FNDA:0,(anonymous_14)
FNDA:0,(anonymous_15)
FNDA:0,(anonymous_16)
FNDA:0,(anonymous_17)
FNDA:0,(anonymous_18)
FNDA:0,(anonymous_19)
FNDA:0,(anonymous_20)
DA:1,0
DA:2,0
DA:3,0
DA:4,0
DA:5,0
DA:6,0
DA:7,0
DA:8,0
DA:9,0
DA:12,0
DA:13,0
DA:17,0
DA:19,0
DA:20,0
DA:21,0
DA:26,0
DA:37,0
DA:41,0
DA:43,0
DA:45,0
DA:47,0
DA:49,0
DA:51,0
DA:53,0
DA:58,0
DA:59,0
DA:60,0
DA:62,0
DA:64,0
DA:65,0
DA:70,0
DA:71,0
DA:74,0
DA:76,0
DA:85,0
DA:87,0
DA:91,0
DA:92,0
DA:93,0
DA:97,0
DA:99,0
DA:100,0
DA:101,0
DA:102,0
DA:106,0
DA:107,0
DA:111,0
DA:112,0
DA:113,0
DA:116,0
DA:117,0
DA:118,0
DA:119,0
DA:120,0
DA:123,0
DA:124,0
DA:125,0
DA:128,0
DA:131,0
DA:132,0
DA:133,0
DA:134,0
DA:137,0
DA:142,0
DA:143,0
LF:65
LH:0
BRDA:41,0,0,0
BRDA:41,0,1,0
BRDA:41,0,2,0
BRDA:41,0,3,0
BRDA:41,0,4,0
BRDA:41,0,5,0
BRDA:60,1,0,0
BRDA:60,1,1,0
BRDA:70,2,0,0
BRDA:70,2,1,0
BRDA:70,3,0,0
BRDA:70,3,1,0
BRDA:70,3,2,0
BRDA:70,3,3,0
BRDA:91,4,0,0
BRDA:91,4,1,0
BRDA:101,5,0,0
BRDA:101,5,1,0
BRDA:106,6,0,0
BRDA:106,6,1,0
BRDA:112,7,0,0
BRDA:112,7,1,0
BRDA:112,8,0,0
BRDA:112,8,1,0
BRDA:117,9,0,0
BRDA:117,9,1,0
BRDA:132,10,0,0
BRDA:132,10,1,0
BRDA:17,11,0,0
BRDA:17,11,1,0
BRDA:17,12,0,0
BRDA:17,12,1,0
BRDA:17,13,0,0
BRDA:17,13,1,0
BRDA:17,14,0,0
BRDA:17,14,1,0
BRDA:19,15,0,0
BRDA:19,15,1,0
BRDA:19,16,0,0
BRDA:19,16,1,0
BRDA:20,17,0,0
BRDA:20,17,1,0
BRDA:20,18,0,0
BRDA:20,18,1,0
BRF:44
BRH:0
end_of_record
TN:
SF:src\payments\razorpay.service.ts
FN:10,(anonymous_3)
FN:20,(anonymous_4)
FNF:2
FNH:0
FNDA:0,(anonymous_3)
FNDA:0,(anonymous_4)
DA:1,0
DA:2,0
DA:3,0
DA:6,0
DA:7,0
DA:10,0
DA:11,0
DA:12,0
DA:14,0
DA:21,0
DA:22,0
DA:29,0
DA:31,0
DA:33,0
DA:34,0
LF:15
LH:0
BRDA:11,0,0,0
BRDA:11,0,1,0
BRDA:12,1,0,0
BRDA:12,1,1,0
BRDA:20,2,0,0
BRDA:20,3,0,0
BRDA:10,4,0,0
BRDA:10,4,1,0
BRDA:10,5,0,0
BRDA:10,5,1,0
BRF:10
BRH:0
end_of_record
TN:
SF:src\payments\entities\coin-transaction.entity.ts
FNF:0
FNH:0
DA:1,0
DA:4,0
DA:6,0
DA:9,0
DA:12,0
DA:15,0
DA:18,0
DA:21,0
LF:8
LH:0
BRDA:21,0,0,0
BRDA:21,0,1,0
BRDA:21,1,0,0
BRDA:21,1,1,0
BRF:4
BRH:0
end_of_record
TN:
SF:src\payments\entities\payment.entity.ts
FNF:0
FNH:0
DA:1,0
DA:4,0
DA:6,0
DA:9,0
DA:12,0
DA:15,0
DA:18,0
DA:22,0
DA:26,0
DA:29,0
DA:32,0
LF:11
LH:0
BRDA:32,0,0,0
BRDA:32,0,1,0
BRDA:32,1,0,0
BRDA:32,1,1,0
BRF:4
BRH:0
end_of_record
TN:
SF:src\redis\redis.module.ts
FNF:0
FNH:0
DA:1,0
DA:2,0
DA:9,0
LF:3
LH:0
BRF:0
BRH:0
end_of_record
TN:
SF:src\redis\redis.service.ts
FN:18,(anonymous_1)
FN:23,(anonymous_2)
FN:43,(anonymous_3)
FN:47,(anonymous_4)
FN:51,(anonymous_5)
FN:55,(anonymous_6)
FN:64,(anonymous_7)
FN:92,(anonymous_8)
FN:126,(anonymous_9)
FN:157,(anonymous_10)
FN:163,(anonymous_11)
FN:175,(anonymous_12)
FN:186,(anonymous_13)
FN:197,(anonymous_14)
FN:210,(anonymous_15)
FN:245,(anonymous_16)
FN:252,(anonymous_17)
FN:297,(anonymous_18)
FN:308,(anonymous_19)
FN:317,(anonymous_20)
FN:330,(anonymous_21)
FN:342,(anonymous_22)
FN:351,(anonymous_23)
FN:376,(anonymous_24)
FN:453,(anonymous_25)
FN:475,(anonymous_26)
FN:485,(anonymous_27)
FNF:27
FNH:0
FNDA:0,(anonymous_1)
FNDA:0,(anonymous_2)
FNDA:0,(anonymous_3)
FNDA:0,(anonymous_4)
FNDA:0,(anonymous_5)
FNDA:0,(anonymous_6)
FNDA:0,(anonymous_7)
FNDA:0,(anonymous_8)
FNDA:0,(anonymous_9)
FNDA:0,(anonymous_10)
FNDA:0,(anonymous_11)
FNDA:0,(anonymous_12)
FNDA:0,(anonymous_13)
FNDA:0,(anonymous_14)
FNDA:0,(anonymous_15)
FNDA:0,(anonymous_16)
FNDA:0,(anonymous_17)
FNDA:0,(anonymous_18)
FNDA:0,(anonymous_19)
FNDA:0,(anonymous_20)
FNDA:0,(anonymous_21)
FNDA:0,(anonymous_22)
FNDA:0,(anonymous_23)
FNDA:0,(anonymous_24)
FNDA:0,(anonymous_25)
FNDA:0,(anonymous_26)
FNDA:0,(anonymous_27)
DA:1,1
DA:7,1
DA:13,1
DA:20,0
DA:25,0
DA:26,0
DA:31,0
DA:43,0
DA:44,0
DA:47,0
DA:48,0
DA:51,0
DA:52,0
DA:55,0
DA:56,0
DA:59,0
DA:61,0
DA:66,0
DA:68,0
DA:72,0
DA:77,0
DA:83,0
DA:99,0
DA:103,0
DA:104,0
DA:107,0
DA:109,0
DA:117,0
DA:120,0
DA:128,0
DA:131,0
DA:133,0
DA:134,0
DA:137,0
DA:139,0
DA:143,0
DA:148,0
DA:153,0
DA:159,0
DA:167,0
DA:180,0
DA:191,0
DA:201,0
DA:216,0
DA:222,0
DA:225,0
DA:227,0
DA:233,0
DA:237,0
DA:247,0
DA:257,0
DA:263,0
DA:268,0
DA:273,0
DA:281,0
DA:301,0
DA:312,0
DA:321,0
DA:335,0
DA:346,0
DA:356,0
DA:360,0
DA:364,0
DA:366,0
DA:381,0
DA:383,0
DA:386,0
DA:389,0
DA:394,0
DA:398,0
DA:399,0
DA:404,0
DA:408,0
DA:409,0
DA:414,0
DA:418,0
DA:421,0
DA:426,0
DA:431,0
DA:436,0
DA:440,0
DA:443,0
DA:446,0
DA:458,0
DA:462,0
DA:466,0
DA:480,0
DA:481,0
DA:482,0
DA:489,0
DA:490,0
LF:91
LH:3
BRDA:25,0,0,0
BRDA:25,0,1,0
BRDA:68,1,0,0
BRDA:68,1,1,0
BRDA:99,2,0,0
BRDA:99,2,1,0
BRDA:103,3,0,0
BRDA:103,3,1,0
BRDA:107,4,0,0
BRDA:107,4,1,0
BRDA:133,5,0,0
BRDA:133,5,1,0
BRDA:222,6,0,0
BRDA:222,6,1,0
BRDA:364,7,0,0
BRDA:364,7,1,0
BRDA:386,8,0,0
BRDA:386,8,1,0
BRDA:398,9,0,0
BRDA:398,9,1,0
BRDA:408,10,0,0
BRDA:408,10,1,0
BRDA:418,11,0,0
BRDA:418,11,1,0
BRF:24
BRH:0
end_of_record
TN:
SF:src\socket\socket.gateway.ts
FN:57,(anonymous_4)
FN:69,(anonymous_5)
FN:75,(anonymous_6)
FN:102,(anonymous_7)
FN:113,(anonymous_8)
FN:122,(anonymous_9)
FN:144,(anonymous_10)
FN:175,(anonymous_11)
FN:223,(anonymous_12)
FN:250,(anonymous_13)
FN:276,(anonymous_14)
FN:302,(anonymous_15)
FN:311,(anonymous_16)
FN:323,(anonymous_17)
FN:402,(anonymous_18)
FN:415,(anonymous_19)
FN:566,(anonymous_20)
FN:606,(anonymous_21)
FN:669,(anonymous_22)
FN:717,(anonymous_23)
FN:795,(anonymous_24)
FN:848,(anonymous_25)
FN:864,(anonymous_26)
FN:884,(anonymous_27)
FN:1400,(anonymous_28)
FN:1410,(anonymous_29)
FN:1518,(anonymous_30)
FN:1650,(anonymous_31)
FN:1701,(anonymous_32)
FN:1718,(anonymous_33)
FN:1754,(anonymous_34)
FN:1798,(anonymous_35)
FN:1827,(anonymous_36)
FN:1847,(anonymous_37)
FN:2001,(anonymous_38)
FN:2002,(anonymous_39)
FN:2036,(anonymous_40)
FN:2106,(anonymous_41)
FN:2156,(anonymous_42)
FN:2190,(anonymous_43)
FN:2223,(anonymous_44)
FN:2269,(anonymous_45)
FN:2300,(anonymous_46)
FN:2325,(anonymous_47)
FN:2344,(anonymous_48)
FN:61,(anonymous_49)
FNF:46
FNH:0
FNDA:0,(anonymous_4)
FNDA:0,(anonymous_5)
FNDA:0,(anonymous_6)
FNDA:0,(anonymous_7)
FNDA:0,(anonymous_8)
FNDA:0,(anonymous_9)
FNDA:0,(anonymous_10)
FNDA:0,(anonymous_11)
FNDA:0,(anonymous_12)
FNDA:0,(anonymous_13)
FNDA:0,(anonymous_14)
FNDA:0,(anonymous_15)
FNDA:0,(anonymous_16)
FNDA:0,(anonymous_17)
FNDA:0,(anonymous_18)
FNDA:0,(anonymous_19)
FNDA:0,(anonymous_20)
FNDA:0,(anonymous_21)
FNDA:0,(anonymous_22)
FNDA:0,(anonymous_23)
FNDA:0,(anonymous_24)
FNDA:0,(anonymous_25)
FNDA:0,(anonymous_26)
FNDA:0,(anonymous_27)
FNDA:0,(anonymous_28)
FNDA:0,(anonymous_29)
FNDA:0,(anonymous_30)
FNDA:0,(anonymous_31)
FNDA:0,(anonymous_32)
FNDA:0,(anonymous_33)
FNDA:0,(anonymous_34)
FNDA:0,(anonymous_35)
FNDA:0,(anonymous_36)
FNDA:0,(anonymous_37)
FNDA:0,(anonymous_38)
FNDA:0,(anonymous_39)
FNDA:0,(anonymous_40)
FNDA:0,(anonymous_41)
FNDA:0,(anonymous_42)
FNDA:0,(anonymous_43)
FNDA:0,(anonymous_44)
FNDA:0,(anonymous_45)
FNDA:0,(anonymous_46)
FNDA:0,(anonymous_47)
FNDA:0,(anonymous_48)
FNDA:0,(anonymous_49)
DA:1,0
DA:11,0
DA:12,0
DA:14,0
DA:15,0
DA:16,0
DA:17,0
DA:18,0
DA:20,0
DA:21,0
DA:22,0
DA:37,0
DA:43,0
DA:45,0
DA:47,0
DA:58,0
DA:59,0
DA:60,0
DA:61,0
DA:62,0
DA:63,0
DA:64,0
DA:65,0
DA:66,0
DA:72,0
DA:79,0
DA:83,0
DA:88,0
DA:89,0
DA:94,0
DA:97,0
DA:105,0
DA:110,0
DA:116,0
DA:119,0
DA:125,0
DA:128,0
DA:129,0
DA:133,0
DA:137,0
DA:138,0
DA:141,0
DA:149,0
DA:152,0
DA:156,0
DA:163,0
DA:178,0
DA:181,0
DA:182,0
DA:185,0
DA:188,0
DA:189,0
DA:192,0
DA:195,0
DA:196,0
DA:200,0
DA:204,0
DA:208,0
DA:217,0
DA:227,0
DA:228,0
DA:229,0
DA:230,0
DA:231,0
DA:234,0
DA:236,0
DA:246,0
DA:254,0
DA:255,0
DA:256,0
DA:257,0
DA:258,0
DA:261,0
DA:262,0
DA:272,0
DA:280,0
DA:281,0
DA:282,0
DA:283,0
DA:284,0
DA:287,0
DA:288,0
DA:298,0
DA:303,0
DA:304,0
DA:305,0
DA:307,0
DA:312,0
DA:313,0
DA:314,0
DA:316,0
DA:326,0
DA:327,0
DA:329,0
DA:330,0
DA:331,0
DA:334,0
DA:335,0
DA:336,0
DA:338,0
DA:340,0
DA:341,0
DA:342,0
DA:347,0
DA:351,0
DA:357,0
DA:361,0
DA:367,0
DA:371,0
DA:377,0
DA:383,0
DA:387,0
DA:389,0
DA:395,0
DA:405,0
DA:406,0
DA:407,0
DA:409,0
DA:411,0
DA:412,0
DA:415,0
DA:417,0
DA:420,0
DA:425,0
DA:429,0
DA:432,0
DA:439,0
DA:443,0
DA:447,0
DA:451,0
DA:455,0
DA:460,0
DA:467,0
DA:468,0
DA:469,0
DA:470,0
DA:471,0
DA:474,0
DA:475,0
DA:476,0
DA:477,0
DA:478,0
DA:479,0
DA:480,0
DA:489,0
DA:500,0
DA:501,0
DA:504,0
DA:508,0
DA:511,0
DA:515,0
DA:516,0
DA:519,0
DA:520,0
DA:524,0
DA:527,0
DA:529,0
DA:533,0
DA:536,0
DA:546,0
DA:555,0
DA:558,0
DA:566,0
DA:570,0
DA:572,0
DA:574,0
DA:575,0
DA:581,0
DA:583,0
DA:595,0
DA:606,0
DA:610,0
DA:611,0
DA:612,0
DA:613,0
DA:615,0
DA:620,0
DA:625,0
DA:626,0
DA:627,0
DA:629,0
DA:635,0
DA:643,0
DA:647,0
DA:651,0
DA:656,0
DA:662,0
DA:663,0
DA:664,0
DA:669,0
DA:673,0
DA:674,0
DA:675,0
DA:677,0
DA:678,0
DA:684,0
DA:686,0
DA:690,0
DA:698,0
DA:699,0
DA:701,0
DA:703,0
DA:708,0
DA:709,0
DA:717,0
DA:721,0
DA:722,0
DA:723,0
DA:725,0
DA:726,0
DA:732,0
DA:738,0
DA:739,0
DA:741,0
DA:744,0
DA:745,0
DA:746,0
DA:747,0
DA:749,0
DA:758,0
DA:767,0
DA:768,0
DA:770,0
DA:771,0
DA:772,0
DA:773,0
DA:774,0
DA:776,0
DA:779,0
DA:781,0
DA:786,0
DA:787,0
DA:795,0
DA:799,0
DA:800,0
DA:801,0
DA:803,0
DA:804,0
DA:810,0
DA:811,0
DA:816,0
DA:819,0
DA:820,0
DA:822,0
DA:828,0
DA:830,0
DA:835,0
DA:836,0
DA:848,0
DA:851,0
DA:852,0
DA:853,0
DA:855,0
DA:856,0
DA:858,0
DA:859,0
DA:864,0
DA:867,0
DA:868,0
DA:869,0
DA:871,0
DA:872,0
DA:874,0
DA:875,0
DA:884,0
DA:889,0
DA:890,0
DA:892,0
DA:894,0
DA:899,0
DA:908,0
DA:917,0
DA:921,0
DA:923,0
DA:931,0
DA:935,0
DA:939,0
DA:941,0
DA:949,0
DA:952,0
DA:969,0
DA:973,0
DA:975,0
DA:984,0
DA:987,0
DA:996,0
DA:1001,0
DA:1009,0
DA:1010,0
DA:1012,0
DA:1022,0
DA:1030,0
DA:1043,0
DA:1048,0
DA:1058,0
DA:1065,0
DA:1070,0
DA:1076,0
DA:1077,0
DA:1082,0
DA:1091,0
DA:1100,0
DA:1108,0
DA:1112,0
DA:1113,0
DA:1116,0
DA:1117,0
DA:1118,0
DA:1119,0
DA:1120,0
DA:1121,0
DA:1122,0
DA:1125,0
DA:1128,0
DA:1138,0
DA:1152,0
DA:1160,0
DA:1164,0
DA:1168,0
DA:1176,0
DA:1178,0
DA:1179,0
DA:1182,0
DA:1183,0
DA:1184,0
DA:1185,0
DA:1186,0
DA:1187,0
DA:1188,0
DA:1191,0
DA:1198,0
DA:1203,0
DA:1208,0
DA:1212,0
DA:1216,0
DA:1225,0
DA:1230,0
DA:1235,0
DA:1240,0
DA:1252,0
DA:1256,0
DA:1265,0
DA:1268,0
DA:1270,0
DA:1284,0
DA:1290,0
DA:1295,0
DA:1304,0
DA:1318,0
DA:1324,0
DA:1331,0
DA:1338,0
DA:1349,0
DA:1368,0
DA:1388,0
DA:1398,0
DA:1402,0
DA:1407,0
DA:1412,0
DA:1417,0
DA:1421,0
DA:1430,0
DA:1439,0
DA:1449,0
DA:1461,0
DA:1466,0
DA:1475,0
DA:1477,0
DA:1479,0
DA:1483,0
DA:1488,0
DA:1490,0
DA:1494,0
DA:1501,0
DA:1507,0
DA:1518,0
DA:1522,0
DA:1523,0
DA:1525,0
DA:1526,0
DA:1527,0
DA:1529,0
DA:1531,0
DA:1532,0
DA:1534,0
DA:1535,0
DA:1536,0
DA:1540,0
DA:1541,0
DA:1542,0
DA:1544,0
DA:1545,0
DA:1546,0
DA:1550,0
DA:1551,0
DA:1552,0
DA:1553,0
DA:1557,0
DA:1558,0
DA:1559,0
DA:1560,0
DA:1564,0
DA:1565,0
DA:1566,0
DA:1567,0
DA:1570,0
DA:1571,0
DA:1573,0
DA:1574,0
DA:1577,0
DA:1578,0
DA:1580,0
DA:1587,0
DA:1594,0
DA:1606,0
DA:1619,0
DA:1622,0
DA:1623,0
DA:1627,0
DA:1628,0
DA:1647,0
DA:1650,0
DA:1651,0
DA:1652,0
DA:1653,0
DA:1654,0
DA:1655,0
DA:1657,0
DA:1658,0
DA:1659,0
DA:1661,0
DA:1662,0
DA:1663,0
DA:1666,0
DA:1668,0
DA:1669,0
DA:1683,0
DA:1688,0
DA:1689,0
DA:1690,0
DA:1691,0
DA:1693,0
DA:1694,0
DA:1695,0
DA:1697,0
DA:1705,0
DA:1706,0
DA:1709,0
DA:1712,0
DA:1718,0
DA:1723,0
DA:1727,0
DA:1729,0
DA:1730,0
DA:1733,0
DA:1739,0
DA:1745,0
DA:1754,0
DA:1758,0
DA:1764,0
DA:1766,0
DA:1771,0
DA:1774,0
DA:1779,0
DA:1787,0
DA:1798,0
DA:1802,0
DA:1803,0
DA:1805,0
DA:1806,0
DA:1809,0
DA:1810,0
DA:1811,0
DA:1812,0
DA:1814,0
DA:1817,0
DA:1819,0
DA:1827,0
DA:1831,0
DA:1832,0
DA:1833,0
DA:1834,0
DA:1836,0
DA:1837,0
DA:1839,0
DA:1847,0
DA:1850,0
DA:1851,0
DA:1852,0
DA:1854,0
DA:1855,0
DA:1861,0
DA:1865,0
DA:1869,0
DA:1873,0
DA:1878,0
DA:1882,0
DA:1886,0
DA:1895,0
DA:1896,0
DA:1899,0
DA:1900,0
DA:1908,0
DA:1919,0
DA:1922,0
DA:1925,0
DA:1927,0
DA:1928,0
DA:1929,0
DA:1930,0
DA:1932,0
DA:1933,0
DA:1934,0
DA:1935,0
DA:1948,0
DA:1951,0
DA:1952,0
DA:1953,0
DA:1958,0
DA:1962,0
DA:1966,0
DA:1971,0
DA:1975,0
DA:1981,0
DA:1987,0
DA:1992,0
DA:1994,0
DA:2002,0
DA:2003,0
DA:2004,0
DA:2005,0
DA:2006,0
DA:2007,0
DA:2009,0
DA:2010,0
DA:2011,0
DA:2014,0
DA:2019,0
DA:2024,0
DA:2029,0
DA:2032,0
DA:2033,0
DA:2037,0
DA:2038,0
DA:2039,0
DA:2040,0
DA:2043,0
DA:2047,0
DA:2051,0
DA:2055,0
DA:2059,0
DA:2069,0
DA:2079,0
DA:2088,0
DA:2097,0
DA:2100,0
DA:2106,0
DA:2110,0
DA:2114,0
DA:2116,0
DA:2117,0
DA:2121,0
DA:2125,0
DA:2126,0
DA:2129,0
DA:2134,0
DA:2139,0
DA:2142,0
DA:2146,0
DA:2151,0
DA:2156,0
DA:2160,0
DA:2161,0
DA:2162,0
DA:2164,0
DA:2169,0
DA:2172,0
DA:2173,0
DA:2175,0
DA:2177,0
DA:2184,0
DA:2185,0
DA:2190,0
DA:2194,0
DA:2195,0
DA:2196,0
DA:2198,0
DA:2203,0
DA:2204,0
DA:2207,0
DA:2208,0
DA:2209,0
DA:2210,0
DA:2213,0
DA:2215,0
DA:2217,0
DA:2218,0
DA:2223,0
DA:2227,0
DA:2228,0
DA:2229,0
DA:2231,0
DA:2232,0
DA:2233,0
DA:2236,0
DA:2237,0
DA:2238,0
DA:2239,0
DA:2240,0
DA:2243,0
DA:2246,0
DA:2255,0
DA:2257,0
DA:2263,0
DA:2264,0
DA:2269,0
DA:2273,0
DA:2274,0
DA:2275,0
DA:2277,0
DA:2278,0
DA:2279,0
DA:2281,0
DA:2282,0
DA:2283,0
DA:2284,0
DA:2286,0
DA:2292,0
DA:2294,0
DA:2295,0
DA:2300,0
DA:2304,0
DA:2305,0
DA:2306,0
DA:2308,0
DA:2310,0
DA:2317,0
DA:2319,0
DA:2320,0
DA:2325,0
DA:2328,0
DA:2329,0
DA:2330,0
DA:2332,0
DA:2336,0
DA:2338,0
DA:2339,0
DA:2344,0
DA:2348,0
DA:2349,0
DA:2350,0
DA:2352,0
DA:2353,0
DA:2355,0
DA:2356,0
DA:2359,0
DA:2360,0
DA:2364,0
DA:2365,0
DA:2368,0
DA:2377,0
DA:2378,0
DA:2380,0
DA:2382,0
DA:2383,0
LF:665
LH:0
BRDA:88,0,0,0
BRDA:88,0,1,0
BRDA:119,1,0,0
BRDA:119,1,1,0
BRDA:128,2,0,0
BRDA:128,2,1,0
BRDA:137,3,0,0
BRDA:137,3,1,0
BRDA:137,4,0,0
BRDA:137,4,1,0
BRDA:147,5,0,0
BRDA:156,6,0,0
BRDA:156,6,1,0
BRDA:181,7,0,0
BRDA:181,7,1,0
BRDA:188,8,0,0
BRDA:188,8,1,0
BRDA:195,9,0,0
BRDA:195,9,1,0
BRDA:195,10,0,0
BRDA:195,10,1,0
BRDA:204,11,0,0
BRDA:204,11,1,0
BRDA:230,12,0,0
BRDA:230,12,1,0
BRDA:234,13,0,0
BRDA:234,13,1,0
BRDA:257,14,0,0
BRDA:257,14,1,0
BRDA:261,15,0,0
BRDA:261,15,1,0
BRDA:283,16,0,0
BRDA:283,16,1,0
BRDA:287,17,0,0
BRDA:287,17,1,0
BRDA:329,18,0,0
BRDA:329,18,1,0
BRDA:340,19,0,0
BRDA:340,19,1,0
BRDA:351,20,0,0
BRDA:351,20,1,0
BRDA:352,21,0,0
BRDA:352,21,1,0
BRDA:361,22,0,0
BRDA:361,22,1,0
BRDA:362,23,0,0
BRDA:362,23,1,0
BRDA:362,23,2,0
BRDA:409,24,0,0
BRDA:409,24,1,0
BRDA:412,25,0,0
BRDA:412,25,1,0
BRDA:425,26,0,0
BRDA:425,26,1,0
BRDA:426,27,0,0
BRDA:426,27,1,0
BRDA:467,28,0,0
BRDA:467,28,1,0
BRDA:474,29,0,0
BRDA:474,29,1,0
BRDA:477,30,0,0
BRDA:477,30,1,0
BRDA:478,31,0,0
BRDA:478,31,1,0
BRDA:501,32,0,0
BRDA:501,32,1,0
BRDA:501,33,0,0
BRDA:501,33,1,0
BRDA:508,34,0,0
BRDA:508,34,1,0
BRDA:515,35,0,0
BRDA:515,35,1,0
BRDA:527,36,0,0
BRDA:527,36,1,0
BRDA:572,37,0,0
BRDA:572,37,1,0
BRDA:572,37,2,0
BRDA:574,38,0,0
BRDA:574,38,1,0
BRDA:581,39,0,0
BRDA:581,39,1,0
BRDA:613,40,0,0
BRDA:613,40,1,0
BRDA:613,41,0,0
BRDA:613,41,1,0
BRDA:626,42,0,0
BRDA:626,42,1,0
BRDA:627,43,0,0
BRDA:627,43,1,0
BRDA:663,44,0,0
BRDA:663,44,1,0
BRDA:674,45,0,0
BRDA:674,45,1,0
BRDA:677,46,0,0
BRDA:677,46,1,0
BRDA:677,47,0,0
BRDA:677,47,1,0
BRDA:693,48,0,0
BRDA:693,48,1,0
BRDA:694,49,0,0
BRDA:694,49,1,0
BRDA:725,50,0,0
BRDA:725,50,1,0
BRDA:725,51,0,0
BRDA:725,51,1,0
BRDA:746,52,0,0
BRDA:746,52,1,0
BRDA:747,53,0,0
BRDA:747,53,1,0
BRDA:800,54,0,0
BRDA:800,54,1,0
BRDA:803,55,0,0
BRDA:803,55,1,0
BRDA:803,56,0,0
BRDA:803,56,1,0
BRDA:820,57,0,0
BRDA:820,57,1,0
BRDA:853,58,0,0
BRDA:853,58,1,0
BRDA:869,59,0,0
BRDA:869,59,1,0
BRDA:903,60,0,0
BRDA:903,60,1,0
BRDA:904,61,0,0
BRDA:904,61,1,0
BRDA:921,62,0,0
BRDA:921,62,1,0
BRDA:939,63,0,0
BRDA:939,63,1,0
BRDA:958,64,0,0
BRDA:958,64,1,0
BRDA:960,65,0,0
BRDA:960,65,1,0
BRDA:973,66,0,0
BRDA:973,66,1,0
BRDA:1009,67,0,0
BRDA:1009,67,1,0
BRDA:1009,68,0,0
BRDA:1009,68,1,0
BRDA:1010,69,0,0
BRDA:1010,69,1,0
BRDA:1043,70,0,0
BRDA:1043,70,1,0
BRDA:1044,71,0,0
BRDA:1044,71,1,0
BRDA:1076,72,0,0
BRDA:1076,72,1,0
BRDA:1112,73,0,0
BRDA:1112,73,1,0
BRDA:1128,74,0,0
BRDA:1128,74,1,0
BRDA:1176,75,0,0
BRDA:1176,75,1,0
BRDA:1178,76,0,0
BRDA:1178,76,1,0
BRDA:1178,77,0,0
BRDA:1178,77,1,0
BRDA:1178,77,2,0
BRDA:1324,78,0,0
BRDA:1324,78,1,0
BRDA:1477,79,0,0
BRDA:1477,79,1,0
BRDA:1488,80,0,0
BRDA:1488,80,1,0
BRDA:1511,81,0,0
BRDA:1511,81,1,0
BRDA:1534,82,0,0
BRDA:1534,82,1,0
BRDA:1534,83,0,0
BRDA:1534,83,1,0
BRDA:1541,84,0,0
BRDA:1541,84,1,0
BRDA:1542,85,0,0
BRDA:1542,85,1,0
BRDA:1544,86,0,0
BRDA:1544,86,1,0
BRDA:1544,87,0,0
BRDA:1544,87,1,0
BRDA:1551,88,0,0
BRDA:1551,88,1,0
BRDA:1558,89,0,0
BRDA:1558,89,1,0
BRDA:1578,90,0,0
BRDA:1578,90,1,0
BRDA:1622,91,0,0
BRDA:1622,91,1,0
BRDA:1627,92,0,0
BRDA:1627,92,1,0
BRDA:1631,93,0,0
BRDA:1631,93,1,0
BRDA:1636,94,0,0
BRDA:1636,94,1,0
BRDA:1639,95,0,0
BRDA:1639,95,1,0
BRDA:1641,96,0,0
BRDA:1641,96,1,0
BRDA:1642,97,0,0
BRDA:1642,97,1,0
BRDA:1653,98,0,0
BRDA:1653,98,1,0
BRDA:1653,99,0,0
BRDA:1653,99,1,0
BRDA:1658,100,0,0
BRDA:1658,100,1,0
BRDA:1662,101,0,0
BRDA:1662,101,1,0
BRDA:1668,102,0,0
BRDA:1668,102,1,0
BRDA:1672,103,0,0
BRDA:1672,103,1,0
BRDA:1676,104,0,0
BRDA:1676,104,1,0
BRDA:1689,105,0,0
BRDA:1689,105,1,0
BRDA:1693,106,0,0
BRDA:1693,106,1,0
BRDA:1705,107,0,0
BRDA:1705,107,1,0
BRDA:1705,108,0,0
BRDA:1705,108,1,0
BRDA:1729,109,0,0
BRDA:1729,109,1,0
BRDA:1766,110,0,0
BRDA:1766,110,1,0
BRDA:1805,111,0,0
BRDA:1805,111,1,0
BRDA:1833,112,0,0
BRDA:1833,112,1,0
BRDA:1854,113,0,0
BRDA:1854,113,1,0
BRDA:1891,114,0,0
BRDA:1891,114,1,0
BRDA:1895,115,0,0
BRDA:1895,115,1,0
BRDA:1899,116,0,0
BRDA:1899,116,1,0
BRDA:1927,117,0,0
BRDA:1927,117,1,0
BRDA:1929,118,0,0
BRDA:1929,118,1,0
BRDA:1934,119,0,0
BRDA:1934,119,1,0
BRDA:1934,120,0,0
BRDA:1934,120,1,0
BRDA:1938,121,0,0
BRDA:1938,121,1,0
BRDA:1942,122,0,0
BRDA:1942,122,1,0
BRDA:1951,123,0,0
BRDA:1951,123,1,0
BRDA:1975,124,0,0
BRDA:1975,124,1,0
BRDA:2006,125,0,0
BRDA:2006,125,1,0
BRDA:2007,126,0,0
BRDA:2007,126,1,0
BRDA:2009,127,0,0
BRDA:2009,127,1,0
BRDA:2009,128,0,0
BRDA:2009,128,1,0
BRDA:2038,129,0,0
BRDA:2038,129,1,0
BRDA:2116,130,0,0
BRDA:2116,130,1,0
BRDA:2125,131,0,0
BRDA:2125,131,1,0
BRDA:2161,132,0,0
BRDA:2161,132,1,0
BRDA:2195,133,0,0
BRDA:2195,133,1,0
BRDA:2238,134,0,0
BRDA:2238,134,1,0
BRDA:2239,135,0,0
BRDA:2239,135,1,0
BRDA:2249,136,0,0
BRDA:2249,136,1,0
BRDA:2250,137,0,0
BRDA:2250,137,1,0
BRDA:2282,138,0,0
BRDA:2282,138,1,0
BRDA:2283,139,0,0
BRDA:2283,139,1,0
BRDA:2312,140,0,0
BRDA:2312,140,1,0
BRDA:2313,141,0,0
BRDA:2313,141,1,0
BRDA:2355,142,0,0
BRDA:2355,142,1,0
BRDA:2355,143,0,0
BRDA:2355,143,1,0
BRDA:2359,144,0,0
BRDA:2359,144,1,0
BRDA:2359,145,0,0
BRDA:2359,145,1,0
BRDA:2370,146,0,0
BRDA:2370,146,1,0
BRDA:43,147,0,0
BRDA:43,147,1,0
BRDA:43,148,0,0
BRDA:43,148,1,0
BRDA:567,149,0,0
BRDA:567,149,1,0
BRDA:567,150,0,0
BRDA:567,150,1,0
BRDA:607,151,0,0
BRDA:607,151,1,0
BRDA:607,152,0,0
BRDA:607,152,1,0
BRDA:670,153,0,0
BRDA:670,153,1,0
BRDA:670,154,0,0
BRDA:670,154,1,0
BRDA:718,155,0,0
BRDA:718,155,1,0
BRDA:718,156,0,0
BRDA:718,156,1,0
BRDA:796,157,0,0
BRDA:796,157,1,0
BRDA:796,158,0,0
BRDA:796,158,1,0
BRDA:849,159,0,0
BRDA:849,159,1,0
BRDA:849,160,0,0
BRDA:849,160,1,0
BRDA:865,161,0,0
BRDA:865,161,1,0
BRDA:865,162,0,0
BRDA:865,162,1,0
BRDA:885,163,0,0
BRDA:885,163,1,0
BRDA:885,164,0,0
BRDA:885,164,1,0
BRDA:1519,165,0,0
BRDA:1519,165,1,0
BRDA:1519,166,0,0
BRDA:1519,166,1,0
BRDA:1719,167,0,0
BRDA:1719,167,1,0
BRDA:1719,168,0,0
BRDA:1719,168,1,0
BRDA:1799,169,0,0
BRDA:1799,169,1,0
BRDA:1799,170,0,0
BRDA:1799,170,1,0
BRDA:1828,171,0,0
BRDA:1828,171,1,0
BRDA:1828,172,0,0
BRDA:1828,172,1,0
BRDA:2157,173,0,0
BRDA:2157,173,1,0
BRDA:2157,174,0,0
BRDA:2157,174,1,0
BRDA:2191,175,0,0
BRDA:2191,175,1,0
BRDA:2191,176,0,0
BRDA:2191,176,1,0
BRDA:2224,177,0,0
BRDA:2224,177,1,0
BRDA:2224,178,0,0
BRDA:2224,178,1,0
BRDA:2270,179,0,0
BRDA:2270,179,1,0
BRDA:2270,180,0,0
BRDA:2270,180,1,0
BRDA:2301,181,0,0
BRDA:2301,181,1,0
BRDA:2301,182,0,0
BRDA:2301,182,1,0
BRDA:2345,183,0,0
BRDA:2345,183,1,0
BRDA:2345,184,0,0
BRDA:2345,184,1,0
BRDA:58,185,0,0
BRDA:58,185,1,0
BRDA:58,186,0,0
BRDA:58,186,1,0
BRDA:58,187,0,0
BRDA:58,187,1,0
BRDA:58,188,0,0
BRDA:58,188,1,0
BRDA:59,189,0,0
BRDA:59,189,1,0
BRDA:59,190,0,0
BRDA:59,190,1,0
BRDA:60,191,0,0
BRDA:60,191,1,0
BRDA:60,192,0,0
BRDA:60,192,1,0
BRDA:62,193,0,0
BRDA:62,193,1,0
BRDA:62,194,0,0
BRDA:62,194,1,0
BRDA:63,195,0,0
BRDA:63,195,1,0
BRDA:63,196,0,0
BRDA:63,196,1,0
BRDA:64,197,0,0
BRDA:64,197,1,0
BRDA:64,198,0,0
BRDA:64,198,1,0
BRDA:65,199,0,0
BRDA:65,199,1,0
BRDA:65,200,0,0
BRDA:65,200,1,0
BRF:404
BRH:0
end_of_record
TN:
SF:src\socket\socket.module.ts
FN:19,(anonymous_1)
FN:22,(anonymous_2)
FNF:2
FNH:0
FNDA:0,(anonymous_1)
FNDA:0,(anonymous_2)
DA:1,0
DA:3,0
DA:5,0
DA:6,0
DA:8,0
DA:10,0
DA:11,0
DA:12,0
DA:13,0
DA:14,0
DA:19,0
DA:22,0
DA:32,0
LF:13
LH:0
BRF:0
BRH:0
end_of_record
TN:
SF:src\transactions\transactions.controller.ts
FN:12,(anonymous_4)
FN:18,(anonymous_5)
FNF:2
FNH:0
FNDA:0,(anonymous_4)
FNDA:0,(anonymous_5)
DA:1,0
DA:7,0
DA:10,0
DA:13,0
DA:18,0
DA:22,0
LF:6
LH:0
BRDA:14,0,0,0
BRDA:14,0,1,0
BRDA:14,1,0,0
BRDA:14,1,1,0
BRF:4
BRH:0
end_of_record
TN:
SF:src\transactions\transactions.module.ts
FNF:0
FNH:0
DA:1,0
DA:3,0
DA:6,0
DA:18,0
LF:4
LH:0
BRF:0
BRH:0
end_of_record
TN:
SF:src\transactions\transactions.service.ts
FN:6,(anonymous_1)
FNF:1
FNH:0
FNDA:0,(anonymous_1)
DA:1,0
DA:4,0
DA:13,0
LF:3
LH:0
BRF:0
BRH:0
end_of_record
TN:
SF:src\users\users-feed.controller.ts
FN:6,(anonymous_4)
FN:9,(anonymous_5)
FN:11,(anonymous_6)
FN:15,(anonymous_7)
FN:21,(anonymous_8)
FNF:5
FNH:0
FNDA:0,(anonymous_4)
FNDA:0,(anonymous_5)
FNDA:0,(anonymous_6)
FNDA:0,(anonymous_7)
FNDA:0,(anonymous_8)
DA:1,0
DA:2,0
DA:5,0
DA:6,0
DA:9,0
DA:10,0
DA:11,0
DA:15,0
DA:16,0
DA:17,0
DA:18,0
DA:22,0
DA:24,0
DA:26,0
DA:27,0
DA:29,0
LF:16
LH:0
BRDA:22,0,0,0
BRDA:22,0,1,0
BRDA:26,1,0,0
BRDA:26,1,1,0
BRDA:6,2,0,0
BRDA:6,2,1,0
BRDA:6,3,0,0
BRDA:6,3,1,0
BRF:8
BRH:0
end_of_record
TN:
SF:src\users\users.controller.ts
FN:17,(anonymous_4)
FN:22,(anonymous_5)
FN:36,(anonymous_6)
FN:108,(anonymous_7)
FN:113,(anonymous_8)
FN:115,(anonymous_9)
FN:124,(anonymous_10)
FN:180,(anonymous_11)
FN:207,(anonymous_12)
FN:266,(anonymous_13)
FNF:10
FNH:0
FNDA:0,(anonymous_4)
FNDA:0,(anonymous_5)
FNDA:0,(anonymous_6)
FNDA:0,(anonymous_7)
FNDA:0,(anonymous_8)
FNDA:0,(anonymous_9)
FNDA:0,(anonymous_10)
FNDA:0,(anonymous_11)
FNDA:0,(anonymous_12)
FNDA:0,(anonymous_13)
DA:1,0
DA:11,0
DA:14,0
DA:15,0
DA:18,0
DA:22,0
DA:26,0
DA:30,0
DA:36,0
DA:41,0
DA:43,0
DA:44,0
DA:50,0
DA:65,0
DA:66,0
DA:69,0
DA:70,0
DA:71,0
DA:77,0
DA:78,0
DA:79,0
DA:80,0
DA:83,0
DA:84,0
DA:88,0
DA:91,0
DA:96,0
DA:108,0
DA:109,0
DA:113,0
DA:114,0
DA:115,0
DA:124,0
DA:129,0
DA:135,0
DA:143,0
DA:146,0
DA:151,0
DA:160,0
DA:164,0
DA:166,0
DA:174,0
DA:180,0
DA:185,0
DA:187,0
DA:188,0
DA:194,0
DA:195,0
DA:197,0
DA:200,0
DA:207,0
DA:210,0
DA:216,0
DA:220,0
DA:229,0
DA:232,0
DA:236,0
DA:241,0
DA:249,0
DA:253,0
DA:254,0
DA:261,0
DA:269,0
DA:270,0
DA:273,0
DA:278,0
DA:279,0
DA:284,0
DA:287,0
DA:290,0
DA:294,0
DA:297,0
DA:305,0
DA:308,0
DA:312,0
DA:314,0
LF:76
LH:0
BRDA:43,0,0,0
BRDA:43,0,1,0
BRDA:51,1,0,0
BRDA:51,1,1,0
BRDA:65,2,0,0
BRDA:65,2,1,0
BRDA:69,3,0,0
BRDA:69,3,1,0
BRDA:77,4,0,0
BRDA:77,4,1,0
BRDA:79,5,0,0
BRDA:79,5,1,0
BRDA:83,6,0,0
BRDA:83,6,1,0
BRDA:129,7,0,0
BRDA:129,7,1,0
BRDA:130,8,0,0
BRDA:130,8,1,0
BRDA:130,8,2,0
BRDA:146,9,0,0
BRDA:146,9,1,0
BRDA:147,10,0,0
BRDA:147,10,1,0
BRDA:164,11,0,0
BRDA:164,11,1,0
BRDA:185,12,0,0
BRDA:185,12,1,0
BRDA:187,13,0,0
BRDA:187,13,1,0
BRDA:194,14,0,0
BRDA:194,14,1,0
BRDA:210,15,0,0
BRDA:210,15,1,0
BRDA:211,16,0,0
BRDA:211,16,1,0
BRDA:211,16,2,0
BRDA:232,17,0,0
BRDA:232,17,1,0
BRDA:233,18,0,0
BRDA:233,18,1,0
BRDA:253,19,0,0
BRDA:253,19,1,0
BRDA:269,20,0,0
BRDA:269,20,1,0
BRDA:278,21,0,0
BRDA:278,21,1,0
BRDA:297,22,0,0
BRDA:297,22,1,0
BRDA:298,23,0,0
BRDA:298,23,1,0
BRDA:298,23,2,0
BRDA:18,24,0,0
BRDA:18,24,1,0
BRDA:18,25,0,0
BRDA:18,25,1,0
BRF:55
BRH:0
end_of_record
TN:
SF:src\users\users.entity.ts
FN:10,(anonymous_2)
FNF:1
FNH:1
FNDA:1,(anonymous_2)
DA:1,1
DA:10,1
DA:11,1
DA:12,1
DA:13,1
DA:14,1
DA:18,1
DA:21,1
DA:31,1
DA:37,1
DA:42,1
DA:47,1
DA:56,1
DA:62,1
DA:68,1
DA:74,1
DA:80,1
DA:86,1
DA:92,1
DA:97,1
DA:107,1
DA:113,1
DA:118,1
DA:123,1
DA:128,1
DA:137,1
DA:142,1
DA:148,1
DA:153,1
DA:158,1
DA:163,1
DA:175,1
DA:180,1
DA:191,1
DA:200,1
DA:205,1
DA:210,1
DA:215,1
DA:225,1
DA:232,1
DA:235,1
LF:41
LH:41
BRDA:10,0,0,1
BRDA:10,0,1,1
BRDA:74,1,0,1
BRDA:74,1,1,0
BRDA:74,2,0,1
BRDA:74,2,1,1
BRDA:225,3,0,1
BRDA:225,3,1,0
BRDA:225,4,0,1
BRDA:225,4,1,1
BRDA:232,5,0,1
BRDA:232,5,1,0
BRDA:232,6,0,1
BRDA:232,6,1,1
BRDA:235,7,0,1
BRDA:235,7,1,0
BRDA:235,8,0,1
BRDA:235,8,1,1
BRF:18
BRH:14
end_of_record
TN:
SF:src\users\users.module.ts
FNF:0
FNH:0
DA:1,0
DA:2,0
DA:3,0
DA:4,0
DA:5,0
DA:6,0
DA:14,0
LF:7
LH:0
BRF:0
BRH:0
end_of_record
TN:
SF:src\users\users.service.ts
FN:18,(anonymous_4)
FN:31,(anonymous_5)
FN:44,(anonymous_6)
FN:61,(anonymous_7)
FN:106,(anonymous_8)
FN:122,(anonymous_9)
FN:232,(anonymous_10)
FN:269,(anonymous_11)
FN:338,(anonymous_12)
FN:417,(anonymous_13)
FN:476,(anonymous_14)
FN:479,(anonymous_15)
FN:514,(anonymous_16)
FN:539,(anonymous_17)
FN:651,(anonymous_18)
FN:693,(anonymous_19)
FN:718,(anonymous_20)
FNF:17
FNH:0
FNDA:0,(anonymous_4)
FNDA:0,(anonymous_5)
FNDA:0,(anonymous_6)
FNDA:0,(anonymous_7)
FNDA:0,(anonymous_8)
FNDA:0,(anonymous_9)
FNDA:0,(anonymous_10)
FNDA:0,(anonymous_11)
FNDA:0,(anonymous_12)
FNDA:0,(anonymous_13)
FNDA:0,(anonymous_14)
FNDA:0,(anonymous_15)
FNDA:0,(anonymous_16)
FNDA:0,(anonymous_17)
FNDA:0,(anonymous_18)
FNDA:0,(anonymous_19)
FNDA:0,(anonymous_20)
DA:1,1
DA:3,1
DA:5,1
DA:10,1
DA:12,1
DA:16,1
DA:21,0
DA:23,0
DA:35,0
DA:48,0
DA:65,0
DA:71,0
DA:76,0
DA:80,0
DA:82,0
DA:87,0
DA:92,0
DA:95,0
DA:111,0
DA:113,0
DA:128,0
DA:130,0
DA:135,0
DA:140,0
DA:146,0
DA:150,0
DA:152,0
DA:161,0
DA:164,0
DA:169,0
DA:172,0
DA:176,0
DA:179,0
DA:187,0
DA:191,0
DA:193,0
DA:198,0
DA:205,0
DA:210,0
DA:218,0
DA:223,0
DA:238,0
DA:242,0
DA:244,0
DA:250,0
DA:255,0
DA:262,0
DA:274,0
DA:278,0
DA:279,0
DA:283,0
DA:286,0
DA:292,0
DA:297,0
DA:303,0
DA:308,0
DA:315,0
DA:324,0
DA:328,0
DA:343,0
DA:347,0
DA:348,0
DA:352,0
DA:355,0
DA:361,0
DA:366,0
DA:371,0
DA:377,0
DA:382,0
DA:387,0
DA:394,0
DA:403,0
DA:407,0
DA:420,0
DA:424,0
DA:433,0
DA:438,0
DA:442,0
DA:474,0
DA:476,0
DA:480,0
DA:484,0
DA:515,0
DA:544,0
DA:548,0
DA:550,0
DA:555,0
DA:557,0
DA:562,0
DA:564,0
DA:570,0
DA:574,0
DA:580,0
DA:585,0
DA:589,0
DA:591,0
DA:594,0
DA:598,0
DA:603,0
DA:607,0
DA:608,0
DA:613,0
DA:617,0
DA:618,0
DA:621,0
DA:626,0
DA:630,0
DA:635,0
DA:642,0
DA:656,0
DA:661,0
DA:666,0
DA:669,0
DA:694,0
DA:695,0
DA:696,0
DA:698,0
DA:699,0
DA:700,0
DA:701,0
DA:704,0
DA:708,0
DA:709,0
DA:719,0
DA:720,0
DA:721,0
DA:723,0
DA:724,0
DA:725,0
DA:730,0
DA:731,0
LF:131
LH:6
BRDA:65,0,0,0
BRDA:65,0,1,0
BRDA:66,1,0,0
BRDA:66,1,1,0
BRDA:66,1,2,0
BRDA:82,2,0,0
BRDA:82,2,1,0
BRDA:83,3,0,0
BRDA:83,3,1,0
BRDA:135,4,0,0
BRDA:135,4,1,0
BRDA:136,5,0,0
BRDA:136,5,1,0
BRDA:150,6,0,0
BRDA:150,6,1,0
BRDA:161,7,0,0
BRDA:161,7,1,0
BRDA:179,8,0,0
BRDA:179,8,1,0
BRDA:180,9,0,0
BRDA:180,9,1,0
BRDA:180,9,2,0
BRDA:191,10,0,0
BRDA:191,10,1,0
BRDA:205,11,0,0
BRDA:205,11,1,0
BRDA:206,12,0,0
BRDA:206,12,1,0
BRDA:211,13,0,0
BRDA:211,13,1,0
BRDA:242,14,0,0
BRDA:242,14,1,0
BRDA:252,15,0,0
BRDA:252,15,1,0
BRDA:278,16,0,0
BRDA:278,16,1,0
BRDA:292,17,0,0
BRDA:292,17,1,0
BRDA:303,18,0,0
BRDA:303,18,1,0
BRDA:347,19,0,0
BRDA:347,19,1,0
BRDA:361,20,0,0
BRDA:361,20,1,0
BRDA:377,21,0,0
BRDA:377,21,1,0
BRDA:433,22,0,0
BRDA:433,22,1,0
BRDA:434,23,0,0
BRDA:434,23,1,0
BRDA:480,24,0,0
BRDA:480,24,1,0
BRDA:548,25,0,0
BRDA:548,25,1,0
BRDA:555,26,0,0
BRDA:555,26,1,0
BRDA:564,27,0,0
BRDA:564,27,1,0
BRDA:574,28,0,0
BRDA:574,28,1,0
BRDA:594,29,0,0
BRDA:594,29,1,0
BRDA:607,30,0,0
BRDA:607,30,1,0
BRDA:617,31,0,0
BRDA:617,31,1,0
BRDA:626,32,0,0
BRDA:626,32,1,0
BRDA:656,33,0,0
BRDA:656,33,1,0
BRDA:657,34,0,0
BRDA:657,34,1,0
BRDA:695,35,0,0
BRDA:695,35,1,0
BRDA:700,36,0,0
BRDA:700,36,1,0
BRDA:720,37,0,0
BRDA:720,37,1,0
BRDA:724,38,0,0
BRDA:724,38,1,0
BRDA:21,39,0,1
BRDA:21,39,1,0
BRDA:21,40,0,1
BRDA:21,40,1,1
BRDA:21,41,0,1
BRDA:21,41,1,0
BRDA:21,42,0,1
BRDA:21,42,1,1
BRF:88
BRH:6
end_of_record
